[2024-07-08T08:58:02.870+0000] {local_task_job_runner.py:120} INFO - ::group::Pre task execution logs
[2024-07-08T08:58:02.893+0000] {taskinstance.py:2076} INFO - Dependencies all met for dep_context=non-requeueable deps ti=<TaskInstance: DAG_9.print_hello scheduled__2024-07-08T08:57:00+00:00 [queued]>
[2024-07-08T08:58:02.901+0000] {taskinstance.py:2076} INFO - Dependencies all met for dep_context=requeueable deps ti=<TaskInstance: DAG_9.print_hello scheduled__2024-07-08T08:57:00+00:00 [queued]>
[2024-07-08T08:58:02.901+0000] {taskinstance.py:2306} INFO - Starting attempt 1 of 2
[2024-07-08T08:58:02.916+0000] {taskinstance.py:2330} INFO - Executing <Task(PythonOperator): print_hello> on 2024-07-08 08:57:00+00:00
[2024-07-08T08:58:02.928+0000] {warnings.py:112} WARNING - /home/***/.local/lib/python3.12/site-packages/***/task/task_runner/standard_task_runner.py:61: DeprecationWarning: This process (pid=765) is multi-threaded, use of fork() may lead to deadlocks in the child.
  pid = os.fork()

[2024-07-08T08:58:02.929+0000] {standard_task_runner.py:63} INFO - Started process 767 to run task
[2024-07-08T08:58:02.929+0000] {standard_task_runner.py:90} INFO - Running: ['***', 'tasks', 'run', 'DAG_9', 'print_hello', 'scheduled__2024-07-08T08:57:00+00:00', '--job-id', '19', '--raw', '--subdir', 'DAGS_FOLDER/dag9.py', '--cfg-path', '/tmp/tmp31ui6x6x']
[2024-07-08T08:58:02.931+0000] {standard_task_runner.py:91} INFO - Job 19: Subtask print_hello
[2024-07-08T08:58:02.976+0000] {task_command.py:426} INFO - Running <TaskInstance: DAG_9.print_hello scheduled__2024-07-08T08:57:00+00:00 [running]> on host 0ffcb94bda06
[2024-07-08T08:58:03.061+0000] {taskinstance.py:2648} INFO - Exporting env vars: AIRFLOW_CTX_DAG_OWNER='***' AIRFLOW_CTX_DAG_ID='DAG_9' AIRFLOW_CTX_TASK_ID='print_hello' AIRFLOW_CTX_EXECUTION_DATE='2024-07-08T08:57:00+00:00' AIRFLOW_CTX_TRY_NUMBER='1' AIRFLOW_CTX_DAG_RUN_ID='scheduled__2024-07-08T08:57:00+00:00'
[2024-07-08T08:58:03.062+0000] {taskinstance.py:430} INFO - ::endgroup::
[2024-07-08T08:58:03.063+0000] {logging_mixin.py:188} INFO - Hello, World! Its the 9th DAG
[2024-07-08T08:58:03.063+0000] {python.py:237} INFO - Done. Returned value was: None
[2024-07-08T08:58:03.064+0000] {taskinstance.py:441} INFO - ::group::Post task execution logs
[2024-07-08T08:58:03.072+0000] {taskinstance.py:1206} INFO - Marking task as SUCCESS. dag_id=DAG_9, task_id=print_hello, run_id=scheduled__2024-07-08T08:57:00+00:00, execution_date=20240708T085700, start_date=20240708T085802, end_date=20240708T085803
[2024-07-08T08:58:03.104+0000] {local_task_job_runner.py:240} INFO - Task exited with return code 0
[2024-07-08T08:58:03.118+0000] {taskinstance.py:3503} INFO - 0 downstream tasks scheduled from follow-on schedule check
[2024-07-08T08:58:03.121+0000] {local_task_job_runner.py:222} INFO - ::endgroup::
