[2024-07-08T09:11:25.714+0000] {local_task_job_runner.py:120} INFO - ::group::Pre task execution logs
[2024-07-08T09:11:25.739+0000] {taskinstance.py:2076} INFO - Dependencies all met for dep_context=non-requeueable deps ti=<TaskInstance: dag_coount.print_hello manual__2024-07-08T09:11:23.919919+00:00 [queued]>
[2024-07-08T09:11:25.745+0000] {taskinstance.py:2076} INFO - Dependencies all met for dep_context=requeueable deps ti=<TaskInstance: dag_coount.print_hello manual__2024-07-08T09:11:23.919919+00:00 [queued]>
[2024-07-08T09:11:25.746+0000] {taskinstance.py:2306} INFO - Starting attempt 1 of 2
[2024-07-08T09:11:25.759+0000] {taskinstance.py:2330} INFO - Executing <Task(PythonOperator): print_hello> on 2024-07-08 09:11:23.919919+00:00
[2024-07-08T09:11:25.778+0000] {warnings.py:112} WARNING - /home/***/.local/lib/python3.12/site-packages/***/task/task_runner/standard_task_runner.py:61: DeprecationWarning: This process (pid=1007) is multi-threaded, use of fork() may lead to deadlocks in the child.
  pid = os.fork()

[2024-07-08T09:11:25.779+0000] {standard_task_runner.py:63} INFO - Started process 1009 to run task
[2024-07-08T09:11:25.778+0000] {standard_task_runner.py:90} INFO - Running: ['***', 'tasks', 'run', 'dag_coount', 'print_hello', 'manual__2024-07-08T09:11:23.919919+00:00', '--job-id', '45', '--raw', '--subdir', 'DAGS_FOLDER/master_bracnh.py', '--cfg-path', '/tmp/tmpum1dv8v9']
[2024-07-08T09:11:25.780+0000] {standard_task_runner.py:91} INFO - Job 45: Subtask print_hello
[2024-07-08T09:11:25.820+0000] {task_command.py:426} INFO - Running <TaskInstance: dag_coount.print_hello manual__2024-07-08T09:11:23.919919+00:00 [running]> on host 0ffcb94bda06
[2024-07-08T09:11:25.912+0000] {taskinstance.py:2648} INFO - Exporting env vars: AIRFLOW_CTX_DAG_OWNER='***' AIRFLOW_CTX_DAG_ID='dag_coount' AIRFLOW_CTX_TASK_ID='print_hello' AIRFLOW_CTX_EXECUTION_DATE='2024-07-08T09:11:23.919919+00:00' AIRFLOW_CTX_TRY_NUMBER='1' AIRFLOW_CTX_DAG_RUN_ID='manual__2024-07-08T09:11:23.919919+00:00'
[2024-07-08T09:11:25.913+0000] {taskinstance.py:430} INFO - ::endgroup::
[2024-07-08T09:11:25.926+0000] {logging_mixin.py:188} INFO - The DAG DAG_7 was triggered 1 times today.
[2024-07-08T09:11:25.936+0000] {python.py:237} INFO - Done. Returned value was: None
[2024-07-08T09:11:25.937+0000] {taskinstance.py:441} INFO - ::group::Post task execution logs
[2024-07-08T09:11:25.951+0000] {taskinstance.py:1206} INFO - Marking task as SUCCESS. dag_id=dag_coount, task_id=print_hello, run_id=manual__2024-07-08T09:11:23.919919+00:00, execution_date=20240708T091123, start_date=20240708T091125, end_date=20240708T091125
[2024-07-08T09:11:25.993+0000] {local_task_job_runner.py:240} INFO - Task exited with return code 0
[2024-07-08T09:11:26.010+0000] {taskinstance.py:3503} INFO - 0 downstream tasks scheduled from follow-on schedule check
[2024-07-08T09:11:26.012+0000] {local_task_job_runner.py:222} INFO - ::endgroup::
