[2024-07-08T09:10:08.449+0000] {local_task_job_runner.py:120} INFO - ::group::Pre task execution logs
[2024-07-08T09:10:08.467+0000] {taskinstance.py:2076} INFO - Dependencies all met for dep_context=non-requeueable deps ti=<TaskInstance: DAG_7.print_hello manual__2024-07-08T09:10:05.412533+00:00 [queued]>
[2024-07-08T09:10:08.473+0000] {taskinstance.py:2076} INFO - Dependencies all met for dep_context=requeueable deps ti=<TaskInstance: DAG_7.print_hello manual__2024-07-08T09:10:05.412533+00:00 [queued]>
[2024-07-08T09:10:08.474+0000] {taskinstance.py:2306} INFO - Starting attempt 1 of 2
[2024-07-08T09:10:08.485+0000] {taskinstance.py:2330} INFO - Executing <Task(BashOperator): print_hello> on 2024-07-08 09:10:05.412533+00:00
[2024-07-08T09:10:08.492+0000] {warnings.py:112} WARNING - /home/***/.local/lib/python3.12/site-packages/***/task/task_runner/standard_task_runner.py:61: DeprecationWarning: This process (pid=984) is multi-threaded, use of fork() may lead to deadlocks in the child.
  pid = os.fork()

[2024-07-08T09:10:08.493+0000] {standard_task_runner.py:63} INFO - Started process 986 to run task
[2024-07-08T09:10:08.494+0000] {standard_task_runner.py:90} INFO - Running: ['***', 'tasks', 'run', 'DAG_7', 'print_hello', 'manual__2024-07-08T09:10:05.412533+00:00', '--job-id', '43', '--raw', '--subdir', 'DAGS_FOLDER/dag7.py', '--cfg-path', '/tmp/tmppugbijnl']
[2024-07-08T09:10:08.496+0000] {standard_task_runner.py:91} INFO - Job 43: Subtask print_hello
[2024-07-08T09:10:08.532+0000] {task_command.py:426} INFO - Running <TaskInstance: DAG_7.print_hello manual__2024-07-08T09:10:05.412533+00:00 [running]> on host 0ffcb94bda06
[2024-07-08T09:10:08.585+0000] {taskinstance.py:2648} INFO - Exporting env vars: AIRFLOW_CTX_DAG_OWNER='***' AIRFLOW_CTX_DAG_ID='DAG_7' AIRFLOW_CTX_TASK_ID='print_hello' AIRFLOW_CTX_EXECUTION_DATE='2024-07-08T09:10:05.412533+00:00' AIRFLOW_CTX_TRY_NUMBER='1' AIRFLOW_CTX_DAG_RUN_ID='manual__2024-07-08T09:10:05.412533+00:00'
[2024-07-08T09:10:08.587+0000] {taskinstance.py:430} INFO - ::endgroup::
[2024-07-08T09:10:08.593+0000] {subprocess.py:63} INFO - Tmp dir root location: /tmp
[2024-07-08T09:10:08.594+0000] {subprocess.py:75} INFO - Running command: ['/usr/bin/bash', '-c', 'sleep 30']
[2024-07-08T09:10:08.607+0000] {subprocess.py:86} INFO - Output:
[2024-07-08T09:10:39.198+0000] {subprocess.py:97} INFO - Command exited with return code 0
[2024-07-08T09:10:43.171+0000] {taskinstance.py:441} INFO - ::group::Post task execution logs
[2024-07-08T09:10:48.770+0000] {taskinstance.py:1206} INFO - Marking task as SUCCESS. dag_id=DAG_7, task_id=print_hello, run_id=manual__2024-07-08T09:10:05.412533+00:00, execution_date=20240708T091005, start_date=20240708T091008, end_date=20240708T091048
[2024-07-08T09:10:48.869+0000] {local_task_job_runner.py:240} INFO - Task exited with return code 0
[2024-07-08T09:10:48.902+0000] {taskinstance.py:3503} INFO - 0 downstream tasks scheduled from follow-on schedule check
[2024-07-08T09:10:48.904+0000] {local_task_job_runner.py:222} INFO - ::endgroup::
