[2024-07-08T09:04:02.566+0000] {local_task_job_runner.py:120} INFO - ::group::Pre task execution logs
[2024-07-08T09:04:02.586+0000] {taskinstance.py:2076} INFO - Dependencies all met for dep_context=non-requeueable deps ti=<TaskInstance: DAG_9.print_hello scheduled__2024-07-08T09:03:00+00:00 [queued]>
[2024-07-08T09:04:02.592+0000] {taskinstance.py:2076} INFO - Dependencies all met for dep_context=requeueable deps ti=<TaskInstance: DAG_9.print_hello scheduled__2024-07-08T09:03:00+00:00 [queued]>
[2024-07-08T09:04:02.592+0000] {taskinstance.py:2306} INFO - Starting attempt 1 of 2
[2024-07-08T09:04:02.603+0000] {taskinstance.py:2330} INFO - Executing <Task(PythonOperator): print_hello> on 2024-07-08 09:03:00+00:00
[2024-07-08T09:04:02.609+0000] {warnings.py:112} WARNING - /home/***/.local/lib/python3.12/site-packages/***/task/task_runner/standard_task_runner.py:61: DeprecationWarning: This process (pid=874) is multi-threaded, use of fork() may lead to deadlocks in the child.
  pid = os.fork()

[2024-07-08T09:04:02.610+0000] {standard_task_runner.py:63} INFO - Started process 876 to run task
[2024-07-08T09:04:02.610+0000] {standard_task_runner.py:90} INFO - Running: ['***', 'tasks', 'run', 'DAG_9', 'print_hello', 'scheduled__2024-07-08T09:03:00+00:00', '--job-id', '32', '--raw', '--subdir', 'DAGS_FOLDER/dag9.py', '--cfg-path', '/tmp/tmpx95s1tel']
[2024-07-08T09:04:02.612+0000] {standard_task_runner.py:91} INFO - Job 32: Subtask print_hello
[2024-07-08T09:04:02.644+0000] {task_command.py:426} INFO - Running <TaskInstance: DAG_9.print_hello scheduled__2024-07-08T09:03:00+00:00 [running]> on host 0ffcb94bda06
[2024-07-08T09:04:02.706+0000] {taskinstance.py:2648} INFO - Exporting env vars: AIRFLOW_CTX_DAG_OWNER='***' AIRFLOW_CTX_DAG_ID='DAG_9' AIRFLOW_CTX_TASK_ID='print_hello' AIRFLOW_CTX_EXECUTION_DATE='2024-07-08T09:03:00+00:00' AIRFLOW_CTX_TRY_NUMBER='1' AIRFLOW_CTX_DAG_RUN_ID='scheduled__2024-07-08T09:03:00+00:00'
[2024-07-08T09:04:02.708+0000] {taskinstance.py:430} INFO - ::endgroup::
[2024-07-08T09:04:02.708+0000] {logging_mixin.py:188} INFO - Hello, World! Its the 9th DAG
[2024-07-08T09:04:02.709+0000] {python.py:237} INFO - Done. Returned value was: None
[2024-07-08T09:04:02.709+0000] {taskinstance.py:441} INFO - ::group::Post task execution logs
[2024-07-08T09:04:02.715+0000] {taskinstance.py:1206} INFO - Marking task as SUCCESS. dag_id=DAG_9, task_id=print_hello, run_id=scheduled__2024-07-08T09:03:00+00:00, execution_date=20240708T090300, start_date=20240708T090402, end_date=20240708T090402
[2024-07-08T09:04:02.744+0000] {local_task_job_runner.py:240} INFO - Task exited with return code 0
[2024-07-08T09:04:02.756+0000] {taskinstance.py:3503} INFO - 0 downstream tasks scheduled from follow-on schedule check
[2024-07-08T09:04:02.758+0000] {local_task_job_runner.py:222} INFO - ::endgroup::
