[2024-07-07T21:14:00.310+0000] {processor.py:161} INFO - Started process (PID=57) to work on /home/airflow/.local/lib/python3.12/site-packages/airflow/example_dags/example_xcomargs.py
[2024-07-07T21:14:00.310+0000] {processor.py:830} INFO - Processing file /home/airflow/.local/lib/python3.12/site-packages/airflow/example_dags/example_xcomargs.py for tasks to queue
[2024-07-07T21:14:00.312+0000] {logging_mixin.py:188} INFO - [2024-07-07T21:14:00.311+0000] {dagbag.py:545} INFO - Filling up the DagBag from /home/airflow/.local/lib/python3.12/site-packages/airflow/example_dags/example_xcomargs.py
[2024-07-07T21:14:00.320+0000] {processor.py:840} INFO - DAG(s) 'example_xcom_args', 'example_xcom_args_with_operators' retrieved from /home/airflow/.local/lib/python3.12/site-packages/airflow/example_dags/example_xcomargs.py
[2024-07-07T21:14:00.433+0000] {logging_mixin.py:188} INFO - [2024-07-07T21:14:00.433+0000] {override.py:1829} INFO - Created Permission View: can delete on DAG:example_xcom_args
[2024-07-07T21:14:00.447+0000] {logging_mixin.py:188} INFO - [2024-07-07T21:14:00.446+0000] {override.py:1829} INFO - Created Permission View: can read on DAG:example_xcom_args
[2024-07-07T21:14:00.459+0000] {logging_mixin.py:188} INFO - [2024-07-07T21:14:00.458+0000] {override.py:1829} INFO - Created Permission View: can edit on DAG:example_xcom_args
[2024-07-07T21:14:00.480+0000] {logging_mixin.py:188} INFO - [2024-07-07T21:14:00.479+0000] {override.py:1829} INFO - Created Permission View: can delete on DAG:example_xcom_args_with_operators
[2024-07-07T21:14:00.487+0000] {logging_mixin.py:188} INFO - [2024-07-07T21:14:00.487+0000] {override.py:1829} INFO - Created Permission View: can read on DAG:example_xcom_args_with_operators
[2024-07-07T21:14:00.498+0000] {logging_mixin.py:188} INFO - [2024-07-07T21:14:00.498+0000] {override.py:1829} INFO - Created Permission View: can edit on DAG:example_xcom_args_with_operators
[2024-07-07T21:14:00.499+0000] {logging_mixin.py:188} INFO - [2024-07-07T21:14:00.498+0000] {dag.py:3096} INFO - Sync 2 DAGs
[2024-07-07T21:14:00.512+0000] {logging_mixin.py:188} INFO - [2024-07-07T21:14:00.511+0000] {dag.py:3118} INFO - Creating ORM DAG for example_xcom_args_with_operators
[2024-07-07T21:14:00.513+0000] {logging_mixin.py:188} INFO - [2024-07-07T21:14:00.513+0000] {dag.py:3118} INFO - Creating ORM DAG for example_xcom_args
[2024-07-07T21:14:00.514+0000] {logging_mixin.py:188} INFO - [2024-07-07T21:14:00.514+0000] {dag.py:3954} INFO - Setting next_dagrun for example_xcom_args to None, run_after=None
[2024-07-07T21:14:00.514+0000] {logging_mixin.py:188} INFO - [2024-07-07T21:14:00.514+0000] {dag.py:3954} INFO - Setting next_dagrun for example_xcom_args_with_operators to None, run_after=None
[2024-07-07T21:14:00.534+0000] {processor.py:183} INFO - Processing /home/airflow/.local/lib/python3.12/site-packages/airflow/example_dags/example_xcomargs.py took 0.229 seconds
[2024-07-07T21:14:30.823+0000] {processor.py:161} INFO - Started process (PID=115) to work on /home/airflow/.local/lib/python3.12/site-packages/airflow/example_dags/example_xcomargs.py
[2024-07-07T21:14:30.824+0000] {processor.py:830} INFO - Processing file /home/airflow/.local/lib/python3.12/site-packages/airflow/example_dags/example_xcomargs.py for tasks to queue
[2024-07-07T21:14:30.826+0000] {logging_mixin.py:188} INFO - [2024-07-07T21:14:30.826+0000] {dagbag.py:545} INFO - Filling up the DagBag from /home/airflow/.local/lib/python3.12/site-packages/airflow/example_dags/example_xcomargs.py
[2024-07-07T21:14:30.836+0000] {processor.py:840} INFO - DAG(s) 'example_xcom_args', 'example_xcom_args_with_operators' retrieved from /home/airflow/.local/lib/python3.12/site-packages/airflow/example_dags/example_xcomargs.py
[2024-07-07T21:14:30.862+0000] {logging_mixin.py:188} INFO - [2024-07-07T21:14:30.862+0000] {dag.py:3096} INFO - Sync 2 DAGs
[2024-07-07T21:14:30.879+0000] {logging_mixin.py:188} INFO - [2024-07-07T21:14:30.878+0000] {dag.py:3954} INFO - Setting next_dagrun for example_xcom_args to None, run_after=None
[2024-07-07T21:14:30.884+0000] {logging_mixin.py:188} INFO - [2024-07-07T21:14:30.883+0000] {dag.py:3954} INFO - Setting next_dagrun for example_xcom_args_with_operators to None, run_after=None
[2024-07-07T21:14:30.906+0000] {processor.py:183} INFO - Processing /home/airflow/.local/lib/python3.12/site-packages/airflow/example_dags/example_xcomargs.py took 0.088 seconds
[2024-07-07T21:15:01.388+0000] {processor.py:161} INFO - Started process (PID=174) to work on /home/airflow/.local/lib/python3.12/site-packages/airflow/example_dags/example_xcomargs.py
[2024-07-07T21:15:01.389+0000] {processor.py:830} INFO - Processing file /home/airflow/.local/lib/python3.12/site-packages/airflow/example_dags/example_xcomargs.py for tasks to queue
[2024-07-07T21:15:01.392+0000] {logging_mixin.py:188} INFO - [2024-07-07T21:15:01.392+0000] {dagbag.py:545} INFO - Filling up the DagBag from /home/airflow/.local/lib/python3.12/site-packages/airflow/example_dags/example_xcomargs.py
[2024-07-07T21:15:01.404+0000] {processor.py:840} INFO - DAG(s) 'example_xcom_args_with_operators', 'example_xcom_args' retrieved from /home/airflow/.local/lib/python3.12/site-packages/airflow/example_dags/example_xcomargs.py
[2024-07-07T21:15:01.431+0000] {logging_mixin.py:188} INFO - [2024-07-07T21:15:01.430+0000] {dag.py:3096} INFO - Sync 2 DAGs
[2024-07-07T21:15:01.443+0000] {logging_mixin.py:188} INFO - [2024-07-07T21:15:01.443+0000] {dag.py:3954} INFO - Setting next_dagrun for example_xcom_args to None, run_after=None
[2024-07-07T21:15:01.450+0000] {logging_mixin.py:188} INFO - [2024-07-07T21:15:01.450+0000] {dag.py:3954} INFO - Setting next_dagrun for example_xcom_args_with_operators to None, run_after=None
[2024-07-07T21:15:01.473+0000] {processor.py:183} INFO - Processing /home/airflow/.local/lib/python3.12/site-packages/airflow/example_dags/example_xcomargs.py took 0.090 seconds
[2024-07-07T21:15:32.525+0000] {processor.py:161} INFO - Started process (PID=232) to work on /home/airflow/.local/lib/python3.12/site-packages/airflow/example_dags/example_xcomargs.py
[2024-07-07T21:15:32.530+0000] {processor.py:830} INFO - Processing file /home/airflow/.local/lib/python3.12/site-packages/airflow/example_dags/example_xcomargs.py for tasks to queue
[2024-07-07T21:15:32.532+0000] {logging_mixin.py:188} INFO - [2024-07-07T21:15:32.532+0000] {dagbag.py:545} INFO - Filling up the DagBag from /home/airflow/.local/lib/python3.12/site-packages/airflow/example_dags/example_xcomargs.py
