[2024-07-07T21:14:00.470+0000] {processor.py:161} INFO - Started process (PID=58) to work on /home/airflow/.local/lib/python3.12/site-packages/airflow/example_dags/example_short_circuit_operator.py
[2024-07-07T21:14:00.472+0000] {processor.py:830} INFO - Processing file /home/airflow/.local/lib/python3.12/site-packages/airflow/example_dags/example_short_circuit_operator.py for tasks to queue
[2024-07-07T21:14:00.473+0000] {logging_mixin.py:188} INFO - [2024-07-07T21:14:00.473+0000] {dagbag.py:545} INFO - Filling up the DagBag from /home/airflow/.local/lib/python3.12/site-packages/airflow/example_dags/example_short_circuit_operator.py
[2024-07-07T21:14:00.483+0000] {processor.py:840} INFO - DAG(s) 'example_short_circuit_operator' retrieved from /home/airflow/.local/lib/python3.12/site-packages/airflow/example_dags/example_short_circuit_operator.py
[2024-07-07T21:14:00.609+0000] {logging_mixin.py:188} INFO - [2024-07-07T21:14:00.608+0000] {override.py:1829} INFO - Created Permission View: can delete on DAG:example_short_circuit_operator
[2024-07-07T21:14:00.619+0000] {logging_mixin.py:188} INFO - [2024-07-07T21:14:00.619+0000] {override.py:1829} INFO - Created Permission View: can read on DAG:example_short_circuit_operator
[2024-07-07T21:14:00.627+0000] {logging_mixin.py:188} INFO - [2024-07-07T21:14:00.627+0000] {override.py:1829} INFO - Created Permission View: can edit on DAG:example_short_circuit_operator
[2024-07-07T21:14:00.629+0000] {logging_mixin.py:188} INFO - [2024-07-07T21:14:00.628+0000] {dag.py:3096} INFO - Sync 1 DAGs
[2024-07-07T21:14:00.641+0000] {logging_mixin.py:188} INFO - [2024-07-07T21:14:00.640+0000] {dag.py:3118} INFO - Creating ORM DAG for example_short_circuit_operator
[2024-07-07T21:14:00.653+0000] {logging_mixin.py:188} INFO - [2024-07-07T21:14:00.653+0000] {dag.py:3954} INFO - Setting next_dagrun for example_short_circuit_operator to 2024-07-06 00:00:00+00:00, run_after=2024-07-07 00:00:00+00:00
[2024-07-07T21:14:00.671+0000] {processor.py:183} INFO - Processing /home/airflow/.local/lib/python3.12/site-packages/airflow/example_dags/example_short_circuit_operator.py took 0.206 seconds
[2024-07-07T21:14:30.896+0000] {processor.py:161} INFO - Started process (PID=116) to work on /home/airflow/.local/lib/python3.12/site-packages/airflow/example_dags/example_short_circuit_operator.py
[2024-07-07T21:14:30.897+0000] {processor.py:830} INFO - Processing file /home/airflow/.local/lib/python3.12/site-packages/airflow/example_dags/example_short_circuit_operator.py for tasks to queue
[2024-07-07T21:14:30.899+0000] {logging_mixin.py:188} INFO - [2024-07-07T21:14:30.898+0000] {dagbag.py:545} INFO - Filling up the DagBag from /home/airflow/.local/lib/python3.12/site-packages/airflow/example_dags/example_short_circuit_operator.py
[2024-07-07T21:14:30.907+0000] {processor.py:840} INFO - DAG(s) 'example_short_circuit_operator' retrieved from /home/airflow/.local/lib/python3.12/site-packages/airflow/example_dags/example_short_circuit_operator.py
[2024-07-07T21:14:30.937+0000] {logging_mixin.py:188} INFO - [2024-07-07T21:14:30.937+0000] {dag.py:3096} INFO - Sync 1 DAGs
[2024-07-07T21:14:30.970+0000] {logging_mixin.py:188} INFO - [2024-07-07T21:14:30.970+0000] {dag.py:3954} INFO - Setting next_dagrun for example_short_circuit_operator to 2024-07-06 00:00:00+00:00, run_after=2024-07-07 00:00:00+00:00
[2024-07-07T21:14:30.995+0000] {processor.py:183} INFO - Processing /home/airflow/.local/lib/python3.12/site-packages/airflow/example_dags/example_short_circuit_operator.py took 0.103 seconds
[2024-07-07T21:15:01.493+0000] {processor.py:161} INFO - Started process (PID=175) to work on /home/airflow/.local/lib/python3.12/site-packages/airflow/example_dags/example_short_circuit_operator.py
[2024-07-07T21:15:01.495+0000] {processor.py:830} INFO - Processing file /home/airflow/.local/lib/python3.12/site-packages/airflow/example_dags/example_short_circuit_operator.py for tasks to queue
[2024-07-07T21:15:01.497+0000] {logging_mixin.py:188} INFO - [2024-07-07T21:15:01.497+0000] {dagbag.py:545} INFO - Filling up the DagBag from /home/airflow/.local/lib/python3.12/site-packages/airflow/example_dags/example_short_circuit_operator.py
[2024-07-07T21:15:01.506+0000] {processor.py:840} INFO - DAG(s) 'example_short_circuit_operator' retrieved from /home/airflow/.local/lib/python3.12/site-packages/airflow/example_dags/example_short_circuit_operator.py
[2024-07-07T21:15:01.529+0000] {logging_mixin.py:188} INFO - [2024-07-07T21:15:01.528+0000] {dag.py:3096} INFO - Sync 1 DAGs
[2024-07-07T21:15:01.551+0000] {logging_mixin.py:188} INFO - [2024-07-07T21:15:01.551+0000] {dag.py:3954} INFO - Setting next_dagrun for example_short_circuit_operator to 2024-07-06 00:00:00+00:00, run_after=2024-07-07 00:00:00+00:00
[2024-07-07T21:15:01.571+0000] {processor.py:183} INFO - Processing /home/airflow/.local/lib/python3.12/site-packages/airflow/example_dags/example_short_circuit_operator.py took 0.082 seconds
[2024-07-07T21:15:32.541+0000] {processor.py:161} INFO - Started process (PID=233) to work on /home/airflow/.local/lib/python3.12/site-packages/airflow/example_dags/example_short_circuit_operator.py
[2024-07-07T21:15:32.542+0000] {processor.py:830} INFO - Processing file /home/airflow/.local/lib/python3.12/site-packages/airflow/example_dags/example_short_circuit_operator.py for tasks to queue
[2024-07-07T21:15:32.547+0000] {logging_mixin.py:188} INFO - [2024-07-07T21:15:32.547+0000] {dagbag.py:545} INFO - Filling up the DagBag from /home/airflow/.local/lib/python3.12/site-packages/airflow/example_dags/example_short_circuit_operator.py
[2024-07-07T21:15:32.556+0000] {processor.py:840} INFO - DAG(s) 'example_short_circuit_operator' retrieved from /home/airflow/.local/lib/python3.12/site-packages/airflow/example_dags/example_short_circuit_operator.py
[2024-07-07T21:15:34.018+0000] {logging_mixin.py:188} INFO - [2024-07-07T21:15:34.017+0000] {process_utils.py:263} INFO - Waiting up to 5 seconds for processes to exit...
[2024-07-07T21:15:34.038+0000] {logging_mixin.py:188} INFO - [2024-07-07T21:15:34.038+0000] {process_utils.py:263} INFO - Waiting up to 5 seconds for processes to exit...
