[2024-07-07T21:13:58.779+0000] {processor.py:161} INFO - Started process (PID=48) to work on /home/airflow/.local/lib/python3.12/site-packages/airflow/example_dags/example_branch_operator.py
[2024-07-07T21:13:58.780+0000] {processor.py:830} INFO - Processing file /home/airflow/.local/lib/python3.12/site-packages/airflow/example_dags/example_branch_operator.py for tasks to queue
[2024-07-07T21:13:58.782+0000] {logging_mixin.py:188} INFO - [2024-07-07T21:13:58.781+0000] {dagbag.py:545} INFO - Filling up the DagBag from /home/airflow/.local/lib/python3.12/site-packages/airflow/example_dags/example_branch_operator.py
[2024-07-07T21:13:58.831+0000] {processor.py:840} INFO - DAG(s) 'example_branch_operator' retrieved from /home/airflow/.local/lib/python3.12/site-packages/airflow/example_dags/example_branch_operator.py
[2024-07-07T21:13:58.987+0000] {logging_mixin.py:188} INFO - [2024-07-07T21:13:58.986+0000] {override.py:1829} INFO - Created Permission View: can delete on DAG:example_branch_operator
[2024-07-07T21:13:58.997+0000] {logging_mixin.py:188} INFO - [2024-07-07T21:13:58.997+0000] {override.py:1829} INFO - Created Permission View: can read on DAG:example_branch_operator
[2024-07-07T21:13:59.004+0000] {logging_mixin.py:188} INFO - [2024-07-07T21:13:59.003+0000] {override.py:1829} INFO - Created Permission View: can edit on DAG:example_branch_operator
[2024-07-07T21:13:59.005+0000] {logging_mixin.py:188} INFO - [2024-07-07T21:13:59.004+0000] {dag.py:3096} INFO - Sync 1 DAGs
[2024-07-07T21:13:59.018+0000] {logging_mixin.py:188} INFO - [2024-07-07T21:13:59.017+0000] {dag.py:3118} INFO - Creating ORM DAG for example_branch_operator
[2024-07-07T21:13:59.030+0000] {logging_mixin.py:188} INFO - [2024-07-07T21:13:59.030+0000] {dag.py:3954} INFO - Setting next_dagrun for example_branch_operator to 2024-07-06 00:00:00+00:00, run_after=2024-07-07 00:00:00+00:00
[2024-07-07T21:13:59.068+0000] {processor.py:183} INFO - Processing /home/airflow/.local/lib/python3.12/site-packages/airflow/example_dags/example_branch_operator.py took 0.294 seconds
[2024-07-07T21:14:30.082+0000] {processor.py:161} INFO - Started process (PID=106) to work on /home/airflow/.local/lib/python3.12/site-packages/airflow/example_dags/example_branch_operator.py
[2024-07-07T21:14:30.082+0000] {processor.py:830} INFO - Processing file /home/airflow/.local/lib/python3.12/site-packages/airflow/example_dags/example_branch_operator.py for tasks to queue
[2024-07-07T21:14:30.084+0000] {logging_mixin.py:188} INFO - [2024-07-07T21:14:30.083+0000] {dagbag.py:545} INFO - Filling up the DagBag from /home/airflow/.local/lib/python3.12/site-packages/airflow/example_dags/example_branch_operator.py
[2024-07-07T21:14:30.100+0000] {processor.py:840} INFO - DAG(s) 'example_branch_operator' retrieved from /home/airflow/.local/lib/python3.12/site-packages/airflow/example_dags/example_branch_operator.py
[2024-07-07T21:14:30.130+0000] {logging_mixin.py:188} INFO - [2024-07-07T21:14:30.130+0000] {dag.py:3096} INFO - Sync 1 DAGs
[2024-07-07T21:14:30.160+0000] {logging_mixin.py:188} INFO - [2024-07-07T21:14:30.160+0000] {dag.py:3954} INFO - Setting next_dagrun for example_branch_operator to 2024-07-06 00:00:00+00:00, run_after=2024-07-07 00:00:00+00:00
[2024-07-07T21:14:30.197+0000] {processor.py:183} INFO - Processing /home/airflow/.local/lib/python3.12/site-packages/airflow/example_dags/example_branch_operator.py took 0.121 seconds
[2024-07-07T21:15:00.915+0000] {processor.py:161} INFO - Started process (PID=165) to work on /home/airflow/.local/lib/python3.12/site-packages/airflow/example_dags/example_branch_operator.py
[2024-07-07T21:15:00.917+0000] {processor.py:830} INFO - Processing file /home/airflow/.local/lib/python3.12/site-packages/airflow/example_dags/example_branch_operator.py for tasks to queue
[2024-07-07T21:15:00.919+0000] {logging_mixin.py:188} INFO - [2024-07-07T21:15:00.919+0000] {dagbag.py:545} INFO - Filling up the DagBag from /home/airflow/.local/lib/python3.12/site-packages/airflow/example_dags/example_branch_operator.py
[2024-07-07T21:15:00.934+0000] {processor.py:840} INFO - DAG(s) 'example_branch_operator' retrieved from /home/airflow/.local/lib/python3.12/site-packages/airflow/example_dags/example_branch_operator.py
[2024-07-07T21:15:00.959+0000] {logging_mixin.py:188} INFO - [2024-07-07T21:15:00.959+0000] {dag.py:3096} INFO - Sync 1 DAGs
[2024-07-07T21:15:00.980+0000] {logging_mixin.py:188} INFO - [2024-07-07T21:15:00.980+0000] {dag.py:3954} INFO - Setting next_dagrun for example_branch_operator to 2024-07-06 00:00:00+00:00, run_after=2024-07-07 00:00:00+00:00
[2024-07-07T21:15:01.001+0000] {processor.py:183} INFO - Processing /home/airflow/.local/lib/python3.12/site-packages/airflow/example_dags/example_branch_operator.py took 0.091 seconds
[2024-07-07T21:15:31.095+0000] {processor.py:161} INFO - Started process (PID=223) to work on /home/airflow/.local/lib/python3.12/site-packages/airflow/example_dags/example_branch_operator.py
[2024-07-07T21:15:31.096+0000] {processor.py:830} INFO - Processing file /home/airflow/.local/lib/python3.12/site-packages/airflow/example_dags/example_branch_operator.py for tasks to queue
[2024-07-07T21:15:31.099+0000] {logging_mixin.py:188} INFO - [2024-07-07T21:15:31.099+0000] {dagbag.py:545} INFO - Filling up the DagBag from /home/airflow/.local/lib/python3.12/site-packages/airflow/example_dags/example_branch_operator.py
[2024-07-07T21:15:31.113+0000] {processor.py:840} INFO - DAG(s) 'example_branch_operator' retrieved from /home/airflow/.local/lib/python3.12/site-packages/airflow/example_dags/example_branch_operator.py
[2024-07-07T21:15:31.141+0000] {logging_mixin.py:188} INFO - [2024-07-07T21:15:31.140+0000] {dag.py:3096} INFO - Sync 1 DAGs
[2024-07-07T21:15:31.160+0000] {logging_mixin.py:188} INFO - [2024-07-07T21:15:31.159+0000] {dag.py:3954} INFO - Setting next_dagrun for example_branch_operator to 2024-07-06 00:00:00+00:00, run_after=2024-07-07 00:00:00+00:00
[2024-07-07T21:15:31.180+0000] {processor.py:183} INFO - Processing /home/airflow/.local/lib/python3.12/site-packages/airflow/example_dags/example_branch_operator.py took 0.089 seconds
