[2024-07-07T21:14:00.778+0000] {processor.py:161} INFO - Started process (PID=61) to work on /home/airflow/.local/lib/python3.12/site-packages/airflow/example_dags/example_branch_labels.py
[2024-07-07T21:14:00.779+0000] {processor.py:830} INFO - Processing file /home/airflow/.local/lib/python3.12/site-packages/airflow/example_dags/example_branch_labels.py for tasks to queue
[2024-07-07T21:14:00.781+0000] {logging_mixin.py:188} INFO - [2024-07-07T21:14:00.781+0000] {dagbag.py:545} INFO - Filling up the DagBag from /home/airflow/.local/lib/python3.12/site-packages/airflow/example_dags/example_branch_labels.py
[2024-07-07T21:14:00.792+0000] {processor.py:840} INFO - DAG(s) 'example_branch_labels' retrieved from /home/airflow/.local/lib/python3.12/site-packages/airflow/example_dags/example_branch_labels.py
[2024-07-07T21:14:00.895+0000] {logging_mixin.py:188} INFO - [2024-07-07T21:14:00.894+0000] {override.py:1829} INFO - Created Permission View: can delete on DAG:example_branch_labels
[2024-07-07T21:14:00.905+0000] {logging_mixin.py:188} INFO - [2024-07-07T21:14:00.905+0000] {override.py:1829} INFO - Created Permission View: can read on DAG:example_branch_labels
[2024-07-07T21:14:00.913+0000] {logging_mixin.py:188} INFO - [2024-07-07T21:14:00.913+0000] {override.py:1829} INFO - Created Permission View: can edit on DAG:example_branch_labels
[2024-07-07T21:14:00.914+0000] {logging_mixin.py:188} INFO - [2024-07-07T21:14:00.914+0000] {dag.py:3096} INFO - Sync 1 DAGs
[2024-07-07T21:14:00.927+0000] {logging_mixin.py:188} INFO - [2024-07-07T21:14:00.926+0000] {dag.py:3118} INFO - Creating ORM DAG for example_branch_labels
[2024-07-07T21:14:00.944+0000] {logging_mixin.py:188} INFO - [2024-07-07T21:14:00.944+0000] {dag.py:3954} INFO - Setting next_dagrun for example_branch_labels to 2024-07-06 00:00:00+00:00, run_after=2024-07-07 00:00:00+00:00
[2024-07-07T21:14:00.959+0000] {processor.py:183} INFO - Processing /home/airflow/.local/lib/python3.12/site-packages/airflow/example_dags/example_branch_labels.py took 0.186 seconds
[2024-07-07T21:14:31.071+0000] {processor.py:161} INFO - Started process (PID=119) to work on /home/airflow/.local/lib/python3.12/site-packages/airflow/example_dags/example_branch_labels.py
[2024-07-07T21:14:31.072+0000] {processor.py:830} INFO - Processing file /home/airflow/.local/lib/python3.12/site-packages/airflow/example_dags/example_branch_labels.py for tasks to queue
[2024-07-07T21:14:31.074+0000] {logging_mixin.py:188} INFO - [2024-07-07T21:14:31.074+0000] {dagbag.py:545} INFO - Filling up the DagBag from /home/airflow/.local/lib/python3.12/site-packages/airflow/example_dags/example_branch_labels.py
[2024-07-07T21:14:31.082+0000] {processor.py:840} INFO - DAG(s) 'example_branch_labels' retrieved from /home/airflow/.local/lib/python3.12/site-packages/airflow/example_dags/example_branch_labels.py
[2024-07-07T21:14:31.106+0000] {logging_mixin.py:188} INFO - [2024-07-07T21:14:31.105+0000] {dag.py:3096} INFO - Sync 1 DAGs
[2024-07-07T21:14:31.132+0000] {logging_mixin.py:188} INFO - [2024-07-07T21:14:31.132+0000] {dag.py:3954} INFO - Setting next_dagrun for example_branch_labels to 2024-07-06 00:00:00+00:00, run_after=2024-07-07 00:00:00+00:00
[2024-07-07T21:14:31.153+0000] {processor.py:183} INFO - Processing /home/airflow/.local/lib/python3.12/site-packages/airflow/example_dags/example_branch_labels.py took 0.087 seconds
[2024-07-07T21:15:01.615+0000] {processor.py:161} INFO - Started process (PID=178) to work on /home/airflow/.local/lib/python3.12/site-packages/airflow/example_dags/example_branch_labels.py
[2024-07-07T21:15:01.616+0000] {processor.py:830} INFO - Processing file /home/airflow/.local/lib/python3.12/site-packages/airflow/example_dags/example_branch_labels.py for tasks to queue
[2024-07-07T21:15:01.618+0000] {logging_mixin.py:188} INFO - [2024-07-07T21:15:01.618+0000] {dagbag.py:545} INFO - Filling up the DagBag from /home/airflow/.local/lib/python3.12/site-packages/airflow/example_dags/example_branch_labels.py
[2024-07-07T21:15:01.625+0000] {processor.py:840} INFO - DAG(s) 'example_branch_labels' retrieved from /home/airflow/.local/lib/python3.12/site-packages/airflow/example_dags/example_branch_labels.py
[2024-07-07T21:15:01.646+0000] {logging_mixin.py:188} INFO - [2024-07-07T21:15:01.646+0000] {dag.py:3096} INFO - Sync 1 DAGs
[2024-07-07T21:15:01.668+0000] {logging_mixin.py:188} INFO - [2024-07-07T21:15:01.668+0000] {dag.py:3954} INFO - Setting next_dagrun for example_branch_labels to 2024-07-06 00:00:00+00:00, run_after=2024-07-07 00:00:00+00:00
[2024-07-07T21:15:01.686+0000] {processor.py:183} INFO - Processing /home/airflow/.local/lib/python3.12/site-packages/airflow/example_dags/example_branch_labels.py took 0.076 seconds
