[2024-07-07T21:13:58.256+0000] {processor.py:161} INFO - Started process (PID=44) to work on /home/airflow/.local/lib/python3.12/site-packages/airflow/example_dags/example_task_group.py
[2024-07-07T21:13:58.257+0000] {processor.py:830} INFO - Processing file /home/airflow/.local/lib/python3.12/site-packages/airflow/example_dags/example_task_group.py for tasks to queue
[2024-07-07T21:13:58.259+0000] {logging_mixin.py:188} INFO - [2024-07-07T21:13:58.258+0000] {dagbag.py:545} INFO - Filling up the DagBag from /home/airflow/.local/lib/python3.12/site-packages/airflow/example_dags/example_task_group.py
[2024-07-07T21:13:58.269+0000] {processor.py:840} INFO - DAG(s) 'example_task_group' retrieved from /home/airflow/.local/lib/python3.12/site-packages/airflow/example_dags/example_task_group.py
[2024-07-07T21:13:58.403+0000] {logging_mixin.py:188} INFO - [2024-07-07T21:13:58.402+0000] {override.py:1829} INFO - Created Permission View: can delete on DAG:example_task_group
[2024-07-07T21:13:58.415+0000] {logging_mixin.py:188} INFO - [2024-07-07T21:13:58.414+0000] {override.py:1829} INFO - Created Permission View: can read on DAG:example_task_group
[2024-07-07T21:13:58.423+0000] {logging_mixin.py:188} INFO - [2024-07-07T21:13:58.423+0000] {override.py:1829} INFO - Created Permission View: can edit on DAG:example_task_group
[2024-07-07T21:13:58.424+0000] {logging_mixin.py:188} INFO - [2024-07-07T21:13:58.424+0000] {dag.py:3096} INFO - Sync 1 DAGs
[2024-07-07T21:13:58.438+0000] {logging_mixin.py:188} INFO - [2024-07-07T21:13:58.438+0000] {dag.py:3118} INFO - Creating ORM DAG for example_task_group
[2024-07-07T21:13:58.466+0000] {logging_mixin.py:188} INFO - [2024-07-07T21:13:58.465+0000] {dag.py:3954} INFO - Setting next_dagrun for example_task_group to 2024-07-06 00:00:00+00:00, run_after=2024-07-07 00:00:00+00:00
[2024-07-07T21:13:58.486+0000] {processor.py:183} INFO - Processing /home/airflow/.local/lib/python3.12/site-packages/airflow/example_dags/example_task_group.py took 0.235 seconds
[2024-07-07T21:14:29.085+0000] {processor.py:161} INFO - Started process (PID=102) to work on /home/airflow/.local/lib/python3.12/site-packages/airflow/example_dags/example_task_group.py
[2024-07-07T21:14:29.086+0000] {processor.py:830} INFO - Processing file /home/airflow/.local/lib/python3.12/site-packages/airflow/example_dags/example_task_group.py for tasks to queue
[2024-07-07T21:14:29.087+0000] {logging_mixin.py:188} INFO - [2024-07-07T21:14:29.087+0000] {dagbag.py:545} INFO - Filling up the DagBag from /home/airflow/.local/lib/python3.12/site-packages/airflow/example_dags/example_task_group.py
[2024-07-07T21:14:29.094+0000] {processor.py:840} INFO - DAG(s) 'example_task_group' retrieved from /home/airflow/.local/lib/python3.12/site-packages/airflow/example_dags/example_task_group.py
[2024-07-07T21:14:29.113+0000] {logging_mixin.py:188} INFO - [2024-07-07T21:14:29.113+0000] {dag.py:3096} INFO - Sync 1 DAGs
[2024-07-07T21:14:29.136+0000] {logging_mixin.py:188} INFO - [2024-07-07T21:14:29.136+0000] {dag.py:3954} INFO - Setting next_dagrun for example_task_group to 2024-07-06 00:00:00+00:00, run_after=2024-07-07 00:00:00+00:00
[2024-07-07T21:14:29.153+0000] {processor.py:183} INFO - Processing /home/airflow/.local/lib/python3.12/site-packages/airflow/example_dags/example_task_group.py took 0.073 seconds
[2024-07-07T21:14:59.923+0000] {processor.py:161} INFO - Started process (PID=161) to work on /home/airflow/.local/lib/python3.12/site-packages/airflow/example_dags/example_task_group.py
[2024-07-07T21:14:59.924+0000] {processor.py:830} INFO - Processing file /home/airflow/.local/lib/python3.12/site-packages/airflow/example_dags/example_task_group.py for tasks to queue
[2024-07-07T21:14:59.925+0000] {logging_mixin.py:188} INFO - [2024-07-07T21:14:59.925+0000] {dagbag.py:545} INFO - Filling up the DagBag from /home/airflow/.local/lib/python3.12/site-packages/airflow/example_dags/example_task_group.py
[2024-07-07T21:14:59.932+0000] {processor.py:840} INFO - DAG(s) 'example_task_group' retrieved from /home/airflow/.local/lib/python3.12/site-packages/airflow/example_dags/example_task_group.py
[2024-07-07T21:14:59.953+0000] {logging_mixin.py:188} INFO - [2024-07-07T21:14:59.952+0000] {dag.py:3096} INFO - Sync 1 DAGs
[2024-07-07T21:14:59.974+0000] {logging_mixin.py:188} INFO - [2024-07-07T21:14:59.973+0000] {dag.py:3954} INFO - Setting next_dagrun for example_task_group to 2024-07-06 00:00:00+00:00, run_after=2024-07-07 00:00:00+00:00
[2024-07-07T21:14:59.994+0000] {processor.py:183} INFO - Processing /home/airflow/.local/lib/python3.12/site-packages/airflow/example_dags/example_task_group.py took 0.076 seconds
[2024-07-07T21:15:30.808+0000] {processor.py:161} INFO - Started process (PID=219) to work on /home/airflow/.local/lib/python3.12/site-packages/airflow/example_dags/example_task_group.py
[2024-07-07T21:15:30.817+0000] {processor.py:830} INFO - Processing file /home/airflow/.local/lib/python3.12/site-packages/airflow/example_dags/example_task_group.py for tasks to queue
[2024-07-07T21:15:30.819+0000] {logging_mixin.py:188} INFO - [2024-07-07T21:15:30.818+0000] {dagbag.py:545} INFO - Filling up the DagBag from /home/airflow/.local/lib/python3.12/site-packages/airflow/example_dags/example_task_group.py
[2024-07-07T21:15:30.827+0000] {processor.py:840} INFO - DAG(s) 'example_task_group' retrieved from /home/airflow/.local/lib/python3.12/site-packages/airflow/example_dags/example_task_group.py
[2024-07-07T21:15:30.851+0000] {logging_mixin.py:188} INFO - [2024-07-07T21:15:30.851+0000] {dag.py:3096} INFO - Sync 1 DAGs
[2024-07-07T21:15:30.871+0000] {logging_mixin.py:188} INFO - [2024-07-07T21:15:30.871+0000] {dag.py:3954} INFO - Setting next_dagrun for example_task_group to 2024-07-06 00:00:00+00:00, run_after=2024-07-07 00:00:00+00:00
[2024-07-07T21:15:30.890+0000] {processor.py:183} INFO - Processing /home/airflow/.local/lib/python3.12/site-packages/airflow/example_dags/example_task_group.py took 0.091 seconds
