[2024-07-07T21:14:01.794+0000] {processor.py:161} INFO - Started process (PID=70) to work on /home/airflow/.local/lib/python3.12/site-packages/airflow/example_dags/example_xcom.py
[2024-07-07T21:14:01.795+0000] {processor.py:830} INFO - Processing file /home/airflow/.local/lib/python3.12/site-packages/airflow/example_dags/example_xcom.py for tasks to queue
[2024-07-07T21:14:01.797+0000] {logging_mixin.py:188} INFO - [2024-07-07T21:14:01.797+0000] {dagbag.py:545} INFO - Filling up the DagBag from /home/airflow/.local/lib/python3.12/site-packages/airflow/example_dags/example_xcom.py
[2024-07-07T21:14:01.806+0000] {processor.py:840} INFO - DAG(s) 'example_xcom' retrieved from /home/airflow/.local/lib/python3.12/site-packages/airflow/example_dags/example_xcom.py
[2024-07-07T21:14:01.904+0000] {logging_mixin.py:188} INFO - [2024-07-07T21:14:01.903+0000] {override.py:1829} INFO - Created Permission View: can delete on DAG:example_xcom
[2024-07-07T21:14:01.915+0000] {logging_mixin.py:188} INFO - [2024-07-07T21:14:01.914+0000] {override.py:1829} INFO - Created Permission View: can read on DAG:example_xcom
[2024-07-07T21:14:01.923+0000] {logging_mixin.py:188} INFO - [2024-07-07T21:14:01.922+0000] {override.py:1829} INFO - Created Permission View: can edit on DAG:example_xcom
[2024-07-07T21:14:01.924+0000] {logging_mixin.py:188} INFO - [2024-07-07T21:14:01.923+0000] {dag.py:3096} INFO - Sync 1 DAGs
[2024-07-07T21:14:01.936+0000] {logging_mixin.py:188} INFO - [2024-07-07T21:14:01.936+0000] {dag.py:3118} INFO - Creating ORM DAG for example_xcom
[2024-07-07T21:14:01.947+0000] {logging_mixin.py:188} INFO - [2024-07-07T21:14:01.947+0000] {dag.py:3954} INFO - Setting next_dagrun for example_xcom to 2021-01-01 00:00:00+00:00, run_after=2021-01-01 00:00:00+00:00
[2024-07-07T21:14:01.964+0000] {processor.py:183} INFO - Processing /home/airflow/.local/lib/python3.12/site-packages/airflow/example_dags/example_xcom.py took 0.174 seconds
[2024-07-07T21:14:32.701+0000] {processor.py:161} INFO - Started process (PID=128) to work on /home/airflow/.local/lib/python3.12/site-packages/airflow/example_dags/example_xcom.py
[2024-07-07T21:14:32.702+0000] {processor.py:830} INFO - Processing file /home/airflow/.local/lib/python3.12/site-packages/airflow/example_dags/example_xcom.py for tasks to queue
[2024-07-07T21:14:32.703+0000] {logging_mixin.py:188} INFO - [2024-07-07T21:14:32.703+0000] {dagbag.py:545} INFO - Filling up the DagBag from /home/airflow/.local/lib/python3.12/site-packages/airflow/example_dags/example_xcom.py
[2024-07-07T21:14:32.710+0000] {processor.py:840} INFO - DAG(s) 'example_xcom' retrieved from /home/airflow/.local/lib/python3.12/site-packages/airflow/example_dags/example_xcom.py
[2024-07-07T21:14:32.727+0000] {logging_mixin.py:188} INFO - [2024-07-07T21:14:32.727+0000] {dag.py:3096} INFO - Sync 1 DAGs
[2024-07-07T21:14:32.746+0000] {logging_mixin.py:188} INFO - [2024-07-07T21:14:32.745+0000] {dag.py:3954} INFO - Setting next_dagrun for example_xcom to 2021-01-01 00:00:00+00:00, run_after=2021-01-01 00:00:00+00:00
[2024-07-07T21:14:32.765+0000] {processor.py:183} INFO - Processing /home/airflow/.local/lib/python3.12/site-packages/airflow/example_dags/example_xcom.py took 0.068 seconds
[2024-07-07T21:15:03.409+0000] {processor.py:161} INFO - Started process (PID=187) to work on /home/airflow/.local/lib/python3.12/site-packages/airflow/example_dags/example_xcom.py
[2024-07-07T21:15:03.410+0000] {processor.py:830} INFO - Processing file /home/airflow/.local/lib/python3.12/site-packages/airflow/example_dags/example_xcom.py for tasks to queue
[2024-07-07T21:15:03.413+0000] {logging_mixin.py:188} INFO - [2024-07-07T21:15:03.412+0000] {dagbag.py:545} INFO - Filling up the DagBag from /home/airflow/.local/lib/python3.12/site-packages/airflow/example_dags/example_xcom.py
[2024-07-07T21:15:03.427+0000] {processor.py:840} INFO - DAG(s) 'example_xcom' retrieved from /home/airflow/.local/lib/python3.12/site-packages/airflow/example_dags/example_xcom.py
[2024-07-07T21:15:03.456+0000] {logging_mixin.py:188} INFO - [2024-07-07T21:15:03.455+0000] {dag.py:3096} INFO - Sync 1 DAGs
[2024-07-07T21:15:03.488+0000] {logging_mixin.py:188} INFO - [2024-07-07T21:15:03.487+0000] {dag.py:3954} INFO - Setting next_dagrun for example_xcom to 2021-01-01 00:00:00+00:00, run_after=2021-01-01 00:00:00+00:00
[2024-07-07T21:15:03.508+0000] {processor.py:183} INFO - Processing /home/airflow/.local/lib/python3.12/site-packages/airflow/example_dags/example_xcom.py took 0.105 seconds
