[2024-07-07T21:14:02.175+0000] {processor.py:161} INFO - Started process (PID=72) to work on /home/airflow/.local/lib/python3.12/site-packages/airflow/example_dags/example_setup_teardown.py
[2024-07-07T21:14:02.176+0000] {processor.py:830} INFO - Processing file /home/airflow/.local/lib/python3.12/site-packages/airflow/example_dags/example_setup_teardown.py for tasks to queue
[2024-07-07T21:14:02.178+0000] {logging_mixin.py:188} INFO - [2024-07-07T21:14:02.178+0000] {dagbag.py:545} INFO - Filling up the DagBag from /home/airflow/.local/lib/python3.12/site-packages/airflow/example_dags/example_setup_teardown.py
[2024-07-07T21:14:02.189+0000] {processor.py:840} INFO - DAG(s) 'example_setup_teardown' retrieved from /home/airflow/.local/lib/python3.12/site-packages/airflow/example_dags/example_setup_teardown.py
[2024-07-07T21:14:02.306+0000] {logging_mixin.py:188} INFO - [2024-07-07T21:14:02.305+0000] {override.py:1829} INFO - Created Permission View: can delete on DAG:example_setup_teardown
[2024-07-07T21:14:02.317+0000] {logging_mixin.py:188} INFO - [2024-07-07T21:14:02.316+0000] {override.py:1829} INFO - Created Permission View: can read on DAG:example_setup_teardown
[2024-07-07T21:14:02.341+0000] {logging_mixin.py:188} INFO - [2024-07-07T21:14:02.341+0000] {override.py:1829} INFO - Created Permission View: can edit on DAG:example_setup_teardown
[2024-07-07T21:14:02.342+0000] {logging_mixin.py:188} INFO - [2024-07-07T21:14:02.342+0000] {dag.py:3096} INFO - Sync 1 DAGs
[2024-07-07T21:14:02.353+0000] {logging_mixin.py:188} INFO - [2024-07-07T21:14:02.353+0000] {dag.py:3118} INFO - Creating ORM DAG for example_setup_teardown
[2024-07-07T21:14:02.369+0000] {logging_mixin.py:188} INFO - [2024-07-07T21:14:02.369+0000] {dag.py:3954} INFO - Setting next_dagrun for example_setup_teardown to 2024-07-06 00:00:00+00:00, run_after=2024-07-07 00:00:00+00:00
[2024-07-07T21:14:02.398+0000] {processor.py:183} INFO - Processing /home/airflow/.local/lib/python3.12/site-packages/airflow/example_dags/example_setup_teardown.py took 0.230 seconds
[2024-07-07T21:14:32.796+0000] {processor.py:161} INFO - Started process (PID=130) to work on /home/airflow/.local/lib/python3.12/site-packages/airflow/example_dags/example_setup_teardown.py
[2024-07-07T21:14:32.800+0000] {processor.py:830} INFO - Processing file /home/airflow/.local/lib/python3.12/site-packages/airflow/example_dags/example_setup_teardown.py for tasks to queue
[2024-07-07T21:14:32.801+0000] {logging_mixin.py:188} INFO - [2024-07-07T21:14:32.801+0000] {dagbag.py:545} INFO - Filling up the DagBag from /home/airflow/.local/lib/python3.12/site-packages/airflow/example_dags/example_setup_teardown.py
[2024-07-07T21:14:32.807+0000] {processor.py:840} INFO - DAG(s) 'example_setup_teardown' retrieved from /home/airflow/.local/lib/python3.12/site-packages/airflow/example_dags/example_setup_teardown.py
[2024-07-07T21:14:32.825+0000] {logging_mixin.py:188} INFO - [2024-07-07T21:14:32.824+0000] {dag.py:3096} INFO - Sync 1 DAGs
[2024-07-07T21:14:32.844+0000] {logging_mixin.py:188} INFO - [2024-07-07T21:14:32.844+0000] {dag.py:3954} INFO - Setting next_dagrun for example_setup_teardown to 2024-07-06 00:00:00+00:00, run_after=2024-07-07 00:00:00+00:00
[2024-07-07T21:14:32.863+0000] {processor.py:183} INFO - Processing /home/airflow/.local/lib/python3.12/site-packages/airflow/example_dags/example_setup_teardown.py took 0.072 seconds
[2024-07-07T21:15:03.544+0000] {processor.py:161} INFO - Started process (PID=189) to work on /home/airflow/.local/lib/python3.12/site-packages/airflow/example_dags/example_setup_teardown.py
[2024-07-07T21:15:03.546+0000] {processor.py:830} INFO - Processing file /home/airflow/.local/lib/python3.12/site-packages/airflow/example_dags/example_setup_teardown.py for tasks to queue
[2024-07-07T21:15:03.550+0000] {logging_mixin.py:188} INFO - [2024-07-07T21:15:03.549+0000] {dagbag.py:545} INFO - Filling up the DagBag from /home/airflow/.local/lib/python3.12/site-packages/airflow/example_dags/example_setup_teardown.py
[2024-07-07T21:15:03.566+0000] {processor.py:840} INFO - DAG(s) 'example_setup_teardown' retrieved from /home/airflow/.local/lib/python3.12/site-packages/airflow/example_dags/example_setup_teardown.py
[2024-07-07T21:15:03.602+0000] {logging_mixin.py:188} INFO - [2024-07-07T21:15:03.602+0000] {dag.py:3096} INFO - Sync 1 DAGs
[2024-07-07T21:15:03.630+0000] {logging_mixin.py:188} INFO - [2024-07-07T21:15:03.630+0000] {dag.py:3954} INFO - Setting next_dagrun for example_setup_teardown to 2024-07-06 00:00:00+00:00, run_after=2024-07-07 00:00:00+00:00
[2024-07-07T21:15:03.650+0000] {processor.py:183} INFO - Processing /home/airflow/.local/lib/python3.12/site-packages/airflow/example_dags/example_setup_teardown.py took 0.113 seconds
