[2024-07-07T21:13:57.901+0000] {processor.py:161} INFO - Started process (PID=41) to work on /home/airflow/.local/lib/python3.12/site-packages/airflow/example_dags/example_python_operator.py
[2024-07-07T21:13:57.901+0000] {processor.py:830} INFO - Processing file /home/airflow/.local/lib/python3.12/site-packages/airflow/example_dags/example_python_operator.py for tasks to queue
[2024-07-07T21:13:57.903+0000] {logging_mixin.py:188} INFO - [2024-07-07T21:13:57.903+0000] {dagbag.py:545} INFO - Filling up the DagBag from /home/airflow/.local/lib/python3.12/site-packages/airflow/example_dags/example_python_operator.py
[2024-07-07T21:13:57.916+0000] {processor.py:840} INFO - DAG(s) 'example_python_operator' retrieved from /home/airflow/.local/lib/python3.12/site-packages/airflow/example_dags/example_python_operator.py
[2024-07-07T21:13:58.050+0000] {logging_mixin.py:188} INFO - [2024-07-07T21:13:58.049+0000] {override.py:1829} INFO - Created Permission View: can delete on DAG:example_python_operator
[2024-07-07T21:13:58.062+0000] {logging_mixin.py:188} INFO - [2024-07-07T21:13:58.061+0000] {override.py:1829} INFO - Created Permission View: can read on DAG:example_python_operator
[2024-07-07T21:13:58.068+0000] {logging_mixin.py:188} INFO - [2024-07-07T21:13:58.068+0000] {override.py:1829} INFO - Created Permission View: can edit on DAG:example_python_operator
[2024-07-07T21:13:58.069+0000] {logging_mixin.py:188} INFO - [2024-07-07T21:13:58.069+0000] {dag.py:3096} INFO - Sync 1 DAGs
[2024-07-07T21:13:58.082+0000] {logging_mixin.py:188} INFO - [2024-07-07T21:13:58.082+0000] {dag.py:3118} INFO - Creating ORM DAG for example_python_operator
[2024-07-07T21:13:58.083+0000] {logging_mixin.py:188} INFO - [2024-07-07T21:13:58.083+0000] {dag.py:3954} INFO - Setting next_dagrun for example_python_operator to None, run_after=None
[2024-07-07T21:13:58.101+0000] {processor.py:183} INFO - Processing /home/airflow/.local/lib/python3.12/site-packages/airflow/example_dags/example_python_operator.py took 0.206 seconds
[2024-07-07T21:14:28.887+0000] {processor.py:161} INFO - Started process (PID=99) to work on /home/airflow/.local/lib/python3.12/site-packages/airflow/example_dags/example_python_operator.py
[2024-07-07T21:14:28.887+0000] {processor.py:830} INFO - Processing file /home/airflow/.local/lib/python3.12/site-packages/airflow/example_dags/example_python_operator.py for tasks to queue
[2024-07-07T21:14:28.889+0000] {logging_mixin.py:188} INFO - [2024-07-07T21:14:28.889+0000] {dagbag.py:545} INFO - Filling up the DagBag from /home/airflow/.local/lib/python3.12/site-packages/airflow/example_dags/example_python_operator.py
[2024-07-07T21:14:28.899+0000] {processor.py:840} INFO - DAG(s) 'example_python_operator' retrieved from /home/airflow/.local/lib/python3.12/site-packages/airflow/example_dags/example_python_operator.py
[2024-07-07T21:14:28.919+0000] {logging_mixin.py:188} INFO - [2024-07-07T21:14:28.919+0000] {dag.py:3096} INFO - Sync 1 DAGs
[2024-07-07T21:14:28.930+0000] {logging_mixin.py:188} INFO - [2024-07-07T21:14:28.930+0000] {dag.py:3954} INFO - Setting next_dagrun for example_python_operator to None, run_after=None
[2024-07-07T21:14:28.948+0000] {processor.py:183} INFO - Processing /home/airflow/.local/lib/python3.12/site-packages/airflow/example_dags/example_python_operator.py took 0.065 seconds
[2024-07-07T21:14:59.773+0000] {processor.py:161} INFO - Started process (PID=158) to work on /home/airflow/.local/lib/python3.12/site-packages/airflow/example_dags/example_python_operator.py
[2024-07-07T21:14:59.776+0000] {processor.py:830} INFO - Processing file /home/airflow/.local/lib/python3.12/site-packages/airflow/example_dags/example_python_operator.py for tasks to queue
[2024-07-07T21:14:59.779+0000] {logging_mixin.py:188} INFO - [2024-07-07T21:14:59.778+0000] {dagbag.py:545} INFO - Filling up the DagBag from /home/airflow/.local/lib/python3.12/site-packages/airflow/example_dags/example_python_operator.py
[2024-07-07T21:14:59.791+0000] {processor.py:840} INFO - DAG(s) 'example_python_operator' retrieved from /home/airflow/.local/lib/python3.12/site-packages/airflow/example_dags/example_python_operator.py
[2024-07-07T21:14:59.819+0000] {logging_mixin.py:188} INFO - [2024-07-07T21:14:59.819+0000] {dag.py:3096} INFO - Sync 1 DAGs
[2024-07-07T21:14:59.831+0000] {logging_mixin.py:188} INFO - [2024-07-07T21:14:59.831+0000] {dag.py:3954} INFO - Setting next_dagrun for example_python_operator to None, run_after=None
[2024-07-07T21:14:59.848+0000] {processor.py:183} INFO - Processing /home/airflow/.local/lib/python3.12/site-packages/airflow/example_dags/example_python_operator.py took 0.083 seconds
[2024-07-07T21:15:30.691+0000] {processor.py:161} INFO - Started process (PID=216) to work on /home/airflow/.local/lib/python3.12/site-packages/airflow/example_dags/example_python_operator.py
[2024-07-07T21:15:30.692+0000] {processor.py:830} INFO - Processing file /home/airflow/.local/lib/python3.12/site-packages/airflow/example_dags/example_python_operator.py for tasks to queue
[2024-07-07T21:15:30.694+0000] {logging_mixin.py:188} INFO - [2024-07-07T21:15:30.694+0000] {dagbag.py:545} INFO - Filling up the DagBag from /home/airflow/.local/lib/python3.12/site-packages/airflow/example_dags/example_python_operator.py
[2024-07-07T21:15:30.704+0000] {processor.py:840} INFO - DAG(s) 'example_python_operator' retrieved from /home/airflow/.local/lib/python3.12/site-packages/airflow/example_dags/example_python_operator.py
[2024-07-07T21:15:30.726+0000] {logging_mixin.py:188} INFO - [2024-07-07T21:15:30.726+0000] {dag.py:3096} INFO - Sync 1 DAGs
[2024-07-07T21:15:30.738+0000] {logging_mixin.py:188} INFO - [2024-07-07T21:15:30.738+0000] {dag.py:3954} INFO - Setting next_dagrun for example_python_operator to None, run_after=None
[2024-07-07T21:15:30.758+0000] {processor.py:183} INFO - Processing /home/airflow/.local/lib/python3.12/site-packages/airflow/example_dags/example_python_operator.py took 0.071 seconds
