[2024-07-07T21:13:57.691+0000] {processor.py:161} INFO - Started process (PID=40) to work on /home/airflow/.local/lib/python3.12/site-packages/airflow/example_dags/example_bash_decorator.py
[2024-07-07T21:13:57.692+0000] {processor.py:830} INFO - Processing file /home/airflow/.local/lib/python3.12/site-packages/airflow/example_dags/example_bash_decorator.py for tasks to queue
[2024-07-07T21:13:57.693+0000] {logging_mixin.py:188} INFO - [2024-07-07T21:13:57.693+0000] {dagbag.py:545} INFO - Filling up the DagBag from /home/airflow/.local/lib/python3.12/site-packages/airflow/example_dags/example_bash_decorator.py
[2024-07-07T21:13:57.710+0000] {processor.py:840} INFO - DAG(s) 'example_bash_decorator' retrieved from /home/airflow/.local/lib/python3.12/site-packages/airflow/example_dags/example_bash_decorator.py
[2024-07-07T21:13:57.865+0000] {logging_mixin.py:188} INFO - [2024-07-07T21:13:57.865+0000] {override.py:1829} INFO - Created Permission View: can delete on DAG:example_bash_decorator
[2024-07-07T21:13:57.886+0000] {logging_mixin.py:188} INFO - [2024-07-07T21:13:57.886+0000] {override.py:1829} INFO - Created Permission View: can read on DAG:example_bash_decorator
[2024-07-07T21:13:57.896+0000] {logging_mixin.py:188} INFO - [2024-07-07T21:13:57.895+0000] {override.py:1829} INFO - Created Permission View: can edit on DAG:example_bash_decorator
[2024-07-07T21:13:57.896+0000] {logging_mixin.py:188} INFO - [2024-07-07T21:13:57.896+0000] {dag.py:3096} INFO - Sync 1 DAGs
[2024-07-07T21:13:57.910+0000] {logging_mixin.py:188} INFO - [2024-07-07T21:13:57.909+0000] {dag.py:3118} INFO - Creating ORM DAG for example_bash_decorator
[2024-07-07T21:13:57.910+0000] {logging_mixin.py:188} INFO - [2024-07-07T21:13:57.910+0000] {dag.py:3954} INFO - Setting next_dagrun for example_bash_decorator to None, run_after=None
[2024-07-07T21:13:57.936+0000] {processor.py:183} INFO - Processing /home/airflow/.local/lib/python3.12/site-packages/airflow/example_dags/example_bash_decorator.py took 0.249 seconds
[2024-07-07T21:14:28.796+0000] {processor.py:161} INFO - Started process (PID=98) to work on /home/airflow/.local/lib/python3.12/site-packages/airflow/example_dags/example_bash_decorator.py
[2024-07-07T21:14:28.797+0000] {processor.py:830} INFO - Processing file /home/airflow/.local/lib/python3.12/site-packages/airflow/example_dags/example_bash_decorator.py for tasks to queue
[2024-07-07T21:14:28.798+0000] {logging_mixin.py:188} INFO - [2024-07-07T21:14:28.798+0000] {dagbag.py:545} INFO - Filling up the DagBag from /home/airflow/.local/lib/python3.12/site-packages/airflow/example_dags/example_bash_decorator.py
[2024-07-07T21:14:28.810+0000] {processor.py:840} INFO - DAG(s) 'example_bash_decorator' retrieved from /home/airflow/.local/lib/python3.12/site-packages/airflow/example_dags/example_bash_decorator.py
[2024-07-07T21:14:28.830+0000] {logging_mixin.py:188} INFO - [2024-07-07T21:14:28.830+0000] {dag.py:3096} INFO - Sync 1 DAGs
[2024-07-07T21:14:28.841+0000] {logging_mixin.py:188} INFO - [2024-07-07T21:14:28.840+0000] {dag.py:3954} INFO - Setting next_dagrun for example_bash_decorator to None, run_after=None
[2024-07-07T21:14:28.857+0000] {processor.py:183} INFO - Processing /home/airflow/.local/lib/python3.12/site-packages/airflow/example_dags/example_bash_decorator.py took 0.065 seconds
[2024-07-07T21:14:59.387+0000] {processor.py:161} INFO - Started process (PID=157) to work on /home/airflow/.local/lib/python3.12/site-packages/airflow/example_dags/example_bash_decorator.py
[2024-07-07T21:14:59.390+0000] {processor.py:830} INFO - Processing file /home/airflow/.local/lib/python3.12/site-packages/airflow/example_dags/example_bash_decorator.py for tasks to queue
[2024-07-07T21:14:59.392+0000] {logging_mixin.py:188} INFO - [2024-07-07T21:14:59.391+0000] {dagbag.py:545} INFO - Filling up the DagBag from /home/airflow/.local/lib/python3.12/site-packages/airflow/example_dags/example_bash_decorator.py
[2024-07-07T21:14:59.411+0000] {processor.py:840} INFO - DAG(s) 'example_bash_decorator' retrieved from /home/airflow/.local/lib/python3.12/site-packages/airflow/example_dags/example_bash_decorator.py
[2024-07-07T21:14:59.443+0000] {logging_mixin.py:188} INFO - [2024-07-07T21:14:59.442+0000] {dag.py:3096} INFO - Sync 1 DAGs
[2024-07-07T21:14:59.455+0000] {logging_mixin.py:188} INFO - [2024-07-07T21:14:59.455+0000] {dag.py:3954} INFO - Setting next_dagrun for example_bash_decorator to None, run_after=None
[2024-07-07T21:14:59.670+0000] {processor.py:183} INFO - Processing /home/airflow/.local/lib/python3.12/site-packages/airflow/example_dags/example_bash_decorator.py took 0.289 seconds
[2024-07-07T21:15:30.613+0000] {processor.py:161} INFO - Started process (PID=215) to work on /home/airflow/.local/lib/python3.12/site-packages/airflow/example_dags/example_bash_decorator.py
[2024-07-07T21:15:30.615+0000] {processor.py:830} INFO - Processing file /home/airflow/.local/lib/python3.12/site-packages/airflow/example_dags/example_bash_decorator.py for tasks to queue
[2024-07-07T21:15:30.617+0000] {logging_mixin.py:188} INFO - [2024-07-07T21:15:30.617+0000] {dagbag.py:545} INFO - Filling up the DagBag from /home/airflow/.local/lib/python3.12/site-packages/airflow/example_dags/example_bash_decorator.py
[2024-07-07T21:15:30.630+0000] {processor.py:840} INFO - DAG(s) 'example_bash_decorator' retrieved from /home/airflow/.local/lib/python3.12/site-packages/airflow/example_dags/example_bash_decorator.py
[2024-07-07T21:15:30.651+0000] {logging_mixin.py:188} INFO - [2024-07-07T21:15:30.651+0000] {dag.py:3096} INFO - Sync 1 DAGs
[2024-07-07T21:15:30.662+0000] {logging_mixin.py:188} INFO - [2024-07-07T21:15:30.662+0000] {dag.py:3954} INFO - Setting next_dagrun for example_bash_decorator to None, run_after=None
[2024-07-07T21:15:30.682+0000] {processor.py:183} INFO - Processing /home/airflow/.local/lib/python3.12/site-packages/airflow/example_dags/example_bash_decorator.py took 0.074 seconds
