[2024-07-07T21:14:00.241+0000] {processor.py:161} INFO - Started process (PID=56) to work on /home/airflow/.local/lib/python3.12/site-packages/airflow/example_dags/example_params_trigger_ui.py
[2024-07-07T21:14:00.242+0000] {processor.py:830} INFO - Processing file /home/airflow/.local/lib/python3.12/site-packages/airflow/example_dags/example_params_trigger_ui.py for tasks to queue
[2024-07-07T21:14:00.243+0000] {logging_mixin.py:188} INFO - [2024-07-07T21:14:00.243+0000] {dagbag.py:545} INFO - Filling up the DagBag from /home/airflow/.local/lib/python3.12/site-packages/airflow/example_dags/example_params_trigger_ui.py
[2024-07-07T21:14:00.259+0000] {processor.py:840} INFO - DAG(s) 'example_params_trigger_ui' retrieved from /home/airflow/.local/lib/python3.12/site-packages/airflow/example_dags/example_params_trigger_ui.py
[2024-07-07T21:14:00.380+0000] {logging_mixin.py:188} INFO - [2024-07-07T21:14:00.379+0000] {override.py:1829} INFO - Created Permission View: can delete on DAG:example_params_trigger_ui
[2024-07-07T21:14:00.391+0000] {logging_mixin.py:188} INFO - [2024-07-07T21:14:00.391+0000] {override.py:1829} INFO - Created Permission View: can read on DAG:example_params_trigger_ui
[2024-07-07T21:14:00.399+0000] {logging_mixin.py:188} INFO - [2024-07-07T21:14:00.399+0000] {override.py:1829} INFO - Created Permission View: can edit on DAG:example_params_trigger_ui
[2024-07-07T21:14:00.400+0000] {logging_mixin.py:188} INFO - [2024-07-07T21:14:00.400+0000] {dag.py:3096} INFO - Sync 1 DAGs
[2024-07-07T21:14:00.415+0000] {logging_mixin.py:188} INFO - [2024-07-07T21:14:00.415+0000] {dag.py:3118} INFO - Creating ORM DAG for example_params_trigger_ui
[2024-07-07T21:14:00.417+0000] {logging_mixin.py:188} INFO - [2024-07-07T21:14:00.417+0000] {dag.py:3954} INFO - Setting next_dagrun for example_params_trigger_ui to None, run_after=None
[2024-07-07T21:14:00.438+0000] {processor.py:183} INFO - Processing /home/airflow/.local/lib/python3.12/site-packages/airflow/example_dags/example_params_trigger_ui.py took 0.202 seconds
[2024-07-07T21:14:30.758+0000] {processor.py:161} INFO - Started process (PID=114) to work on /home/airflow/.local/lib/python3.12/site-packages/airflow/example_dags/example_params_trigger_ui.py
[2024-07-07T21:14:30.759+0000] {processor.py:830} INFO - Processing file /home/airflow/.local/lib/python3.12/site-packages/airflow/example_dags/example_params_trigger_ui.py for tasks to queue
[2024-07-07T21:14:30.761+0000] {logging_mixin.py:188} INFO - [2024-07-07T21:14:30.761+0000] {dagbag.py:545} INFO - Filling up the DagBag from /home/airflow/.local/lib/python3.12/site-packages/airflow/example_dags/example_params_trigger_ui.py
[2024-07-07T21:14:30.775+0000] {processor.py:840} INFO - DAG(s) 'example_params_trigger_ui' retrieved from /home/airflow/.local/lib/python3.12/site-packages/airflow/example_dags/example_params_trigger_ui.py
[2024-07-07T21:14:30.829+0000] {logging_mixin.py:188} INFO - [2024-07-07T21:14:30.828+0000] {dag.py:3096} INFO - Sync 1 DAGs
[2024-07-07T21:14:30.845+0000] {logging_mixin.py:188} INFO - [2024-07-07T21:14:30.844+0000] {dag.py:3954} INFO - Setting next_dagrun for example_params_trigger_ui to None, run_after=None
[2024-07-07T21:14:30.866+0000] {processor.py:183} INFO - Processing /home/airflow/.local/lib/python3.12/site-packages/airflow/example_dags/example_params_trigger_ui.py took 0.113 seconds
[2024-07-07T21:15:01.351+0000] {processor.py:161} INFO - Started process (PID=173) to work on /home/airflow/.local/lib/python3.12/site-packages/airflow/example_dags/example_params_trigger_ui.py
[2024-07-07T21:15:01.352+0000] {processor.py:830} INFO - Processing file /home/airflow/.local/lib/python3.12/site-packages/airflow/example_dags/example_params_trigger_ui.py for tasks to queue
[2024-07-07T21:15:01.354+0000] {logging_mixin.py:188} INFO - [2024-07-07T21:15:01.354+0000] {dagbag.py:545} INFO - Filling up the DagBag from /home/airflow/.local/lib/python3.12/site-packages/airflow/example_dags/example_params_trigger_ui.py
[2024-07-07T21:15:01.367+0000] {processor.py:840} INFO - DAG(s) 'example_params_trigger_ui' retrieved from /home/airflow/.local/lib/python3.12/site-packages/airflow/example_dags/example_params_trigger_ui.py
[2024-07-07T21:15:01.426+0000] {logging_mixin.py:188} INFO - [2024-07-07T21:15:01.426+0000] {dag.py:3096} INFO - Sync 1 DAGs
[2024-07-07T21:15:01.442+0000] {logging_mixin.py:188} INFO - [2024-07-07T21:15:01.442+0000] {dag.py:3954} INFO - Setting next_dagrun for example_params_trigger_ui to None, run_after=None
[2024-07-07T21:15:01.464+0000] {processor.py:183} INFO - Processing /home/airflow/.local/lib/python3.12/site-packages/airflow/example_dags/example_params_trigger_ui.py took 0.117 seconds
[2024-07-07T21:15:32.316+0000] {processor.py:161} INFO - Started process (PID=231) to work on /home/airflow/.local/lib/python3.12/site-packages/airflow/example_dags/example_params_trigger_ui.py
[2024-07-07T21:15:32.319+0000] {processor.py:830} INFO - Processing file /home/airflow/.local/lib/python3.12/site-packages/airflow/example_dags/example_params_trigger_ui.py for tasks to queue
[2024-07-07T21:15:32.321+0000] {logging_mixin.py:188} INFO - [2024-07-07T21:15:32.321+0000] {dagbag.py:545} INFO - Filling up the DagBag from /home/airflow/.local/lib/python3.12/site-packages/airflow/example_dags/example_params_trigger_ui.py
[2024-07-07T21:15:32.345+0000] {processor.py:840} INFO - DAG(s) 'example_params_trigger_ui' retrieved from /home/airflow/.local/lib/python3.12/site-packages/airflow/example_dags/example_params_trigger_ui.py
[2024-07-07T21:15:32.415+0000] {logging_mixin.py:188} INFO - [2024-07-07T21:15:32.413+0000] {dag.py:3096} INFO - Sync 1 DAGs
[2024-07-07T21:15:32.437+0000] {logging_mixin.py:188} INFO - [2024-07-07T21:15:32.437+0000] {dag.py:3954} INFO - Setting next_dagrun for example_params_trigger_ui to None, run_after=None
[2024-07-07T21:15:32.459+0000] {processor.py:183} INFO - Processing /home/airflow/.local/lib/python3.12/site-packages/airflow/example_dags/example_params_trigger_ui.py took 0.149 seconds
