[2024-07-07T21:13:56.955+0000] {processor.py:161} INFO - Started process (PID=35) to work on /home/airflow/.local/lib/python3.12/site-packages/airflow/example_dags/example_sensor_decorator.py
[2024-07-07T21:13:56.956+0000] {processor.py:830} INFO - Processing file /home/airflow/.local/lib/python3.12/site-packages/airflow/example_dags/example_sensor_decorator.py for tasks to queue
[2024-07-07T21:13:56.958+0000] {logging_mixin.py:188} INFO - [2024-07-07T21:13:56.958+0000] {dagbag.py:545} INFO - Filling up the DagBag from /home/airflow/.local/lib/python3.12/site-packages/airflow/example_dags/example_sensor_decorator.py
[2024-07-07T21:13:56.965+0000] {processor.py:840} INFO - DAG(s) 'example_sensor_decorator' retrieved from /home/airflow/.local/lib/python3.12/site-packages/airflow/example_dags/example_sensor_decorator.py
[2024-07-07T21:13:57.101+0000] {logging_mixin.py:188} INFO - [2024-07-07T21:13:57.100+0000] {override.py:1829} INFO - Created Permission View: can delete on DAG:example_sensor_decorator
[2024-07-07T21:13:57.129+0000] {logging_mixin.py:188} INFO - [2024-07-07T21:13:57.129+0000] {override.py:1829} INFO - Created Permission View: can read on DAG:example_sensor_decorator
[2024-07-07T21:13:57.137+0000] {logging_mixin.py:188} INFO - [2024-07-07T21:13:57.137+0000] {override.py:1829} INFO - Created Permission View: can edit on DAG:example_sensor_decorator
[2024-07-07T21:13:57.138+0000] {logging_mixin.py:188} INFO - [2024-07-07T21:13:57.138+0000] {dag.py:3096} INFO - Sync 1 DAGs
[2024-07-07T21:13:57.151+0000] {logging_mixin.py:188} INFO - [2024-07-07T21:13:57.151+0000] {dag.py:3118} INFO - Creating ORM DAG for example_sensor_decorator
[2024-07-07T21:13:57.153+0000] {logging_mixin.py:188} INFO - [2024-07-07T21:13:57.153+0000] {dag.py:3954} INFO - Setting next_dagrun for example_sensor_decorator to None, run_after=None
[2024-07-07T21:13:57.178+0000] {processor.py:183} INFO - Processing /home/airflow/.local/lib/python3.12/site-packages/airflow/example_dags/example_sensor_decorator.py took 0.228 seconds
[2024-07-07T21:14:27.577+0000] {processor.py:161} INFO - Started process (PID=93) to work on /home/airflow/.local/lib/python3.12/site-packages/airflow/example_dags/example_sensor_decorator.py
[2024-07-07T21:14:27.578+0000] {processor.py:830} INFO - Processing file /home/airflow/.local/lib/python3.12/site-packages/airflow/example_dags/example_sensor_decorator.py for tasks to queue
[2024-07-07T21:14:27.579+0000] {logging_mixin.py:188} INFO - [2024-07-07T21:14:27.579+0000] {dagbag.py:545} INFO - Filling up the DagBag from /home/airflow/.local/lib/python3.12/site-packages/airflow/example_dags/example_sensor_decorator.py
[2024-07-07T21:14:27.585+0000] {processor.py:840} INFO - DAG(s) 'example_sensor_decorator' retrieved from /home/airflow/.local/lib/python3.12/site-packages/airflow/example_dags/example_sensor_decorator.py
[2024-07-07T21:14:27.607+0000] {logging_mixin.py:188} INFO - [2024-07-07T21:14:27.606+0000] {dag.py:3096} INFO - Sync 1 DAGs
[2024-07-07T21:14:27.619+0000] {logging_mixin.py:188} INFO - [2024-07-07T21:14:27.619+0000] {dag.py:3954} INFO - Setting next_dagrun for example_sensor_decorator to None, run_after=None
[2024-07-07T21:14:27.639+0000] {processor.py:183} INFO - Processing /home/airflow/.local/lib/python3.12/site-packages/airflow/example_dags/example_sensor_decorator.py took 0.068 seconds
[2024-07-07T21:14:58.201+0000] {processor.py:161} INFO - Started process (PID=152) to work on /home/airflow/.local/lib/python3.12/site-packages/airflow/example_dags/example_sensor_decorator.py
[2024-07-07T21:14:58.202+0000] {processor.py:830} INFO - Processing file /home/airflow/.local/lib/python3.12/site-packages/airflow/example_dags/example_sensor_decorator.py for tasks to queue
[2024-07-07T21:14:58.204+0000] {logging_mixin.py:188} INFO - [2024-07-07T21:14:58.203+0000] {dagbag.py:545} INFO - Filling up the DagBag from /home/airflow/.local/lib/python3.12/site-packages/airflow/example_dags/example_sensor_decorator.py
[2024-07-07T21:14:58.208+0000] {processor.py:840} INFO - DAG(s) 'example_sensor_decorator' retrieved from /home/airflow/.local/lib/python3.12/site-packages/airflow/example_dags/example_sensor_decorator.py
[2024-07-07T21:14:58.223+0000] {logging_mixin.py:188} INFO - [2024-07-07T21:14:58.223+0000] {dag.py:3096} INFO - Sync 1 DAGs
[2024-07-07T21:14:58.234+0000] {logging_mixin.py:188} INFO - [2024-07-07T21:14:58.233+0000] {dag.py:3954} INFO - Setting next_dagrun for example_sensor_decorator to None, run_after=None
[2024-07-07T21:14:58.249+0000] {processor.py:183} INFO - Processing /home/airflow/.local/lib/python3.12/site-packages/airflow/example_dags/example_sensor_decorator.py took 0.052 seconds
[2024-07-07T21:15:28.369+0000] {processor.py:161} INFO - Started process (PID=210) to work on /home/airflow/.local/lib/python3.12/site-packages/airflow/example_dags/example_sensor_decorator.py
[2024-07-07T21:15:28.370+0000] {processor.py:830} INFO - Processing file /home/airflow/.local/lib/python3.12/site-packages/airflow/example_dags/example_sensor_decorator.py for tasks to queue
[2024-07-07T21:15:28.371+0000] {logging_mixin.py:188} INFO - [2024-07-07T21:15:28.371+0000] {dagbag.py:545} INFO - Filling up the DagBag from /home/airflow/.local/lib/python3.12/site-packages/airflow/example_dags/example_sensor_decorator.py
[2024-07-07T21:15:28.376+0000] {processor.py:840} INFO - DAG(s) 'example_sensor_decorator' retrieved from /home/airflow/.local/lib/python3.12/site-packages/airflow/example_dags/example_sensor_decorator.py
[2024-07-07T21:15:28.394+0000] {logging_mixin.py:188} INFO - [2024-07-07T21:15:28.394+0000] {dag.py:3096} INFO - Sync 1 DAGs
[2024-07-07T21:15:28.406+0000] {logging_mixin.py:188} INFO - [2024-07-07T21:15:28.406+0000] {dag.py:3954} INFO - Setting next_dagrun for example_sensor_decorator to None, run_after=None
[2024-07-07T21:15:28.423+0000] {processor.py:183} INFO - Processing /home/airflow/.local/lib/python3.12/site-packages/airflow/example_dags/example_sensor_decorator.py took 0.058 seconds
