[2024-07-07T21:13:59.259+0000] {processor.py:161} INFO - Started process (PID=50) to work on /home/airflow/.local/lib/python3.12/site-packages/airflow/example_dags/example_time_delta_sensor_async.py
[2024-07-07T21:13:59.261+0000] {processor.py:830} INFO - Processing file /home/airflow/.local/lib/python3.12/site-packages/airflow/example_dags/example_time_delta_sensor_async.py for tasks to queue
[2024-07-07T21:13:59.264+0000] {logging_mixin.py:188} INFO - [2024-07-07T21:13:59.263+0000] {dagbag.py:545} INFO - Filling up the DagBag from /home/airflow/.local/lib/python3.12/site-packages/airflow/example_dags/example_time_delta_sensor_async.py
[2024-07-07T21:13:59.276+0000] {processor.py:840} INFO - DAG(s) 'example_time_delta_sensor_async' retrieved from /home/airflow/.local/lib/python3.12/site-packages/airflow/example_dags/example_time_delta_sensor_async.py
[2024-07-07T21:13:59.473+0000] {logging_mixin.py:188} INFO - [2024-07-07T21:13:59.472+0000] {override.py:1829} INFO - Created Permission View: can delete on DAG:example_time_delta_sensor_async
[2024-07-07T21:13:59.485+0000] {logging_mixin.py:188} INFO - [2024-07-07T21:13:59.485+0000] {override.py:1829} INFO - Created Permission View: can read on DAG:example_time_delta_sensor_async
[2024-07-07T21:13:59.493+0000] {logging_mixin.py:188} INFO - [2024-07-07T21:13:59.493+0000] {override.py:1829} INFO - Created Permission View: can edit on DAG:example_time_delta_sensor_async
[2024-07-07T21:13:59.494+0000] {logging_mixin.py:188} INFO - [2024-07-07T21:13:59.494+0000] {dag.py:3096} INFO - Sync 1 DAGs
[2024-07-07T21:13:59.519+0000] {logging_mixin.py:188} INFO - [2024-07-07T21:13:59.518+0000] {dag.py:3118} INFO - Creating ORM DAG for example_time_delta_sensor_async
[2024-07-07T21:13:59.520+0000] {logging_mixin.py:188} INFO - [2024-07-07T21:13:59.520+0000] {dag.py:3954} INFO - Setting next_dagrun for example_time_delta_sensor_async to None, run_after=None
[2024-07-07T21:13:59.541+0000] {processor.py:183} INFO - Processing /home/airflow/.local/lib/python3.12/site-packages/airflow/example_dags/example_time_delta_sensor_async.py took 0.300 seconds
[2024-07-07T21:14:30.255+0000] {processor.py:161} INFO - Started process (PID=108) to work on /home/airflow/.local/lib/python3.12/site-packages/airflow/example_dags/example_time_delta_sensor_async.py
[2024-07-07T21:14:30.256+0000] {processor.py:830} INFO - Processing file /home/airflow/.local/lib/python3.12/site-packages/airflow/example_dags/example_time_delta_sensor_async.py for tasks to queue
[2024-07-07T21:14:30.259+0000] {logging_mixin.py:188} INFO - [2024-07-07T21:14:30.259+0000] {dagbag.py:545} INFO - Filling up the DagBag from /home/airflow/.local/lib/python3.12/site-packages/airflow/example_dags/example_time_delta_sensor_async.py
[2024-07-07T21:14:30.265+0000] {processor.py:840} INFO - DAG(s) 'example_time_delta_sensor_async' retrieved from /home/airflow/.local/lib/python3.12/site-packages/airflow/example_dags/example_time_delta_sensor_async.py
[2024-07-07T21:14:30.291+0000] {logging_mixin.py:188} INFO - [2024-07-07T21:14:30.291+0000] {dag.py:3096} INFO - Sync 1 DAGs
[2024-07-07T21:14:30.308+0000] {logging_mixin.py:188} INFO - [2024-07-07T21:14:30.307+0000] {dag.py:3954} INFO - Setting next_dagrun for example_time_delta_sensor_async to None, run_after=None
[2024-07-07T21:14:30.337+0000] {processor.py:183} INFO - Processing /home/airflow/.local/lib/python3.12/site-packages/airflow/example_dags/example_time_delta_sensor_async.py took 0.089 seconds
[2024-07-07T21:15:01.007+0000] {processor.py:161} INFO - Started process (PID=167) to work on /home/airflow/.local/lib/python3.12/site-packages/airflow/example_dags/example_time_delta_sensor_async.py
[2024-07-07T21:15:01.008+0000] {processor.py:830} INFO - Processing file /home/airflow/.local/lib/python3.12/site-packages/airflow/example_dags/example_time_delta_sensor_async.py for tasks to queue
[2024-07-07T21:15:01.010+0000] {logging_mixin.py:188} INFO - [2024-07-07T21:15:01.009+0000] {dagbag.py:545} INFO - Filling up the DagBag from /home/airflow/.local/lib/python3.12/site-packages/airflow/example_dags/example_time_delta_sensor_async.py
[2024-07-07T21:15:01.015+0000] {processor.py:840} INFO - DAG(s) 'example_time_delta_sensor_async' retrieved from /home/airflow/.local/lib/python3.12/site-packages/airflow/example_dags/example_time_delta_sensor_async.py
[2024-07-07T21:15:01.033+0000] {logging_mixin.py:188} INFO - [2024-07-07T21:15:01.032+0000] {dag.py:3096} INFO - Sync 1 DAGs
[2024-07-07T21:15:01.045+0000] {logging_mixin.py:188} INFO - [2024-07-07T21:15:01.044+0000] {dag.py:3954} INFO - Setting next_dagrun for example_time_delta_sensor_async to None, run_after=None
[2024-07-07T21:15:01.063+0000] {processor.py:183} INFO - Processing /home/airflow/.local/lib/python3.12/site-packages/airflow/example_dags/example_time_delta_sensor_async.py took 0.060 seconds
[2024-07-07T21:15:31.314+0000] {processor.py:161} INFO - Started process (PID=225) to work on /home/airflow/.local/lib/python3.12/site-packages/airflow/example_dags/example_time_delta_sensor_async.py
[2024-07-07T21:15:31.316+0000] {processor.py:830} INFO - Processing file /home/airflow/.local/lib/python3.12/site-packages/airflow/example_dags/example_time_delta_sensor_async.py for tasks to queue
[2024-07-07T21:15:31.317+0000] {logging_mixin.py:188} INFO - [2024-07-07T21:15:31.317+0000] {dagbag.py:545} INFO - Filling up the DagBag from /home/airflow/.local/lib/python3.12/site-packages/airflow/example_dags/example_time_delta_sensor_async.py
[2024-07-07T21:15:31.321+0000] {processor.py:840} INFO - DAG(s) 'example_time_delta_sensor_async' retrieved from /home/airflow/.local/lib/python3.12/site-packages/airflow/example_dags/example_time_delta_sensor_async.py
[2024-07-07T21:15:31.340+0000] {logging_mixin.py:188} INFO - [2024-07-07T21:15:31.340+0000] {dag.py:3096} INFO - Sync 1 DAGs
[2024-07-07T21:15:31.353+0000] {logging_mixin.py:188} INFO - [2024-07-07T21:15:31.353+0000] {dag.py:3954} INFO - Setting next_dagrun for example_time_delta_sensor_async to None, run_after=None
[2024-07-07T21:15:31.372+0000] {processor.py:183} INFO - Processing /home/airflow/.local/lib/python3.12/site-packages/airflow/example_dags/example_time_delta_sensor_async.py took 0.062 seconds
