[2024-07-07T21:13:55.645+0000] {processor.py:161} INFO - Started process (PID=29) to work on /home/airflow/.local/lib/python3.12/site-packages/airflow/example_dags/example_branch_datetime_operator.py
[2024-07-07T21:13:55.646+0000] {processor.py:830} INFO - Processing file /home/airflow/.local/lib/python3.12/site-packages/airflow/example_dags/example_branch_datetime_operator.py for tasks to queue
[2024-07-07T21:13:55.648+0000] {logging_mixin.py:188} INFO - [2024-07-07T21:13:55.647+0000] {dagbag.py:545} INFO - Filling up the DagBag from /home/airflow/.local/lib/python3.12/site-packages/airflow/example_dags/example_branch_datetime_operator.py
[2024-07-07T21:13:55.669+0000] {processor.py:840} INFO - DAG(s) 'example_branch_datetime_operator_2', 'example_branch_datetime_operator', 'example_branch_datetime_operator_3' retrieved from /home/airflow/.local/lib/python3.12/site-packages/airflow/example_dags/example_branch_datetime_operator.py
[2024-07-07T21:13:55.925+0000] {logging_mixin.py:188} INFO - [2024-07-07T21:13:55.925+0000] {override.py:1829} INFO - Created Permission View: can delete on DAG:example_branch_datetime_operator_2
[2024-07-07T21:13:55.938+0000] {logging_mixin.py:188} INFO - [2024-07-07T21:13:55.937+0000] {override.py:1829} INFO - Created Permission View: can read on DAG:example_branch_datetime_operator_2
[2024-07-07T21:13:55.945+0000] {logging_mixin.py:188} INFO - [2024-07-07T21:13:55.945+0000] {override.py:1829} INFO - Created Permission View: can edit on DAG:example_branch_datetime_operator_2
[2024-07-07T21:13:55.963+0000] {logging_mixin.py:188} INFO - [2024-07-07T21:13:55.962+0000] {override.py:1829} INFO - Created Permission View: can delete on DAG:example_branch_datetime_operator
[2024-07-07T21:13:55.978+0000] {logging_mixin.py:188} INFO - [2024-07-07T21:13:55.978+0000] {override.py:1829} INFO - Created Permission View: can read on DAG:example_branch_datetime_operator
[2024-07-07T21:13:55.995+0000] {logging_mixin.py:188} INFO - [2024-07-07T21:13:55.994+0000] {override.py:1829} INFO - Created Permission View: can edit on DAG:example_branch_datetime_operator
[2024-07-07T21:13:56.017+0000] {logging_mixin.py:188} INFO - [2024-07-07T21:13:56.017+0000] {override.py:1829} INFO - Created Permission View: can delete on DAG:example_branch_datetime_operator_3
[2024-07-07T21:13:56.035+0000] {logging_mixin.py:188} INFO - [2024-07-07T21:13:56.035+0000] {override.py:1829} INFO - Created Permission View: can read on DAG:example_branch_datetime_operator_3
[2024-07-07T21:13:56.042+0000] {logging_mixin.py:188} INFO - [2024-07-07T21:13:56.042+0000] {override.py:1829} INFO - Created Permission View: can edit on DAG:example_branch_datetime_operator_3
[2024-07-07T21:13:56.043+0000] {logging_mixin.py:188} INFO - [2024-07-07T21:13:56.043+0000] {dag.py:3096} INFO - Sync 3 DAGs
[2024-07-07T21:13:56.061+0000] {logging_mixin.py:188} INFO - [2024-07-07T21:13:56.060+0000] {dag.py:3118} INFO - Creating ORM DAG for example_branch_datetime_operator_2
[2024-07-07T21:13:56.063+0000] {logging_mixin.py:188} INFO - [2024-07-07T21:13:56.063+0000] {dag.py:3118} INFO - Creating ORM DAG for example_branch_datetime_operator
[2024-07-07T21:13:56.064+0000] {logging_mixin.py:188} INFO - [2024-07-07T21:13:56.063+0000] {dag.py:3118} INFO - Creating ORM DAG for example_branch_datetime_operator_3
[2024-07-07T21:13:56.079+0000] {logging_mixin.py:188} INFO - [2024-07-07T21:13:56.079+0000] {dag.py:3954} INFO - Setting next_dagrun for example_branch_datetime_operator to 2024-07-06 00:00:00+00:00, run_after=2024-07-07 00:00:00+00:00
[2024-07-07T21:13:56.082+0000] {logging_mixin.py:188} INFO - [2024-07-07T21:13:56.082+0000] {dag.py:3954} INFO - Setting next_dagrun for example_branch_datetime_operator_2 to 2024-07-06 00:00:00+00:00, run_after=2024-07-07 00:00:00+00:00
[2024-07-07T21:13:56.084+0000] {logging_mixin.py:188} INFO - [2024-07-07T21:13:56.084+0000] {dag.py:3954} INFO - Setting next_dagrun for example_branch_datetime_operator_3 to 2024-07-06 00:00:00+00:00, run_after=2024-07-07 00:00:00+00:00
[2024-07-07T21:13:56.117+0000] {processor.py:183} INFO - Processing /home/airflow/.local/lib/python3.12/site-packages/airflow/example_dags/example_branch_datetime_operator.py took 0.476 seconds
[2024-07-07T21:14:26.234+0000] {processor.py:161} INFO - Started process (PID=87) to work on /home/airflow/.local/lib/python3.12/site-packages/airflow/example_dags/example_branch_datetime_operator.py
[2024-07-07T21:14:26.235+0000] {processor.py:830} INFO - Processing file /home/airflow/.local/lib/python3.12/site-packages/airflow/example_dags/example_branch_datetime_operator.py for tasks to queue
[2024-07-07T21:14:26.237+0000] {logging_mixin.py:188} INFO - [2024-07-07T21:14:26.237+0000] {dagbag.py:545} INFO - Filling up the DagBag from /home/airflow/.local/lib/python3.12/site-packages/airflow/example_dags/example_branch_datetime_operator.py
[2024-07-07T21:14:26.251+0000] {processor.py:840} INFO - DAG(s) 'example_branch_datetime_operator', 'example_branch_datetime_operator_2', 'example_branch_datetime_operator_3' retrieved from /home/airflow/.local/lib/python3.12/site-packages/airflow/example_dags/example_branch_datetime_operator.py
[2024-07-07T21:14:26.281+0000] {logging_mixin.py:188} INFO - [2024-07-07T21:14:26.280+0000] {dag.py:3096} INFO - Sync 3 DAGs
[2024-07-07T21:14:26.314+0000] {logging_mixin.py:188} INFO - [2024-07-07T21:14:26.314+0000] {dag.py:3954} INFO - Setting next_dagrun for example_branch_datetime_operator to 2024-07-06 00:00:00+00:00, run_after=2024-07-07 00:00:00+00:00
[2024-07-07T21:14:26.324+0000] {logging_mixin.py:188} INFO - [2024-07-07T21:14:26.324+0000] {dag.py:3954} INFO - Setting next_dagrun for example_branch_datetime_operator_2 to 2024-07-06 00:00:00+00:00, run_after=2024-07-07 00:00:00+00:00
[2024-07-07T21:14:26.327+0000] {logging_mixin.py:188} INFO - [2024-07-07T21:14:26.327+0000] {dag.py:3954} INFO - Setting next_dagrun for example_branch_datetime_operator_3 to 2024-07-06 00:00:00+00:00, run_after=2024-07-07 00:00:00+00:00
[2024-07-07T21:14:26.345+0000] {processor.py:183} INFO - Processing /home/airflow/.local/lib/python3.12/site-packages/airflow/example_dags/example_branch_datetime_operator.py took 0.115 seconds
[2024-07-07T21:14:56.737+0000] {processor.py:161} INFO - Started process (PID=146) to work on /home/airflow/.local/lib/python3.12/site-packages/airflow/example_dags/example_branch_datetime_operator.py
[2024-07-07T21:14:56.738+0000] {processor.py:830} INFO - Processing file /home/airflow/.local/lib/python3.12/site-packages/airflow/example_dags/example_branch_datetime_operator.py for tasks to queue
[2024-07-07T21:14:56.740+0000] {logging_mixin.py:188} INFO - [2024-07-07T21:14:56.740+0000] {dagbag.py:545} INFO - Filling up the DagBag from /home/airflow/.local/lib/python3.12/site-packages/airflow/example_dags/example_branch_datetime_operator.py
[2024-07-07T21:14:56.749+0000] {processor.py:840} INFO - DAG(s) 'example_branch_datetime_operator_3', 'example_branch_datetime_operator', 'example_branch_datetime_operator_2' retrieved from /home/airflow/.local/lib/python3.12/site-packages/airflow/example_dags/example_branch_datetime_operator.py
[2024-07-07T21:14:56.778+0000] {logging_mixin.py:188} INFO - [2024-07-07T21:14:56.777+0000] {dag.py:3096} INFO - Sync 3 DAGs
[2024-07-07T21:14:56.806+0000] {logging_mixin.py:188} INFO - [2024-07-07T21:14:56.805+0000] {dag.py:3954} INFO - Setting next_dagrun for example_branch_datetime_operator to 2024-07-06 00:00:00+00:00, run_after=2024-07-07 00:00:00+00:00
[2024-07-07T21:14:56.812+0000] {logging_mixin.py:188} INFO - [2024-07-07T21:14:56.812+0000] {dag.py:3954} INFO - Setting next_dagrun for example_branch_datetime_operator_2 to 2024-07-06 00:00:00+00:00, run_after=2024-07-07 00:00:00+00:00
[2024-07-07T21:14:56.816+0000] {logging_mixin.py:188} INFO - [2024-07-07T21:14:56.816+0000] {dag.py:3954} INFO - Setting next_dagrun for example_branch_datetime_operator_3 to 2024-07-06 00:00:00+00:00, run_after=2024-07-07 00:00:00+00:00
[2024-07-07T21:14:56.839+0000] {processor.py:183} INFO - Processing /home/airflow/.local/lib/python3.12/site-packages/airflow/example_dags/example_branch_datetime_operator.py took 0.106 seconds
[2024-07-07T21:15:26.935+0000] {processor.py:161} INFO - Started process (PID=204) to work on /home/airflow/.local/lib/python3.12/site-packages/airflow/example_dags/example_branch_datetime_operator.py
[2024-07-07T21:15:26.936+0000] {processor.py:830} INFO - Processing file /home/airflow/.local/lib/python3.12/site-packages/airflow/example_dags/example_branch_datetime_operator.py for tasks to queue
[2024-07-07T21:15:26.938+0000] {logging_mixin.py:188} INFO - [2024-07-07T21:15:26.937+0000] {dagbag.py:545} INFO - Filling up the DagBag from /home/airflow/.local/lib/python3.12/site-packages/airflow/example_dags/example_branch_datetime_operator.py
[2024-07-07T21:15:26.947+0000] {processor.py:840} INFO - DAG(s) 'example_branch_datetime_operator', 'example_branch_datetime_operator_3', 'example_branch_datetime_operator_2' retrieved from /home/airflow/.local/lib/python3.12/site-packages/airflow/example_dags/example_branch_datetime_operator.py
[2024-07-07T21:15:26.975+0000] {logging_mixin.py:188} INFO - [2024-07-07T21:15:26.974+0000] {dag.py:3096} INFO - Sync 3 DAGs
[2024-07-07T21:15:26.999+0000] {logging_mixin.py:188} INFO - [2024-07-07T21:15:26.999+0000] {dag.py:3954} INFO - Setting next_dagrun for example_branch_datetime_operator to 2024-07-06 00:00:00+00:00, run_after=2024-07-07 00:00:00+00:00
[2024-07-07T21:15:27.004+0000] {logging_mixin.py:188} INFO - [2024-07-07T21:15:27.004+0000] {dag.py:3954} INFO - Setting next_dagrun for example_branch_datetime_operator_2 to 2024-07-06 00:00:00+00:00, run_after=2024-07-07 00:00:00+00:00
[2024-07-07T21:15:27.007+0000] {logging_mixin.py:188} INFO - [2024-07-07T21:15:27.007+0000] {dag.py:3954} INFO - Setting next_dagrun for example_branch_datetime_operator_3 to 2024-07-06 00:00:00+00:00, run_after=2024-07-07 00:00:00+00:00
[2024-07-07T21:15:27.024+0000] {processor.py:183} INFO - Processing /home/airflow/.local/lib/python3.12/site-packages/airflow/example_dags/example_branch_datetime_operator.py took 0.094 seconds
