[2024-07-07T21:14:00.569+0000] {processor.py:161} INFO - Started process (PID=59) to work on /home/airflow/.local/lib/python3.12/site-packages/airflow/example_dags/example_skip_dag.py
[2024-07-07T21:14:00.570+0000] {processor.py:830} INFO - Processing file /home/airflow/.local/lib/python3.12/site-packages/airflow/example_dags/example_skip_dag.py for tasks to queue
[2024-07-07T21:14:00.572+0000] {logging_mixin.py:188} INFO - [2024-07-07T21:14:00.572+0000] {dagbag.py:545} INFO - Filling up the DagBag from /home/airflow/.local/lib/python3.12/site-packages/airflow/example_dags/example_skip_dag.py
[2024-07-07T21:14:00.582+0000] {processor.py:840} INFO - DAG(s) 'example_skip_dag' retrieved from /home/airflow/.local/lib/python3.12/site-packages/airflow/example_dags/example_skip_dag.py
[2024-07-07T21:14:00.689+0000] {logging_mixin.py:188} INFO - [2024-07-07T21:14:00.688+0000] {override.py:1829} INFO - Created Permission View: can delete on DAG:example_skip_dag
[2024-07-07T21:14:00.700+0000] {logging_mixin.py:188} INFO - [2024-07-07T21:14:00.699+0000] {override.py:1829} INFO - Created Permission View: can read on DAG:example_skip_dag
[2024-07-07T21:14:00.709+0000] {logging_mixin.py:188} INFO - [2024-07-07T21:14:00.708+0000] {override.py:1829} INFO - Created Permission View: can edit on DAG:example_skip_dag
[2024-07-07T21:14:00.709+0000] {logging_mixin.py:188} INFO - [2024-07-07T21:14:00.709+0000] {dag.py:3096} INFO - Sync 1 DAGs
[2024-07-07T21:14:00.720+0000] {logging_mixin.py:188} INFO - [2024-07-07T21:14:00.719+0000] {dag.py:3118} INFO - Creating ORM DAG for example_skip_dag
[2024-07-07T21:14:00.731+0000] {logging_mixin.py:188} INFO - [2024-07-07T21:14:00.730+0000] {dag.py:3954} INFO - Setting next_dagrun for example_skip_dag to 2024-07-06 00:00:00+00:00, run_after=2024-07-07 00:00:00+00:00
[2024-07-07T21:14:00.748+0000] {processor.py:183} INFO - Processing /home/airflow/.local/lib/python3.12/site-packages/airflow/example_dags/example_skip_dag.py took 0.185 seconds
[2024-07-07T21:14:30.938+0000] {processor.py:161} INFO - Started process (PID=117) to work on /home/airflow/.local/lib/python3.12/site-packages/airflow/example_dags/example_skip_dag.py
[2024-07-07T21:14:30.940+0000] {processor.py:830} INFO - Processing file /home/airflow/.local/lib/python3.12/site-packages/airflow/example_dags/example_skip_dag.py for tasks to queue
[2024-07-07T21:14:30.944+0000] {logging_mixin.py:188} INFO - [2024-07-07T21:14:30.944+0000] {dagbag.py:545} INFO - Filling up the DagBag from /home/airflow/.local/lib/python3.12/site-packages/airflow/example_dags/example_skip_dag.py
[2024-07-07T21:14:30.957+0000] {processor.py:840} INFO - DAG(s) 'example_skip_dag' retrieved from /home/airflow/.local/lib/python3.12/site-packages/airflow/example_dags/example_skip_dag.py
[2024-07-07T21:14:30.997+0000] {logging_mixin.py:188} INFO - [2024-07-07T21:14:30.996+0000] {dag.py:3096} INFO - Sync 1 DAGs
[2024-07-07T21:14:31.022+0000] {logging_mixin.py:188} INFO - [2024-07-07T21:14:31.022+0000] {dag.py:3954} INFO - Setting next_dagrun for example_skip_dag to 2024-07-06 00:00:00+00:00, run_after=2024-07-07 00:00:00+00:00
[2024-07-07T21:14:31.042+0000] {processor.py:183} INFO - Processing /home/airflow/.local/lib/python3.12/site-packages/airflow/example_dags/example_skip_dag.py took 0.109 seconds
[2024-07-07T21:15:01.508+0000] {processor.py:161} INFO - Started process (PID=176) to work on /home/airflow/.local/lib/python3.12/site-packages/airflow/example_dags/example_skip_dag.py
[2024-07-07T21:15:01.509+0000] {processor.py:830} INFO - Processing file /home/airflow/.local/lib/python3.12/site-packages/airflow/example_dags/example_skip_dag.py for tasks to queue
[2024-07-07T21:15:01.511+0000] {logging_mixin.py:188} INFO - [2024-07-07T21:15:01.511+0000] {dagbag.py:545} INFO - Filling up the DagBag from /home/airflow/.local/lib/python3.12/site-packages/airflow/example_dags/example_skip_dag.py
[2024-07-07T21:15:01.518+0000] {processor.py:840} INFO - DAG(s) 'example_skip_dag' retrieved from /home/airflow/.local/lib/python3.12/site-packages/airflow/example_dags/example_skip_dag.py
[2024-07-07T21:15:01.540+0000] {logging_mixin.py:188} INFO - [2024-07-07T21:15:01.539+0000] {dag.py:3096} INFO - Sync 1 DAGs
[2024-07-07T21:15:01.563+0000] {logging_mixin.py:188} INFO - [2024-07-07T21:15:01.563+0000] {dag.py:3954} INFO - Setting next_dagrun for example_skip_dag to 2024-07-06 00:00:00+00:00, run_after=2024-07-07 00:00:00+00:00
[2024-07-07T21:15:01.585+0000] {processor.py:183} INFO - Processing /home/airflow/.local/lib/python3.12/site-packages/airflow/example_dags/example_skip_dag.py took 0.082 seconds
