[2024-07-07T21:14:00.986+0000] {processor.py:161} INFO - Started process (PID=63) to work on /home/airflow/.local/lib/python3.12/site-packages/airflow/example_dags/example_local_kubernetes_executor.py
[2024-07-07T21:14:00.987+0000] {processor.py:830} INFO - Processing file /home/airflow/.local/lib/python3.12/site-packages/airflow/example_dags/example_local_kubernetes_executor.py for tasks to queue
[2024-07-07T21:14:00.989+0000] {logging_mixin.py:188} INFO - [2024-07-07T21:14:00.989+0000] {dagbag.py:545} INFO - Filling up the DagBag from /home/airflow/.local/lib/python3.12/site-packages/airflow/example_dags/example_local_kubernetes_executor.py
[2024-07-07T21:14:00.998+0000] {processor.py:840} INFO - DAG(s) 'example_local_kubernetes_executor' retrieved from /home/airflow/.local/lib/python3.12/site-packages/airflow/example_dags/example_local_kubernetes_executor.py
[2024-07-07T21:14:01.107+0000] {logging_mixin.py:188} INFO - [2024-07-07T21:14:01.106+0000] {override.py:1829} INFO - Created Permission View: can delete on DAG:example_local_kubernetes_executor
[2024-07-07T21:14:01.118+0000] {logging_mixin.py:188} INFO - [2024-07-07T21:14:01.118+0000] {override.py:1829} INFO - Created Permission View: can read on DAG:example_local_kubernetes_executor
[2024-07-07T21:14:01.126+0000] {logging_mixin.py:188} INFO - [2024-07-07T21:14:01.126+0000] {override.py:1829} INFO - Created Permission View: can edit on DAG:example_local_kubernetes_executor
[2024-07-07T21:14:01.127+0000] {logging_mixin.py:188} INFO - [2024-07-07T21:14:01.127+0000] {dag.py:3096} INFO - Sync 1 DAGs
[2024-07-07T21:14:01.140+0000] {logging_mixin.py:188} INFO - [2024-07-07T21:14:01.139+0000] {dag.py:3118} INFO - Creating ORM DAG for example_local_kubernetes_executor
[2024-07-07T21:14:01.140+0000] {logging_mixin.py:188} INFO - [2024-07-07T21:14:01.140+0000] {dag.py:3954} INFO - Setting next_dagrun for example_local_kubernetes_executor to None, run_after=None
[2024-07-07T21:14:01.159+0000] {processor.py:183} INFO - Processing /home/airflow/.local/lib/python3.12/site-packages/airflow/example_dags/example_local_kubernetes_executor.py took 0.176 seconds
[2024-07-07T21:14:31.236+0000] {processor.py:161} INFO - Started process (PID=121) to work on /home/airflow/.local/lib/python3.12/site-packages/airflow/example_dags/example_local_kubernetes_executor.py
[2024-07-07T21:14:31.237+0000] {processor.py:830} INFO - Processing file /home/airflow/.local/lib/python3.12/site-packages/airflow/example_dags/example_local_kubernetes_executor.py for tasks to queue
[2024-07-07T21:14:31.239+0000] {logging_mixin.py:188} INFO - [2024-07-07T21:14:31.238+0000] {dagbag.py:545} INFO - Filling up the DagBag from /home/airflow/.local/lib/python3.12/site-packages/airflow/example_dags/example_local_kubernetes_executor.py
[2024-07-07T21:14:31.245+0000] {processor.py:840} INFO - DAG(s) 'example_local_kubernetes_executor' retrieved from /home/airflow/.local/lib/python3.12/site-packages/airflow/example_dags/example_local_kubernetes_executor.py
[2024-07-07T21:14:31.296+0000] {logging_mixin.py:188} INFO - [2024-07-07T21:14:31.296+0000] {dag.py:3096} INFO - Sync 1 DAGs
[2024-07-07T21:14:31.313+0000] {logging_mixin.py:188} INFO - [2024-07-07T21:14:31.313+0000] {dag.py:3954} INFO - Setting next_dagrun for example_local_kubernetes_executor to None, run_after=None
[2024-07-07T21:14:31.332+0000] {processor.py:183} INFO - Processing /home/airflow/.local/lib/python3.12/site-packages/airflow/example_dags/example_local_kubernetes_executor.py took 0.100 seconds
[2024-07-07T21:15:01.829+0000] {processor.py:161} INFO - Started process (PID=180) to work on /home/airflow/.local/lib/python3.12/site-packages/airflow/example_dags/example_local_kubernetes_executor.py
[2024-07-07T21:15:01.830+0000] {processor.py:830} INFO - Processing file /home/airflow/.local/lib/python3.12/site-packages/airflow/example_dags/example_local_kubernetes_executor.py for tasks to queue
[2024-07-07T21:15:01.831+0000] {logging_mixin.py:188} INFO - [2024-07-07T21:15:01.831+0000] {dagbag.py:545} INFO - Filling up the DagBag from /home/airflow/.local/lib/python3.12/site-packages/airflow/example_dags/example_local_kubernetes_executor.py
[2024-07-07T21:15:01.842+0000] {processor.py:840} INFO - DAG(s) 'example_local_kubernetes_executor' retrieved from /home/airflow/.local/lib/python3.12/site-packages/airflow/example_dags/example_local_kubernetes_executor.py
[2024-07-07T21:15:01.886+0000] {logging_mixin.py:188} INFO - [2024-07-07T21:15:01.886+0000] {dag.py:3096} INFO - Sync 1 DAGs
[2024-07-07T21:15:01.899+0000] {logging_mixin.py:188} INFO - [2024-07-07T21:15:01.899+0000] {dag.py:3954} INFO - Setting next_dagrun for example_local_kubernetes_executor to None, run_after=None
[2024-07-07T21:15:01.921+0000] {processor.py:183} INFO - Processing /home/airflow/.local/lib/python3.12/site-packages/airflow/example_dags/example_local_kubernetes_executor.py took 0.097 seconds
