[2024-07-07T21:13:57.243+0000] {processor.py:161} INFO - Started process (PID=37) to work on /home/airflow/.local/lib/python3.12/site-packages/airflow/example_dags/example_sla_dag.py
[2024-07-07T21:13:57.244+0000] {processor.py:830} INFO - Processing file /home/airflow/.local/lib/python3.12/site-packages/airflow/example_dags/example_sla_dag.py for tasks to queue
[2024-07-07T21:13:57.252+0000] {logging_mixin.py:188} INFO - [2024-07-07T21:13:57.248+0000] {dagbag.py:545} INFO - Filling up the DagBag from /home/airflow/.local/lib/python3.12/site-packages/airflow/example_dags/example_sla_dag.py
[2024-07-07T21:13:57.268+0000] {processor.py:840} INFO - DAG(s) 'example_sla_dag' retrieved from /home/airflow/.local/lib/python3.12/site-packages/airflow/example_dags/example_sla_dag.py
[2024-07-07T21:13:57.400+0000] {logging_mixin.py:188} INFO - [2024-07-07T21:13:57.399+0000] {override.py:1829} INFO - Created Permission View: can delete on DAG:example_sla_dag
[2024-07-07T21:13:57.414+0000] {logging_mixin.py:188} INFO - [2024-07-07T21:13:57.413+0000] {override.py:1829} INFO - Created Permission View: can read on DAG:example_sla_dag
[2024-07-07T21:13:57.515+0000] {logging_mixin.py:188} INFO - [2024-07-07T21:13:57.515+0000] {override.py:1829} INFO - Created Permission View: can edit on DAG:example_sla_dag
[2024-07-07T21:13:57.516+0000] {logging_mixin.py:188} INFO - [2024-07-07T21:13:57.516+0000] {dag.py:3096} INFO - Sync 1 DAGs
[2024-07-07T21:13:57.530+0000] {logging_mixin.py:188} INFO - [2024-07-07T21:13:57.530+0000] {dag.py:3118} INFO - Creating ORM DAG for example_sla_dag
[2024-07-07T21:13:57.547+0000] {logging_mixin.py:188} INFO - [2024-07-07T21:13:57.547+0000] {dag.py:3954} INFO - Setting next_dagrun for example_sla_dag to 2024-07-07 21:10:00+00:00, run_after=2024-07-07 21:12:00+00:00
[2024-07-07T21:13:57.580+0000] {processor.py:183} INFO - Processing /home/airflow/.local/lib/python3.12/site-packages/airflow/example_dags/example_sla_dag.py took 0.343 seconds
[2024-07-07T21:14:27.667+0000] {processor.py:161} INFO - Started process (PID=95) to work on /home/airflow/.local/lib/python3.12/site-packages/airflow/example_dags/example_sla_dag.py
[2024-07-07T21:14:27.668+0000] {processor.py:830} INFO - Processing file /home/airflow/.local/lib/python3.12/site-packages/airflow/example_dags/example_sla_dag.py for tasks to queue
[2024-07-07T21:14:27.670+0000] {logging_mixin.py:188} INFO - [2024-07-07T21:14:27.669+0000] {dagbag.py:545} INFO - Filling up the DagBag from /home/airflow/.local/lib/python3.12/site-packages/airflow/example_dags/example_sla_dag.py
[2024-07-07T21:14:27.680+0000] {processor.py:840} INFO - DAG(s) 'example_sla_dag' retrieved from /home/airflow/.local/lib/python3.12/site-packages/airflow/example_dags/example_sla_dag.py
[2024-07-07T21:14:27.703+0000] {logging_mixin.py:188} INFO - [2024-07-07T21:14:27.702+0000] {dag.py:3096} INFO - Sync 1 DAGs
[2024-07-07T21:14:27.732+0000] {logging_mixin.py:188} INFO - [2024-07-07T21:14:27.731+0000] {dag.py:3954} INFO - Setting next_dagrun for example_sla_dag to 2024-07-07 21:12:00+00:00, run_after=2024-07-07 21:14:00+00:00
[2024-07-07T21:14:27.757+0000] {processor.py:183} INFO - Processing /home/airflow/.local/lib/python3.12/site-packages/airflow/example_dags/example_sla_dag.py took 0.095 seconds
[2024-07-07T21:14:58.279+0000] {processor.py:161} INFO - Started process (PID=154) to work on /home/airflow/.local/lib/python3.12/site-packages/airflow/example_dags/example_sla_dag.py
[2024-07-07T21:14:58.279+0000] {processor.py:830} INFO - Processing file /home/airflow/.local/lib/python3.12/site-packages/airflow/example_dags/example_sla_dag.py for tasks to queue
[2024-07-07T21:14:58.281+0000] {logging_mixin.py:188} INFO - [2024-07-07T21:14:58.280+0000] {dagbag.py:545} INFO - Filling up the DagBag from /home/airflow/.local/lib/python3.12/site-packages/airflow/example_dags/example_sla_dag.py
[2024-07-07T21:14:58.287+0000] {processor.py:840} INFO - DAG(s) 'example_sla_dag' retrieved from /home/airflow/.local/lib/python3.12/site-packages/airflow/example_dags/example_sla_dag.py
[2024-07-07T21:14:58.305+0000] {logging_mixin.py:188} INFO - [2024-07-07T21:14:58.304+0000] {dag.py:3096} INFO - Sync 1 DAGs
[2024-07-07T21:14:58.327+0000] {logging_mixin.py:188} INFO - [2024-07-07T21:14:58.327+0000] {dag.py:3954} INFO - Setting next_dagrun for example_sla_dag to 2024-07-07 21:12:00+00:00, run_after=2024-07-07 21:14:00+00:00
[2024-07-07T21:14:58.346+0000] {processor.py:183} INFO - Processing /home/airflow/.local/lib/python3.12/site-packages/airflow/example_dags/example_sla_dag.py took 0.071 seconds
[2024-07-07T21:15:28.498+0000] {processor.py:161} INFO - Started process (PID=212) to work on /home/airflow/.local/lib/python3.12/site-packages/airflow/example_dags/example_sla_dag.py
[2024-07-07T21:15:28.499+0000] {processor.py:830} INFO - Processing file /home/airflow/.local/lib/python3.12/site-packages/airflow/example_dags/example_sla_dag.py for tasks to queue
[2024-07-07T21:15:28.500+0000] {logging_mixin.py:188} INFO - [2024-07-07T21:15:28.500+0000] {dagbag.py:545} INFO - Filling up the DagBag from /home/airflow/.local/lib/python3.12/site-packages/airflow/example_dags/example_sla_dag.py
[2024-07-07T21:15:28.508+0000] {processor.py:840} INFO - DAG(s) 'example_sla_dag' retrieved from /home/airflow/.local/lib/python3.12/site-packages/airflow/example_dags/example_sla_dag.py
[2024-07-07T21:15:28.525+0000] {logging_mixin.py:188} INFO - [2024-07-07T21:15:28.525+0000] {dag.py:3096} INFO - Sync 1 DAGs
[2024-07-07T21:15:28.547+0000] {logging_mixin.py:188} INFO - [2024-07-07T21:15:28.547+0000] {dag.py:3954} INFO - Setting next_dagrun for example_sla_dag to 2024-07-07 21:12:00+00:00, run_after=2024-07-07 21:14:00+00:00
[2024-07-07T21:15:28.562+0000] {processor.py:183} INFO - Processing /home/airflow/.local/lib/python3.12/site-packages/airflow/example_dags/example_sla_dag.py took 0.069 seconds
