[2024-07-07T21:13:59.776+0000] {processor.py:161} INFO - Started process (PID=53) to work on /home/airflow/.local/lib/python3.12/site-packages/airflow/example_dags/example_datasets.py
[2024-07-07T21:13:59.778+0000] {processor.py:830} INFO - Processing file /home/airflow/.local/lib/python3.12/site-packages/airflow/example_dags/example_datasets.py for tasks to queue
[2024-07-07T21:13:59.783+0000] {logging_mixin.py:188} INFO - [2024-07-07T21:13:59.782+0000] {dagbag.py:545} INFO - Filling up the DagBag from /home/airflow/.local/lib/python3.12/site-packages/airflow/example_dags/example_datasets.py
[2024-07-07T21:13:59.803+0000] {processor.py:840} INFO - DAG(s) 'dataset_consumes_1_never_scheduled', 'consume_1_or_both_2_and_3_with_dataset_expressions', 'dataset_consumes_unknown_never_scheduled', 'conditional_dataset_and_time_based_timetable', 'consume_1_or_2_with_dataset_expressions', 'dataset_consumes_1_and_2', 'dataset_produces_1', 'dataset_produces_2', 'dataset_consumes_1', 'consume_1_and_2_with_dataset_expressions' retrieved from /home/airflow/.local/lib/python3.12/site-packages/airflow/example_dags/example_datasets.py
[2024-07-07T21:13:59.933+0000] {logging_mixin.py:188} INFO - [2024-07-07T21:13:59.931+0000] {override.py:1829} INFO - Created Permission View: can delete on DAG:dataset_consumes_1_never_scheduled
[2024-07-07T21:13:59.946+0000] {logging_mixin.py:188} INFO - [2024-07-07T21:13:59.945+0000] {override.py:1829} INFO - Created Permission View: can read on DAG:dataset_consumes_1_never_scheduled
[2024-07-07T21:13:59.953+0000] {logging_mixin.py:188} INFO - [2024-07-07T21:13:59.953+0000] {override.py:1829} INFO - Created Permission View: can edit on DAG:dataset_consumes_1_never_scheduled
[2024-07-07T21:13:59.970+0000] {logging_mixin.py:188} INFO - [2024-07-07T21:13:59.970+0000] {override.py:1829} INFO - Created Permission View: can delete on DAG:consume_1_or_both_2_and_3_with_dataset_expressions
[2024-07-07T21:13:59.978+0000] {logging_mixin.py:188} INFO - [2024-07-07T21:13:59.978+0000] {override.py:1829} INFO - Created Permission View: can read on DAG:consume_1_or_both_2_and_3_with_dataset_expressions
[2024-07-07T21:13:59.985+0000] {logging_mixin.py:188} INFO - [2024-07-07T21:13:59.984+0000] {override.py:1829} INFO - Created Permission View: can edit on DAG:consume_1_or_both_2_and_3_with_dataset_expressions
[2024-07-07T21:13:59.997+0000] {logging_mixin.py:188} INFO - [2024-07-07T21:13:59.996+0000] {override.py:1829} INFO - Created Permission View: can delete on DAG:dataset_consumes_unknown_never_scheduled
[2024-07-07T21:14:00.005+0000] {logging_mixin.py:188} INFO - [2024-07-07T21:14:00.004+0000] {override.py:1829} INFO - Created Permission View: can read on DAG:dataset_consumes_unknown_never_scheduled
[2024-07-07T21:14:00.014+0000] {logging_mixin.py:188} INFO - [2024-07-07T21:14:00.014+0000] {override.py:1829} INFO - Created Permission View: can edit on DAG:dataset_consumes_unknown_never_scheduled
[2024-07-07T21:14:00.027+0000] {logging_mixin.py:188} INFO - [2024-07-07T21:14:00.027+0000] {override.py:1829} INFO - Created Permission View: can delete on DAG:conditional_dataset_and_time_based_timetable
[2024-07-07T21:14:00.034+0000] {logging_mixin.py:188} INFO - [2024-07-07T21:14:00.034+0000] {override.py:1829} INFO - Created Permission View: can read on DAG:conditional_dataset_and_time_based_timetable
[2024-07-07T21:14:00.042+0000] {logging_mixin.py:188} INFO - [2024-07-07T21:14:00.042+0000] {override.py:1829} INFO - Created Permission View: can edit on DAG:conditional_dataset_and_time_based_timetable
[2024-07-07T21:14:00.057+0000] {logging_mixin.py:188} INFO - [2024-07-07T21:14:00.056+0000] {override.py:1829} INFO - Created Permission View: can delete on DAG:consume_1_or_2_with_dataset_expressions
[2024-07-07T21:14:00.064+0000] {logging_mixin.py:188} INFO - [2024-07-07T21:14:00.063+0000] {override.py:1829} INFO - Created Permission View: can read on DAG:consume_1_or_2_with_dataset_expressions
[2024-07-07T21:14:00.071+0000] {logging_mixin.py:188} INFO - [2024-07-07T21:14:00.070+0000] {override.py:1829} INFO - Created Permission View: can edit on DAG:consume_1_or_2_with_dataset_expressions
[2024-07-07T21:14:00.083+0000] {logging_mixin.py:188} INFO - [2024-07-07T21:14:00.083+0000] {override.py:1829} INFO - Created Permission View: can delete on DAG:dataset_consumes_1_and_2
[2024-07-07T21:14:00.090+0000] {logging_mixin.py:188} INFO - [2024-07-07T21:14:00.090+0000] {override.py:1829} INFO - Created Permission View: can read on DAG:dataset_consumes_1_and_2
[2024-07-07T21:14:00.097+0000] {logging_mixin.py:188} INFO - [2024-07-07T21:14:00.096+0000] {override.py:1829} INFO - Created Permission View: can edit on DAG:dataset_consumes_1_and_2
[2024-07-07T21:14:00.109+0000] {logging_mixin.py:188} INFO - [2024-07-07T21:14:00.109+0000] {override.py:1829} INFO - Created Permission View: can delete on DAG:dataset_produces_1
[2024-07-07T21:14:00.115+0000] {logging_mixin.py:188} INFO - [2024-07-07T21:14:00.115+0000] {override.py:1829} INFO - Created Permission View: can read on DAG:dataset_produces_1
[2024-07-07T21:14:00.121+0000] {logging_mixin.py:188} INFO - [2024-07-07T21:14:00.121+0000] {override.py:1829} INFO - Created Permission View: can edit on DAG:dataset_produces_1
[2024-07-07T21:14:00.133+0000] {logging_mixin.py:188} INFO - [2024-07-07T21:14:00.133+0000] {override.py:1829} INFO - Created Permission View: can delete on DAG:dataset_produces_2
[2024-07-07T21:14:00.140+0000] {logging_mixin.py:188} INFO - [2024-07-07T21:14:00.139+0000] {override.py:1829} INFO - Created Permission View: can read on DAG:dataset_produces_2
[2024-07-07T21:14:00.146+0000] {logging_mixin.py:188} INFO - [2024-07-07T21:14:00.145+0000] {override.py:1829} INFO - Created Permission View: can edit on DAG:dataset_produces_2
[2024-07-07T21:14:00.159+0000] {logging_mixin.py:188} INFO - [2024-07-07T21:14:00.159+0000] {override.py:1829} INFO - Created Permission View: can delete on DAG:dataset_consumes_1
[2024-07-07T21:14:00.165+0000] {logging_mixin.py:188} INFO - [2024-07-07T21:14:00.165+0000] {override.py:1829} INFO - Created Permission View: can read on DAG:dataset_consumes_1
[2024-07-07T21:14:00.171+0000] {logging_mixin.py:188} INFO - [2024-07-07T21:14:00.171+0000] {override.py:1829} INFO - Created Permission View: can edit on DAG:dataset_consumes_1
[2024-07-07T21:14:00.184+0000] {logging_mixin.py:188} INFO - [2024-07-07T21:14:00.184+0000] {override.py:1829} INFO - Created Permission View: can delete on DAG:consume_1_and_2_with_dataset_expressions
[2024-07-07T21:14:00.192+0000] {logging_mixin.py:188} INFO - [2024-07-07T21:14:00.191+0000] {override.py:1829} INFO - Created Permission View: can read on DAG:consume_1_and_2_with_dataset_expressions
[2024-07-07T21:14:00.199+0000] {logging_mixin.py:188} INFO - [2024-07-07T21:14:00.198+0000] {override.py:1829} INFO - Created Permission View: can edit on DAG:consume_1_and_2_with_dataset_expressions
[2024-07-07T21:14:00.199+0000] {logging_mixin.py:188} INFO - [2024-07-07T21:14:00.199+0000] {dag.py:3096} INFO - Sync 10 DAGs
[2024-07-07T21:14:00.210+0000] {logging_mixin.py:188} INFO - [2024-07-07T21:14:00.209+0000] {dag.py:3118} INFO - Creating ORM DAG for consume_1_or_2_with_dataset_expressions
[2024-07-07T21:14:00.211+0000] {logging_mixin.py:188} INFO - [2024-07-07T21:14:00.211+0000] {dag.py:3118} INFO - Creating ORM DAG for consume_1_and_2_with_dataset_expressions
[2024-07-07T21:14:00.212+0000] {logging_mixin.py:188} INFO - [2024-07-07T21:14:00.211+0000] {dag.py:3118} INFO - Creating ORM DAG for dataset_consumes_1_never_scheduled
[2024-07-07T21:14:00.212+0000] {logging_mixin.py:188} INFO - [2024-07-07T21:14:00.212+0000] {dag.py:3118} INFO - Creating ORM DAG for dataset_consumes_unknown_never_scheduled
[2024-07-07T21:14:00.213+0000] {logging_mixin.py:188} INFO - [2024-07-07T21:14:00.213+0000] {dag.py:3118} INFO - Creating ORM DAG for dataset_consumes_1_and_2
[2024-07-07T21:14:00.214+0000] {logging_mixin.py:188} INFO - [2024-07-07T21:14:00.214+0000] {dag.py:3118} INFO - Creating ORM DAG for dataset_produces_1
[2024-07-07T21:14:00.214+0000] {logging_mixin.py:188} INFO - [2024-07-07T21:14:00.214+0000] {dag.py:3118} INFO - Creating ORM DAG for conditional_dataset_and_time_based_timetable
[2024-07-07T21:14:00.215+0000] {logging_mixin.py:188} INFO - [2024-07-07T21:14:00.215+0000] {dag.py:3118} INFO - Creating ORM DAG for dataset_consumes_1
[2024-07-07T21:14:00.216+0000] {logging_mixin.py:188} INFO - [2024-07-07T21:14:00.216+0000] {dag.py:3118} INFO - Creating ORM DAG for dataset_produces_2
[2024-07-07T21:14:00.217+0000] {logging_mixin.py:188} INFO - [2024-07-07T21:14:00.217+0000] {dag.py:3118} INFO - Creating ORM DAG for consume_1_or_both_2_and_3_with_dataset_expressions
[2024-07-07T21:14:00.229+0000] {logging_mixin.py:188} INFO - [2024-07-07T21:14:00.229+0000] {dag.py:3954} INFO - Setting next_dagrun for conditional_dataset_and_time_based_timetable to 2024-07-03 01:00:00+00:00, run_after=2024-07-03 01:00:00+00:00
[2024-07-07T21:14:00.230+0000] {logging_mixin.py:188} INFO - [2024-07-07T21:14:00.230+0000] {dag.py:3954} INFO - Setting next_dagrun for consume_1_and_2_with_dataset_expressions to None, run_after=None
[2024-07-07T21:14:00.231+0000] {logging_mixin.py:188} INFO - [2024-07-07T21:14:00.230+0000] {dag.py:3954} INFO - Setting next_dagrun for consume_1_or_2_with_dataset_expressions to None, run_after=None
[2024-07-07T21:14:00.231+0000] {logging_mixin.py:188} INFO - [2024-07-07T21:14:00.231+0000] {dag.py:3954} INFO - Setting next_dagrun for consume_1_or_both_2_and_3_with_dataset_expressions to None, run_after=None
[2024-07-07T21:14:00.232+0000] {logging_mixin.py:188} INFO - [2024-07-07T21:14:00.231+0000] {dag.py:3954} INFO - Setting next_dagrun for dataset_consumes_1 to None, run_after=None
[2024-07-07T21:14:00.232+0000] {logging_mixin.py:188} INFO - [2024-07-07T21:14:00.232+0000] {dag.py:3954} INFO - Setting next_dagrun for dataset_consumes_1_and_2 to None, run_after=None
[2024-07-07T21:14:00.233+0000] {logging_mixin.py:188} INFO - [2024-07-07T21:14:00.233+0000] {dag.py:3954} INFO - Setting next_dagrun for dataset_consumes_1_never_scheduled to None, run_after=None
[2024-07-07T21:14:00.234+0000] {logging_mixin.py:188} INFO - [2024-07-07T21:14:00.234+0000] {dag.py:3954} INFO - Setting next_dagrun for dataset_consumes_unknown_never_scheduled to None, run_after=None
[2024-07-07T21:14:00.236+0000] {logging_mixin.py:188} INFO - [2024-07-07T21:14:00.236+0000] {dag.py:3954} INFO - Setting next_dagrun for dataset_produces_1 to 2024-07-06 00:00:00+00:00, run_after=2024-07-07 00:00:00+00:00
[2024-07-07T21:14:00.237+0000] {logging_mixin.py:188} INFO - [2024-07-07T21:14:00.236+0000] {dag.py:3954} INFO - Setting next_dagrun for dataset_produces_2 to None, run_after=None
[2024-07-07T21:14:00.281+0000] {processor.py:183} INFO - Processing /home/airflow/.local/lib/python3.12/site-packages/airflow/example_dags/example_datasets.py took 0.510 seconds
[2024-07-07T21:14:30.613+0000] {processor.py:161} INFO - Started process (PID=112) to work on /home/airflow/.local/lib/python3.12/site-packages/airflow/example_dags/example_datasets.py
[2024-07-07T21:14:30.614+0000] {processor.py:830} INFO - Processing file /home/airflow/.local/lib/python3.12/site-packages/airflow/example_dags/example_datasets.py for tasks to queue
[2024-07-07T21:14:30.616+0000] {logging_mixin.py:188} INFO - [2024-07-07T21:14:30.615+0000] {dagbag.py:545} INFO - Filling up the DagBag from /home/airflow/.local/lib/python3.12/site-packages/airflow/example_dags/example_datasets.py
[2024-07-07T21:14:30.662+0000] {processor.py:840} INFO - DAG(s) 'conditional_dataset_and_time_based_timetable', 'dataset_consumes_unknown_never_scheduled', 'consume_1_and_2_with_dataset_expressions', 'dataset_consumes_1_never_scheduled', 'dataset_consumes_1_and_2', 'dataset_produces_2', 'consume_1_or_2_with_dataset_expressions', 'consume_1_or_both_2_and_3_with_dataset_expressions', 'dataset_produces_1', 'dataset_consumes_1' retrieved from /home/airflow/.local/lib/python3.12/site-packages/airflow/example_dags/example_datasets.py
[2024-07-07T21:14:30.713+0000] {logging_mixin.py:188} INFO - [2024-07-07T21:14:30.712+0000] {dag.py:3096} INFO - Sync 10 DAGs
[2024-07-07T21:14:30.739+0000] {logging_mixin.py:188} INFO - [2024-07-07T21:14:30.738+0000] {dag.py:3954} INFO - Setting next_dagrun for conditional_dataset_and_time_based_timetable to 2024-07-03 01:00:00+00:00, run_after=2024-07-03 01:00:00+00:00
[2024-07-07T21:14:30.743+0000] {logging_mixin.py:188} INFO - [2024-07-07T21:14:30.742+0000] {dag.py:3954} INFO - Setting next_dagrun for consume_1_and_2_with_dataset_expressions to None, run_after=None
[2024-07-07T21:14:30.744+0000] {logging_mixin.py:188} INFO - [2024-07-07T21:14:30.744+0000] {dag.py:3954} INFO - Setting next_dagrun for consume_1_or_2_with_dataset_expressions to None, run_after=None
[2024-07-07T21:14:30.745+0000] {logging_mixin.py:188} INFO - [2024-07-07T21:14:30.745+0000] {dag.py:3954} INFO - Setting next_dagrun for consume_1_or_both_2_and_3_with_dataset_expressions to None, run_after=None
[2024-07-07T21:14:30.746+0000] {logging_mixin.py:188} INFO - [2024-07-07T21:14:30.746+0000] {dag.py:3954} INFO - Setting next_dagrun for dataset_consumes_1 to None, run_after=None
[2024-07-07T21:14:30.749+0000] {logging_mixin.py:188} INFO - [2024-07-07T21:14:30.749+0000] {dag.py:3954} INFO - Setting next_dagrun for dataset_consumes_1_and_2 to None, run_after=None
[2024-07-07T21:14:30.751+0000] {logging_mixin.py:188} INFO - [2024-07-07T21:14:30.751+0000] {dag.py:3954} INFO - Setting next_dagrun for dataset_consumes_1_never_scheduled to None, run_after=None
[2024-07-07T21:14:30.753+0000] {logging_mixin.py:188} INFO - [2024-07-07T21:14:30.752+0000] {dag.py:3954} INFO - Setting next_dagrun for dataset_consumes_unknown_never_scheduled to None, run_after=None
[2024-07-07T21:14:30.755+0000] {logging_mixin.py:188} INFO - [2024-07-07T21:14:30.755+0000] {dag.py:3954} INFO - Setting next_dagrun for dataset_produces_1 to 2024-07-06 00:00:00+00:00, run_after=2024-07-07 00:00:00+00:00
[2024-07-07T21:14:30.756+0000] {logging_mixin.py:188} INFO - [2024-07-07T21:14:30.756+0000] {dag.py:3954} INFO - Setting next_dagrun for dataset_produces_2 to None, run_after=None
[2024-07-07T21:14:30.796+0000] {processor.py:183} INFO - Processing /home/airflow/.local/lib/python3.12/site-packages/airflow/example_dags/example_datasets.py took 0.192 seconds
[2024-07-07T21:15:01.160+0000] {processor.py:161} INFO - Started process (PID=170) to work on /home/airflow/.local/lib/python3.12/site-packages/airflow/example_dags/example_datasets.py
[2024-07-07T21:15:01.161+0000] {processor.py:830} INFO - Processing file /home/airflow/.local/lib/python3.12/site-packages/airflow/example_dags/example_datasets.py for tasks to queue
[2024-07-07T21:15:01.162+0000] {logging_mixin.py:188} INFO - [2024-07-07T21:15:01.162+0000] {dagbag.py:545} INFO - Filling up the DagBag from /home/airflow/.local/lib/python3.12/site-packages/airflow/example_dags/example_datasets.py
[2024-07-07T21:15:01.176+0000] {processor.py:840} INFO - DAG(s) 'dataset_consumes_unknown_never_scheduled', 'dataset_consumes_1', 'consume_1_or_both_2_and_3_with_dataset_expressions', 'dataset_produces_1', 'consume_1_and_2_with_dataset_expressions', 'dataset_consumes_1_and_2', 'conditional_dataset_and_time_based_timetable', 'dataset_consumes_1_never_scheduled', 'consume_1_or_2_with_dataset_expressions', 'dataset_produces_2' retrieved from /home/airflow/.local/lib/python3.12/site-packages/airflow/example_dags/example_datasets.py
[2024-07-07T21:15:01.233+0000] {logging_mixin.py:188} INFO - [2024-07-07T21:15:01.232+0000] {dag.py:3096} INFO - Sync 10 DAGs
[2024-07-07T21:15:01.262+0000] {logging_mixin.py:188} INFO - [2024-07-07T21:15:01.262+0000] {dag.py:3954} INFO - Setting next_dagrun for conditional_dataset_and_time_based_timetable to 2024-07-03 01:00:00+00:00, run_after=2024-07-03 01:00:00+00:00
[2024-07-07T21:15:01.270+0000] {logging_mixin.py:188} INFO - [2024-07-07T21:15:01.270+0000] {dag.py:3954} INFO - Setting next_dagrun for consume_1_and_2_with_dataset_expressions to None, run_after=None
[2024-07-07T21:15:01.273+0000] {logging_mixin.py:188} INFO - [2024-07-07T21:15:01.273+0000] {dag.py:3954} INFO - Setting next_dagrun for consume_1_or_2_with_dataset_expressions to None, run_after=None
[2024-07-07T21:15:01.274+0000] {logging_mixin.py:188} INFO - [2024-07-07T21:15:01.274+0000] {dag.py:3954} INFO - Setting next_dagrun for consume_1_or_both_2_and_3_with_dataset_expressions to None, run_after=None
[2024-07-07T21:15:01.277+0000] {logging_mixin.py:188} INFO - [2024-07-07T21:15:01.276+0000] {dag.py:3954} INFO - Setting next_dagrun for dataset_consumes_1 to None, run_after=None
[2024-07-07T21:15:01.279+0000] {logging_mixin.py:188} INFO - [2024-07-07T21:15:01.279+0000] {dag.py:3954} INFO - Setting next_dagrun for dataset_consumes_1_and_2 to None, run_after=None
[2024-07-07T21:15:01.280+0000] {logging_mixin.py:188} INFO - [2024-07-07T21:15:01.280+0000] {dag.py:3954} INFO - Setting next_dagrun for dataset_consumes_1_never_scheduled to None, run_after=None
[2024-07-07T21:15:01.282+0000] {logging_mixin.py:188} INFO - [2024-07-07T21:15:01.282+0000] {dag.py:3954} INFO - Setting next_dagrun for dataset_consumes_unknown_never_scheduled to None, run_after=None
[2024-07-07T21:15:01.284+0000] {logging_mixin.py:188} INFO - [2024-07-07T21:15:01.284+0000] {dag.py:3954} INFO - Setting next_dagrun for dataset_produces_1 to 2024-07-06 00:00:00+00:00, run_after=2024-07-07 00:00:00+00:00
[2024-07-07T21:15:01.286+0000] {logging_mixin.py:188} INFO - [2024-07-07T21:15:01.285+0000] {dag.py:3954} INFO - Setting next_dagrun for dataset_produces_2 to None, run_after=None
[2024-07-07T21:15:01.321+0000] {processor.py:183} INFO - Processing /home/airflow/.local/lib/python3.12/site-packages/airflow/example_dags/example_datasets.py took 0.166 seconds
[2024-07-07T21:15:31.739+0000] {processor.py:161} INFO - Started process (PID=228) to work on /home/airflow/.local/lib/python3.12/site-packages/airflow/example_dags/example_datasets.py
[2024-07-07T21:15:31.743+0000] {processor.py:830} INFO - Processing file /home/airflow/.local/lib/python3.12/site-packages/airflow/example_dags/example_datasets.py for tasks to queue
[2024-07-07T21:15:31.756+0000] {logging_mixin.py:188} INFO - [2024-07-07T21:15:31.752+0000] {dagbag.py:545} INFO - Filling up the DagBag from /home/airflow/.local/lib/python3.12/site-packages/airflow/example_dags/example_datasets.py
[2024-07-07T21:15:31.967+0000] {processor.py:840} INFO - DAG(s) 'dataset_consumes_unknown_never_scheduled', 'dataset_produces_2', 'conditional_dataset_and_time_based_timetable', 'dataset_consumes_1', 'dataset_consumes_1_and_2', 'dataset_consumes_1_never_scheduled', 'dataset_produces_1', 'consume_1_or_both_2_and_3_with_dataset_expressions', 'consume_1_or_2_with_dataset_expressions', 'consume_1_and_2_with_dataset_expressions' retrieved from /home/airflow/.local/lib/python3.12/site-packages/airflow/example_dags/example_datasets.py
[2024-07-07T21:15:32.088+0000] {logging_mixin.py:188} INFO - [2024-07-07T21:15:32.088+0000] {dag.py:3096} INFO - Sync 10 DAGs
[2024-07-07T21:15:32.157+0000] {logging_mixin.py:188} INFO - [2024-07-07T21:15:32.156+0000] {dag.py:3954} INFO - Setting next_dagrun for conditional_dataset_and_time_based_timetable to 2024-07-03 01:00:00+00:00, run_after=2024-07-03 01:00:00+00:00
[2024-07-07T21:15:32.162+0000] {logging_mixin.py:188} INFO - [2024-07-07T21:15:32.162+0000] {dag.py:3954} INFO - Setting next_dagrun for consume_1_and_2_with_dataset_expressions to None, run_after=None
[2024-07-07T21:15:32.164+0000] {logging_mixin.py:188} INFO - [2024-07-07T21:15:32.164+0000] {dag.py:3954} INFO - Setting next_dagrun for consume_1_or_2_with_dataset_expressions to None, run_after=None
[2024-07-07T21:15:32.166+0000] {logging_mixin.py:188} INFO - [2024-07-07T21:15:32.166+0000] {dag.py:3954} INFO - Setting next_dagrun for consume_1_or_both_2_and_3_with_dataset_expressions to None, run_after=None
[2024-07-07T21:15:32.168+0000] {logging_mixin.py:188} INFO - [2024-07-07T21:15:32.168+0000] {dag.py:3954} INFO - Setting next_dagrun for dataset_consumes_1 to None, run_after=None
[2024-07-07T21:15:32.169+0000] {logging_mixin.py:188} INFO - [2024-07-07T21:15:32.169+0000] {dag.py:3954} INFO - Setting next_dagrun for dataset_consumes_1_and_2 to None, run_after=None
[2024-07-07T21:15:32.171+0000] {logging_mixin.py:188} INFO - [2024-07-07T21:15:32.171+0000] {dag.py:3954} INFO - Setting next_dagrun for dataset_consumes_1_never_scheduled to None, run_after=None
[2024-07-07T21:15:32.172+0000] {logging_mixin.py:188} INFO - [2024-07-07T21:15:32.172+0000] {dag.py:3954} INFO - Setting next_dagrun for dataset_consumes_unknown_never_scheduled to None, run_after=None
[2024-07-07T21:15:32.175+0000] {logging_mixin.py:188} INFO - [2024-07-07T21:15:32.175+0000] {dag.py:3954} INFO - Setting next_dagrun for dataset_produces_1 to 2024-07-06 00:00:00+00:00, run_after=2024-07-07 00:00:00+00:00
[2024-07-07T21:15:32.178+0000] {logging_mixin.py:188} INFO - [2024-07-07T21:15:32.178+0000] {dag.py:3954} INFO - Setting next_dagrun for dataset_produces_2 to None, run_after=None
[2024-07-07T21:15:32.260+0000] {processor.py:183} INFO - Processing /home/airflow/.local/lib/python3.12/site-packages/airflow/example_dags/example_datasets.py took 0.539 seconds
