[2024-07-07T21:14:01.187+0000] {processor.py:161} INFO - Started process (PID=65) to work on /home/airflow/.local/lib/python3.12/site-packages/airflow/example_dags/example_branch_python_dop_operator_3.py
[2024-07-07T21:14:01.188+0000] {processor.py:830} INFO - Processing file /home/airflow/.local/lib/python3.12/site-packages/airflow/example_dags/example_branch_python_dop_operator_3.py for tasks to queue
[2024-07-07T21:14:01.189+0000] {logging_mixin.py:188} INFO - [2024-07-07T21:14:01.189+0000] {dagbag.py:545} INFO - Filling up the DagBag from /home/airflow/.local/lib/python3.12/site-packages/airflow/example_dags/example_branch_python_dop_operator_3.py
[2024-07-07T21:14:01.198+0000] {processor.py:840} INFO - DAG(s) 'example_branch_dop_operator_v3' retrieved from /home/airflow/.local/lib/python3.12/site-packages/airflow/example_dags/example_branch_python_dop_operator_3.py
[2024-07-07T21:14:01.293+0000] {logging_mixin.py:188} INFO - [2024-07-07T21:14:01.292+0000] {override.py:1829} INFO - Created Permission View: can delete on DAG:example_branch_dop_operator_v3
[2024-07-07T21:14:01.302+0000] {logging_mixin.py:188} INFO - [2024-07-07T21:14:01.302+0000] {override.py:1829} INFO - Created Permission View: can read on DAG:example_branch_dop_operator_v3
[2024-07-07T21:14:01.309+0000] {logging_mixin.py:188} INFO - [2024-07-07T21:14:01.308+0000] {override.py:1829} INFO - Created Permission View: can edit on DAG:example_branch_dop_operator_v3
[2024-07-07T21:14:01.309+0000] {logging_mixin.py:188} INFO - [2024-07-07T21:14:01.309+0000] {dag.py:3096} INFO - Sync 1 DAGs
[2024-07-07T21:14:01.319+0000] {logging_mixin.py:188} INFO - [2024-07-07T21:14:01.319+0000] {dag.py:3118} INFO - Creating ORM DAG for example_branch_dop_operator_v3
[2024-07-07T21:14:01.335+0000] {logging_mixin.py:188} INFO - [2024-07-07T21:14:01.335+0000] {dag.py:3954} INFO - Setting next_dagrun for example_branch_dop_operator_v3 to 2024-07-07 21:13:00+00:00, run_after=2024-07-07 21:14:00+00:00
[2024-07-07T21:14:01.355+0000] {processor.py:183} INFO - Processing /home/airflow/.local/lib/python3.12/site-packages/airflow/example_dags/example_branch_python_dop_operator_3.py took 0.173 seconds
[2024-07-07T21:14:31.487+0000] {processor.py:161} INFO - Started process (PID=123) to work on /home/airflow/.local/lib/python3.12/site-packages/airflow/example_dags/example_branch_python_dop_operator_3.py
[2024-07-07T21:14:31.488+0000] {processor.py:830} INFO - Processing file /home/airflow/.local/lib/python3.12/site-packages/airflow/example_dags/example_branch_python_dop_operator_3.py for tasks to queue
[2024-07-07T21:14:31.490+0000] {logging_mixin.py:188} INFO - [2024-07-07T21:14:31.489+0000] {dagbag.py:545} INFO - Filling up the DagBag from /home/airflow/.local/lib/python3.12/site-packages/airflow/example_dags/example_branch_python_dop_operator_3.py
[2024-07-07T21:14:31.498+0000] {processor.py:840} INFO - DAG(s) 'example_branch_dop_operator_v3' retrieved from /home/airflow/.local/lib/python3.12/site-packages/airflow/example_dags/example_branch_python_dop_operator_3.py
[2024-07-07T21:14:31.518+0000] {logging_mixin.py:188} INFO - [2024-07-07T21:14:31.517+0000] {dag.py:3096} INFO - Sync 1 DAGs
[2024-07-07T21:14:31.546+0000] {logging_mixin.py:188} INFO - [2024-07-07T21:14:31.546+0000] {dag.py:3954} INFO - Setting next_dagrun for example_branch_dop_operator_v3 to 2024-07-07 21:13:00+00:00, run_after=2024-07-07 21:14:00+00:00
[2024-07-07T21:14:31.565+0000] {processor.py:183} INFO - Processing /home/airflow/.local/lib/python3.12/site-packages/airflow/example_dags/example_branch_python_dop_operator_3.py took 0.084 seconds
[2024-07-07T21:15:01.963+0000] {processor.py:161} INFO - Started process (PID=182) to work on /home/airflow/.local/lib/python3.12/site-packages/airflow/example_dags/example_branch_python_dop_operator_3.py
[2024-07-07T21:15:01.964+0000] {processor.py:830} INFO - Processing file /home/airflow/.local/lib/python3.12/site-packages/airflow/example_dags/example_branch_python_dop_operator_3.py for tasks to queue
[2024-07-07T21:15:01.965+0000] {logging_mixin.py:188} INFO - [2024-07-07T21:15:01.965+0000] {dagbag.py:545} INFO - Filling up the DagBag from /home/airflow/.local/lib/python3.12/site-packages/airflow/example_dags/example_branch_python_dop_operator_3.py
[2024-07-07T21:15:01.974+0000] {processor.py:840} INFO - DAG(s) 'example_branch_dop_operator_v3' retrieved from /home/airflow/.local/lib/python3.12/site-packages/airflow/example_dags/example_branch_python_dop_operator_3.py
[2024-07-07T21:15:01.992+0000] {logging_mixin.py:188} INFO - [2024-07-07T21:15:01.992+0000] {dag.py:3096} INFO - Sync 1 DAGs
[2024-07-07T21:15:02.022+0000] {logging_mixin.py:188} INFO - [2024-07-07T21:15:02.022+0000] {dag.py:3954} INFO - Setting next_dagrun for example_branch_dop_operator_v3 to 2024-07-07 21:14:00+00:00, run_after=2024-07-07 21:15:00+00:00
[2024-07-07T21:15:02.075+0000] {processor.py:183} INFO - Processing /home/airflow/.local/lib/python3.12/site-packages/airflow/example_dags/example_branch_python_dop_operator_3.py took 0.117 seconds
