[2024-07-07T21:14:01.401+0000] {processor.py:161} INFO - Started process (PID=67) to work on /home/airflow/.local/lib/python3.12/site-packages/airflow/example_dags/example_trigger_target_dag.py
[2024-07-07T21:14:01.402+0000] {processor.py:830} INFO - Processing file /home/airflow/.local/lib/python3.12/site-packages/airflow/example_dags/example_trigger_target_dag.py for tasks to queue
[2024-07-07T21:14:01.403+0000] {logging_mixin.py:188} INFO - [2024-07-07T21:14:01.403+0000] {dagbag.py:545} INFO - Filling up the DagBag from /home/airflow/.local/lib/python3.12/site-packages/airflow/example_dags/example_trigger_target_dag.py
[2024-07-07T21:14:01.411+0000] {processor.py:840} INFO - DAG(s) 'example_trigger_target_dag' retrieved from /home/airflow/.local/lib/python3.12/site-packages/airflow/example_dags/example_trigger_target_dag.py
[2024-07-07T21:14:01.529+0000] {logging_mixin.py:188} INFO - [2024-07-07T21:14:01.528+0000] {override.py:1829} INFO - Created Permission View: can delete on DAG:example_trigger_target_dag
[2024-07-07T21:14:01.540+0000] {logging_mixin.py:188} INFO - [2024-07-07T21:14:01.539+0000] {override.py:1829} INFO - Created Permission View: can read on DAG:example_trigger_target_dag
[2024-07-07T21:14:01.546+0000] {logging_mixin.py:188} INFO - [2024-07-07T21:14:01.546+0000] {override.py:1829} INFO - Created Permission View: can edit on DAG:example_trigger_target_dag
[2024-07-07T21:14:01.547+0000] {logging_mixin.py:188} INFO - [2024-07-07T21:14:01.547+0000] {dag.py:3096} INFO - Sync 1 DAGs
[2024-07-07T21:14:01.557+0000] {logging_mixin.py:188} INFO - [2024-07-07T21:14:01.557+0000] {dag.py:3118} INFO - Creating ORM DAG for example_trigger_target_dag
[2024-07-07T21:14:01.558+0000] {logging_mixin.py:188} INFO - [2024-07-07T21:14:01.558+0000] {dag.py:3954} INFO - Setting next_dagrun for example_trigger_target_dag to None, run_after=None
[2024-07-07T21:14:01.578+0000] {processor.py:183} INFO - Processing /home/airflow/.local/lib/python3.12/site-packages/airflow/example_dags/example_trigger_target_dag.py took 0.182 seconds
[2024-07-07T21:14:32.490+0000] {processor.py:161} INFO - Started process (PID=125) to work on /home/airflow/.local/lib/python3.12/site-packages/airflow/example_dags/example_trigger_target_dag.py
[2024-07-07T21:14:32.491+0000] {processor.py:830} INFO - Processing file /home/airflow/.local/lib/python3.12/site-packages/airflow/example_dags/example_trigger_target_dag.py for tasks to queue
[2024-07-07T21:14:32.492+0000] {logging_mixin.py:188} INFO - [2024-07-07T21:14:32.492+0000] {dagbag.py:545} INFO - Filling up the DagBag from /home/airflow/.local/lib/python3.12/site-packages/airflow/example_dags/example_trigger_target_dag.py
[2024-07-07T21:14:32.497+0000] {processor.py:840} INFO - DAG(s) 'example_trigger_target_dag' retrieved from /home/airflow/.local/lib/python3.12/site-packages/airflow/example_dags/example_trigger_target_dag.py
[2024-07-07T21:14:32.526+0000] {logging_mixin.py:188} INFO - [2024-07-07T21:14:32.526+0000] {dag.py:3096} INFO - Sync 1 DAGs
[2024-07-07T21:14:32.538+0000] {logging_mixin.py:188} INFO - [2024-07-07T21:14:32.537+0000] {dag.py:3954} INFO - Setting next_dagrun for example_trigger_target_dag to None, run_after=None
[2024-07-07T21:14:32.572+0000] {processor.py:183} INFO - Processing /home/airflow/.local/lib/python3.12/site-packages/airflow/example_dags/example_trigger_target_dag.py took 0.085 seconds
[2024-07-07T21:15:03.083+0000] {processor.py:161} INFO - Started process (PID=184) to work on /home/airflow/.local/lib/python3.12/site-packages/airflow/example_dags/example_trigger_target_dag.py
[2024-07-07T21:15:03.085+0000] {processor.py:830} INFO - Processing file /home/airflow/.local/lib/python3.12/site-packages/airflow/example_dags/example_trigger_target_dag.py for tasks to queue
[2024-07-07T21:15:03.087+0000] {logging_mixin.py:188} INFO - [2024-07-07T21:15:03.086+0000] {dagbag.py:545} INFO - Filling up the DagBag from /home/airflow/.local/lib/python3.12/site-packages/airflow/example_dags/example_trigger_target_dag.py
[2024-07-07T21:15:03.093+0000] {processor.py:840} INFO - DAG(s) 'example_trigger_target_dag' retrieved from /home/airflow/.local/lib/python3.12/site-packages/airflow/example_dags/example_trigger_target_dag.py
[2024-07-07T21:15:03.119+0000] {logging_mixin.py:188} INFO - [2024-07-07T21:15:03.118+0000] {dag.py:3096} INFO - Sync 1 DAGs
[2024-07-07T21:15:03.148+0000] {logging_mixin.py:188} INFO - [2024-07-07T21:15:03.148+0000] {dag.py:3954} INFO - Setting next_dagrun for example_trigger_target_dag to None, run_after=None
[2024-07-07T21:15:03.189+0000] {processor.py:183} INFO - Processing /home/airflow/.local/lib/python3.12/site-packages/airflow/example_dags/example_trigger_target_dag.py took 0.111 seconds
