[2024-07-07T21:14:00.045+0000] {processor.py:161} INFO - Started process (PID=55) to work on /home/airflow/.local/lib/python3.12/site-packages/airflow/example_dags/example_nested_branch_dag.py
[2024-07-07T21:14:00.046+0000] {processor.py:830} INFO - Processing file /home/airflow/.local/lib/python3.12/site-packages/airflow/example_dags/example_nested_branch_dag.py for tasks to queue
[2024-07-07T21:14:00.048+0000] {logging_mixin.py:188} INFO - [2024-07-07T21:14:00.047+0000] {dagbag.py:545} INFO - Filling up the DagBag from /home/airflow/.local/lib/python3.12/site-packages/airflow/example_dags/example_nested_branch_dag.py
[2024-07-07T21:14:00.059+0000] {processor.py:840} INFO - DAG(s) 'example_nested_branch_dag' retrieved from /home/airflow/.local/lib/python3.12/site-packages/airflow/example_dags/example_nested_branch_dag.py
[2024-07-07T21:14:00.153+0000] {logging_mixin.py:188} INFO - [2024-07-07T21:14:00.152+0000] {override.py:1829} INFO - Created Permission View: can delete on DAG:example_nested_branch_dag
[2024-07-07T21:14:00.162+0000] {logging_mixin.py:188} INFO - [2024-07-07T21:14:00.162+0000] {override.py:1829} INFO - Created Permission View: can read on DAG:example_nested_branch_dag
[2024-07-07T21:14:00.169+0000] {logging_mixin.py:188} INFO - [2024-07-07T21:14:00.169+0000] {override.py:1829} INFO - Created Permission View: can edit on DAG:example_nested_branch_dag
[2024-07-07T21:14:00.170+0000] {logging_mixin.py:188} INFO - [2024-07-07T21:14:00.170+0000] {dag.py:3096} INFO - Sync 1 DAGs
[2024-07-07T21:14:00.182+0000] {logging_mixin.py:188} INFO - [2024-07-07T21:14:00.182+0000] {dag.py:3118} INFO - Creating ORM DAG for example_nested_branch_dag
[2024-07-07T21:14:00.195+0000] {logging_mixin.py:188} INFO - [2024-07-07T21:14:00.195+0000] {dag.py:3954} INFO - Setting next_dagrun for example_nested_branch_dag to 2024-07-06 00:00:00+00:00, run_after=2024-07-07 00:00:00+00:00
[2024-07-07T21:14:00.213+0000] {processor.py:183} INFO - Processing /home/airflow/.local/lib/python3.12/site-packages/airflow/example_dags/example_nested_branch_dag.py took 0.172 seconds
[2024-07-07T21:14:30.647+0000] {processor.py:161} INFO - Started process (PID=113) to work on /home/airflow/.local/lib/python3.12/site-packages/airflow/example_dags/example_nested_branch_dag.py
[2024-07-07T21:14:30.648+0000] {processor.py:830} INFO - Processing file /home/airflow/.local/lib/python3.12/site-packages/airflow/example_dags/example_nested_branch_dag.py for tasks to queue
[2024-07-07T21:14:30.649+0000] {logging_mixin.py:188} INFO - [2024-07-07T21:14:30.649+0000] {dagbag.py:545} INFO - Filling up the DagBag from /home/airflow/.local/lib/python3.12/site-packages/airflow/example_dags/example_nested_branch_dag.py
[2024-07-07T21:14:30.663+0000] {processor.py:840} INFO - DAG(s) 'example_nested_branch_dag' retrieved from /home/airflow/.local/lib/python3.12/site-packages/airflow/example_dags/example_nested_branch_dag.py
[2024-07-07T21:14:30.685+0000] {logging_mixin.py:188} INFO - [2024-07-07T21:14:30.685+0000] {dag.py:3096} INFO - Sync 1 DAGs
[2024-07-07T21:14:30.708+0000] {logging_mixin.py:188} INFO - [2024-07-07T21:14:30.708+0000] {dag.py:3954} INFO - Setting next_dagrun for example_nested_branch_dag to 2024-07-06 00:00:00+00:00, run_after=2024-07-07 00:00:00+00:00
[2024-07-07T21:14:30.728+0000] {processor.py:183} INFO - Processing /home/airflow/.local/lib/python3.12/site-packages/airflow/example_dags/example_nested_branch_dag.py took 0.092 seconds
[2024-07-07T21:15:01.279+0000] {processor.py:161} INFO - Started process (PID=172) to work on /home/airflow/.local/lib/python3.12/site-packages/airflow/example_dags/example_nested_branch_dag.py
[2024-07-07T21:15:01.280+0000] {processor.py:830} INFO - Processing file /home/airflow/.local/lib/python3.12/site-packages/airflow/example_dags/example_nested_branch_dag.py for tasks to queue
[2024-07-07T21:15:01.281+0000] {logging_mixin.py:188} INFO - [2024-07-07T21:15:01.281+0000] {dagbag.py:545} INFO - Filling up the DagBag from /home/airflow/.local/lib/python3.12/site-packages/airflow/example_dags/example_nested_branch_dag.py
[2024-07-07T21:15:01.291+0000] {processor.py:840} INFO - DAG(s) 'example_nested_branch_dag' retrieved from /home/airflow/.local/lib/python3.12/site-packages/airflow/example_dags/example_nested_branch_dag.py
[2024-07-07T21:15:01.312+0000] {logging_mixin.py:188} INFO - [2024-07-07T21:15:01.312+0000] {dag.py:3096} INFO - Sync 1 DAGs
[2024-07-07T21:15:01.337+0000] {logging_mixin.py:188} INFO - [2024-07-07T21:15:01.336+0000] {dag.py:3954} INFO - Setting next_dagrun for example_nested_branch_dag to 2024-07-06 00:00:00+00:00, run_after=2024-07-07 00:00:00+00:00
[2024-07-07T21:15:01.356+0000] {processor.py:183} INFO - Processing /home/airflow/.local/lib/python3.12/site-packages/airflow/example_dags/example_nested_branch_dag.py took 0.082 seconds
[2024-07-07T21:15:32.153+0000] {processor.py:161} INFO - Started process (PID=230) to work on /home/airflow/.local/lib/python3.12/site-packages/airflow/example_dags/example_nested_branch_dag.py
[2024-07-07T21:15:32.154+0000] {processor.py:830} INFO - Processing file /home/airflow/.local/lib/python3.12/site-packages/airflow/example_dags/example_nested_branch_dag.py for tasks to queue
[2024-07-07T21:15:32.155+0000] {logging_mixin.py:188} INFO - [2024-07-07T21:15:32.155+0000] {dagbag.py:545} INFO - Filling up the DagBag from /home/airflow/.local/lib/python3.12/site-packages/airflow/example_dags/example_nested_branch_dag.py
[2024-07-07T21:15:32.171+0000] {processor.py:840} INFO - DAG(s) 'example_nested_branch_dag' retrieved from /home/airflow/.local/lib/python3.12/site-packages/airflow/example_dags/example_nested_branch_dag.py
[2024-07-07T21:15:32.199+0000] {logging_mixin.py:188} INFO - [2024-07-07T21:15:32.199+0000] {dag.py:3096} INFO - Sync 1 DAGs
[2024-07-07T21:15:32.229+0000] {logging_mixin.py:188} INFO - [2024-07-07T21:15:32.229+0000] {dag.py:3954} INFO - Setting next_dagrun for example_nested_branch_dag to 2024-07-06 00:00:00+00:00, run_after=2024-07-07 00:00:00+00:00
[2024-07-07T21:15:32.258+0000] {processor.py:183} INFO - Processing /home/airflow/.local/lib/python3.12/site-packages/airflow/example_dags/example_nested_branch_dag.py took 0.123 seconds
