[2024-07-07T21:14:00.701+0000] {processor.py:161} INFO - Started process (PID=60) to work on /home/airflow/.local/lib/python3.12/site-packages/airflow/example_dags/example_kubernetes_executor.py
[2024-07-07T21:14:00.701+0000] {processor.py:830} INFO - Processing file /home/airflow/.local/lib/python3.12/site-packages/airflow/example_dags/example_kubernetes_executor.py for tasks to queue
[2024-07-07T21:14:00.703+0000] {logging_mixin.py:188} INFO - [2024-07-07T21:14:00.703+0000] {dagbag.py:545} INFO - Filling up the DagBag from /home/airflow/.local/lib/python3.12/site-packages/airflow/example_dags/example_kubernetes_executor.py
[2024-07-07T21:14:00.717+0000] {processor.py:840} INFO - DAG(s) 'example_kubernetes_executor' retrieved from /home/airflow/.local/lib/python3.12/site-packages/airflow/example_dags/example_kubernetes_executor.py
[2024-07-07T21:14:00.840+0000] {logging_mixin.py:188} INFO - [2024-07-07T21:14:00.839+0000] {override.py:1829} INFO - Created Permission View: can delete on DAG:example_kubernetes_executor
[2024-07-07T21:14:00.849+0000] {logging_mixin.py:188} INFO - [2024-07-07T21:14:00.849+0000] {override.py:1829} INFO - Created Permission View: can read on DAG:example_kubernetes_executor
[2024-07-07T21:14:00.856+0000] {logging_mixin.py:188} INFO - [2024-07-07T21:14:00.856+0000] {override.py:1829} INFO - Created Permission View: can edit on DAG:example_kubernetes_executor
[2024-07-07T21:14:00.857+0000] {logging_mixin.py:188} INFO - [2024-07-07T21:14:00.856+0000] {dag.py:3096} INFO - Sync 1 DAGs
[2024-07-07T21:14:00.869+0000] {logging_mixin.py:188} INFO - [2024-07-07T21:14:00.868+0000] {dag.py:3118} INFO - Creating ORM DAG for example_kubernetes_executor
[2024-07-07T21:14:00.869+0000] {logging_mixin.py:188} INFO - [2024-07-07T21:14:00.869+0000] {dag.py:3954} INFO - Setting next_dagrun for example_kubernetes_executor to None, run_after=None
[2024-07-07T21:14:00.888+0000] {processor.py:183} INFO - Processing /home/airflow/.local/lib/python3.12/site-packages/airflow/example_dags/example_kubernetes_executor.py took 0.191 seconds
[2024-07-07T21:14:31.027+0000] {processor.py:161} INFO - Started process (PID=118) to work on /home/airflow/.local/lib/python3.12/site-packages/airflow/example_dags/example_kubernetes_executor.py
[2024-07-07T21:14:31.027+0000] {processor.py:830} INFO - Processing file /home/airflow/.local/lib/python3.12/site-packages/airflow/example_dags/example_kubernetes_executor.py for tasks to queue
[2024-07-07T21:14:31.030+0000] {logging_mixin.py:188} INFO - [2024-07-07T21:14:31.029+0000] {dagbag.py:545} INFO - Filling up the DagBag from /home/airflow/.local/lib/python3.12/site-packages/airflow/example_dags/example_kubernetes_executor.py
[2024-07-07T21:14:31.117+0000] {processor.py:840} INFO - DAG(s) 'example_kubernetes_executor' retrieved from /home/airflow/.local/lib/python3.12/site-packages/airflow/example_dags/example_kubernetes_executor.py
[2024-07-07T21:14:31.170+0000] {logging_mixin.py:188} INFO - [2024-07-07T21:14:31.170+0000] {dag.py:3096} INFO - Sync 1 DAGs
[2024-07-07T21:14:31.186+0000] {logging_mixin.py:188} INFO - [2024-07-07T21:14:31.185+0000] {dag.py:3954} INFO - Setting next_dagrun for example_kubernetes_executor to None, run_after=None
[2024-07-07T21:14:31.207+0000] {processor.py:183} INFO - Processing /home/airflow/.local/lib/python3.12/site-packages/airflow/example_dags/example_kubernetes_executor.py took 0.185 seconds
[2024-07-07T21:15:01.601+0000] {processor.py:161} INFO - Started process (PID=177) to work on /home/airflow/.local/lib/python3.12/site-packages/airflow/example_dags/example_kubernetes_executor.py
[2024-07-07T21:15:01.602+0000] {processor.py:830} INFO - Processing file /home/airflow/.local/lib/python3.12/site-packages/airflow/example_dags/example_kubernetes_executor.py for tasks to queue
[2024-07-07T21:15:01.604+0000] {logging_mixin.py:188} INFO - [2024-07-07T21:15:01.604+0000] {dagbag.py:545} INFO - Filling up the DagBag from /home/airflow/.local/lib/python3.12/site-packages/airflow/example_dags/example_kubernetes_executor.py
[2024-07-07T21:15:01.620+0000] {processor.py:840} INFO - DAG(s) 'example_kubernetes_executor' retrieved from /home/airflow/.local/lib/python3.12/site-packages/airflow/example_dags/example_kubernetes_executor.py
[2024-07-07T21:15:01.659+0000] {logging_mixin.py:188} INFO - [2024-07-07T21:15:01.659+0000] {dag.py:3096} INFO - Sync 1 DAGs
[2024-07-07T21:15:01.671+0000] {logging_mixin.py:188} INFO - [2024-07-07T21:15:01.671+0000] {dag.py:3954} INFO - Setting next_dagrun for example_kubernetes_executor to None, run_after=None
[2024-07-07T21:15:01.688+0000] {processor.py:183} INFO - Processing /home/airflow/.local/lib/python3.12/site-packages/airflow/example_dags/example_kubernetes_executor.py took 0.092 seconds
