[2024-07-07T21:13:59.468+0000] {processor.py:161} INFO - Started process (PID=51) to work on /home/airflow/.local/lib/python3.12/site-packages/airflow/example_dags/example_branch_operator_decorator.py
[2024-07-07T21:13:59.469+0000] {processor.py:830} INFO - Processing file /home/airflow/.local/lib/python3.12/site-packages/airflow/example_dags/example_branch_operator_decorator.py for tasks to queue
[2024-07-07T21:13:59.470+0000] {logging_mixin.py:188} INFO - [2024-07-07T21:13:59.470+0000] {dagbag.py:545} INFO - Filling up the DagBag from /home/airflow/.local/lib/python3.12/site-packages/airflow/example_dags/example_branch_operator_decorator.py
[2024-07-07T21:13:59.499+0000] {processor.py:840} INFO - DAG(s) 'example_branch_python_operator_decorator' retrieved from /home/airflow/.local/lib/python3.12/site-packages/airflow/example_dags/example_branch_operator_decorator.py
[2024-07-07T21:13:59.663+0000] {logging_mixin.py:188} INFO - [2024-07-07T21:13:59.662+0000] {override.py:1829} INFO - Created Permission View: can delete on DAG:example_branch_python_operator_decorator
[2024-07-07T21:13:59.676+0000] {logging_mixin.py:188} INFO - [2024-07-07T21:13:59.675+0000] {override.py:1829} INFO - Created Permission View: can read on DAG:example_branch_python_operator_decorator
[2024-07-07T21:13:59.683+0000] {logging_mixin.py:188} INFO - [2024-07-07T21:13:59.682+0000] {override.py:1829} INFO - Created Permission View: can edit on DAG:example_branch_python_operator_decorator
[2024-07-07T21:13:59.683+0000] {logging_mixin.py:188} INFO - [2024-07-07T21:13:59.683+0000] {dag.py:3096} INFO - Sync 1 DAGs
[2024-07-07T21:13:59.695+0000] {logging_mixin.py:188} INFO - [2024-07-07T21:13:59.695+0000] {dag.py:3118} INFO - Creating ORM DAG for example_branch_python_operator_decorator
[2024-07-07T21:13:59.706+0000] {logging_mixin.py:188} INFO - [2024-07-07T21:13:59.706+0000] {dag.py:3954} INFO - Setting next_dagrun for example_branch_python_operator_decorator to 2024-07-06 00:00:00+00:00, run_after=2024-07-07 00:00:00+00:00
[2024-07-07T21:13:59.728+0000] {processor.py:183} INFO - Processing /home/airflow/.local/lib/python3.12/site-packages/airflow/example_dags/example_branch_operator_decorator.py took 0.267 seconds
[2024-07-07T21:14:30.373+0000] {processor.py:161} INFO - Started process (PID=109) to work on /home/airflow/.local/lib/python3.12/site-packages/airflow/example_dags/example_branch_operator_decorator.py
[2024-07-07T21:14:30.375+0000] {processor.py:830} INFO - Processing file /home/airflow/.local/lib/python3.12/site-packages/airflow/example_dags/example_branch_operator_decorator.py for tasks to queue
[2024-07-07T21:14:30.377+0000] {logging_mixin.py:188} INFO - [2024-07-07T21:14:30.376+0000] {dagbag.py:545} INFO - Filling up the DagBag from /home/airflow/.local/lib/python3.12/site-packages/airflow/example_dags/example_branch_operator_decorator.py
[2024-07-07T21:14:30.395+0000] {processor.py:840} INFO - DAG(s) 'example_branch_python_operator_decorator' retrieved from /home/airflow/.local/lib/python3.12/site-packages/airflow/example_dags/example_branch_operator_decorator.py
[2024-07-07T21:14:30.427+0000] {logging_mixin.py:188} INFO - [2024-07-07T21:14:30.426+0000] {dag.py:3096} INFO - Sync 1 DAGs
[2024-07-07T21:14:30.448+0000] {logging_mixin.py:188} INFO - [2024-07-07T21:14:30.447+0000] {dag.py:3954} INFO - Setting next_dagrun for example_branch_python_operator_decorator to 2024-07-06 00:00:00+00:00, run_after=2024-07-07 00:00:00+00:00
[2024-07-07T21:14:30.465+0000] {processor.py:183} INFO - Processing /home/airflow/.local/lib/python3.12/site-packages/airflow/example_dags/example_branch_operator_decorator.py took 0.096 seconds
[2024-07-07T21:15:01.029+0000] {processor.py:161} INFO - Started process (PID=168) to work on /home/airflow/.local/lib/python3.12/site-packages/airflow/example_dags/example_branch_operator_decorator.py
[2024-07-07T21:15:01.030+0000] {processor.py:830} INFO - Processing file /home/airflow/.local/lib/python3.12/site-packages/airflow/example_dags/example_branch_operator_decorator.py for tasks to queue
[2024-07-07T21:15:01.032+0000] {logging_mixin.py:188} INFO - [2024-07-07T21:15:01.032+0000] {dagbag.py:545} INFO - Filling up the DagBag from /home/airflow/.local/lib/python3.12/site-packages/airflow/example_dags/example_branch_operator_decorator.py
[2024-07-07T21:15:01.054+0000] {processor.py:840} INFO - DAG(s) 'example_branch_python_operator_decorator' retrieved from /home/airflow/.local/lib/python3.12/site-packages/airflow/example_dags/example_branch_operator_decorator.py
[2024-07-07T21:15:01.083+0000] {logging_mixin.py:188} INFO - [2024-07-07T21:15:01.083+0000] {dag.py:3096} INFO - Sync 1 DAGs
[2024-07-07T21:15:01.109+0000] {logging_mixin.py:188} INFO - [2024-07-07T21:15:01.109+0000] {dag.py:3954} INFO - Setting next_dagrun for example_branch_python_operator_decorator to 2024-07-06 00:00:00+00:00, run_after=2024-07-07 00:00:00+00:00
[2024-07-07T21:15:01.130+0000] {processor.py:183} INFO - Processing /home/airflow/.local/lib/python3.12/site-packages/airflow/example_dags/example_branch_operator_decorator.py took 0.105 seconds
[2024-07-07T21:15:31.409+0000] {processor.py:161} INFO - Started process (PID=226) to work on /home/airflow/.local/lib/python3.12/site-packages/airflow/example_dags/example_branch_operator_decorator.py
[2024-07-07T21:15:31.410+0000] {processor.py:830} INFO - Processing file /home/airflow/.local/lib/python3.12/site-packages/airflow/example_dags/example_branch_operator_decorator.py for tasks to queue
[2024-07-07T21:15:31.412+0000] {logging_mixin.py:188} INFO - [2024-07-07T21:15:31.411+0000] {dagbag.py:545} INFO - Filling up the DagBag from /home/airflow/.local/lib/python3.12/site-packages/airflow/example_dags/example_branch_operator_decorator.py
[2024-07-07T21:15:31.437+0000] {processor.py:840} INFO - DAG(s) 'example_branch_python_operator_decorator' retrieved from /home/airflow/.local/lib/python3.12/site-packages/airflow/example_dags/example_branch_operator_decorator.py
[2024-07-07T21:15:31.468+0000] {logging_mixin.py:188} INFO - [2024-07-07T21:15:31.468+0000] {dag.py:3096} INFO - Sync 1 DAGs
[2024-07-07T21:15:31.545+0000] {logging_mixin.py:188} INFO - [2024-07-07T21:15:31.544+0000] {dag.py:3954} INFO - Setting next_dagrun for example_branch_python_operator_decorator to 2024-07-06 00:00:00+00:00, run_after=2024-07-07 00:00:00+00:00
[2024-07-07T21:15:31.658+0000] {processor.py:183} INFO - Processing /home/airflow/.local/lib/python3.12/site-packages/airflow/example_dags/example_branch_operator_decorator.py took 0.255 seconds
