[2024-07-07T21:13:57.435+0000] {processor.py:161} INFO - Started process (PID=38) to work on /home/airflow/.local/lib/python3.12/site-packages/airflow/example_dags/example_branch_day_of_week_operator.py
[2024-07-07T21:13:57.440+0000] {processor.py:830} INFO - Processing file /home/airflow/.local/lib/python3.12/site-packages/airflow/example_dags/example_branch_day_of_week_operator.py for tasks to queue
[2024-07-07T21:13:57.442+0000] {logging_mixin.py:188} INFO - [2024-07-07T21:13:57.441+0000] {dagbag.py:545} INFO - Filling up the DagBag from /home/airflow/.local/lib/python3.12/site-packages/airflow/example_dags/example_branch_day_of_week_operator.py
[2024-07-07T21:13:57.451+0000] {processor.py:840} INFO - DAG(s) 'example_weekday_branch_operator' retrieved from /home/airflow/.local/lib/python3.12/site-packages/airflow/example_dags/example_branch_day_of_week_operator.py
[2024-07-07T21:13:57.578+0000] {logging_mixin.py:188} INFO - [2024-07-07T21:13:57.577+0000] {override.py:1829} INFO - Created Permission View: can delete on DAG:example_weekday_branch_operator
[2024-07-07T21:13:57.601+0000] {logging_mixin.py:188} INFO - [2024-07-07T21:13:57.600+0000] {override.py:1829} INFO - Created Permission View: can read on DAG:example_weekday_branch_operator
[2024-07-07T21:13:57.613+0000] {logging_mixin.py:188} INFO - [2024-07-07T21:13:57.612+0000] {override.py:1829} INFO - Created Permission View: can edit on DAG:example_weekday_branch_operator
[2024-07-07T21:13:57.613+0000] {logging_mixin.py:188} INFO - [2024-07-07T21:13:57.613+0000] {dag.py:3096} INFO - Sync 1 DAGs
[2024-07-07T21:13:57.626+0000] {logging_mixin.py:188} INFO - [2024-07-07T21:13:57.625+0000] {dag.py:3118} INFO - Creating ORM DAG for example_weekday_branch_operator
[2024-07-07T21:13:57.643+0000] {logging_mixin.py:188} INFO - [2024-07-07T21:13:57.643+0000] {dag.py:3954} INFO - Setting next_dagrun for example_weekday_branch_operator to 2024-07-06 00:00:00+00:00, run_after=2024-07-07 00:00:00+00:00
[2024-07-07T21:13:57.661+0000] {processor.py:183} INFO - Processing /home/airflow/.local/lib/python3.12/site-packages/airflow/example_dags/example_branch_day_of_week_operator.py took 0.246 seconds
[2024-07-07T21:14:27.726+0000] {processor.py:161} INFO - Started process (PID=96) to work on /home/airflow/.local/lib/python3.12/site-packages/airflow/example_dags/example_branch_day_of_week_operator.py
[2024-07-07T21:14:27.727+0000] {processor.py:830} INFO - Processing file /home/airflow/.local/lib/python3.12/site-packages/airflow/example_dags/example_branch_day_of_week_operator.py for tasks to queue
[2024-07-07T21:14:27.729+0000] {logging_mixin.py:188} INFO - [2024-07-07T21:14:27.728+0000] {dagbag.py:545} INFO - Filling up the DagBag from /home/airflow/.local/lib/python3.12/site-packages/airflow/example_dags/example_branch_day_of_week_operator.py
[2024-07-07T21:14:27.736+0000] {processor.py:840} INFO - DAG(s) 'example_weekday_branch_operator' retrieved from /home/airflow/.local/lib/python3.12/site-packages/airflow/example_dags/example_branch_day_of_week_operator.py
[2024-07-07T21:14:27.755+0000] {logging_mixin.py:188} INFO - [2024-07-07T21:14:27.755+0000] {dag.py:3096} INFO - Sync 1 DAGs
[2024-07-07T21:14:27.780+0000] {logging_mixin.py:188} INFO - [2024-07-07T21:14:27.780+0000] {dag.py:3954} INFO - Setting next_dagrun for example_weekday_branch_operator to 2024-07-06 00:00:00+00:00, run_after=2024-07-07 00:00:00+00:00
[2024-07-07T21:14:27.801+0000] {processor.py:183} INFO - Processing /home/airflow/.local/lib/python3.12/site-packages/airflow/example_dags/example_branch_day_of_week_operator.py took 0.080 seconds
[2024-07-07T21:14:58.372+0000] {processor.py:161} INFO - Started process (PID=155) to work on /home/airflow/.local/lib/python3.12/site-packages/airflow/example_dags/example_branch_day_of_week_operator.py
[2024-07-07T21:14:58.373+0000] {processor.py:830} INFO - Processing file /home/airflow/.local/lib/python3.12/site-packages/airflow/example_dags/example_branch_day_of_week_operator.py for tasks to queue
[2024-07-07T21:14:58.374+0000] {logging_mixin.py:188} INFO - [2024-07-07T21:14:58.374+0000] {dagbag.py:545} INFO - Filling up the DagBag from /home/airflow/.local/lib/python3.12/site-packages/airflow/example_dags/example_branch_day_of_week_operator.py
[2024-07-07T21:14:58.380+0000] {processor.py:840} INFO - DAG(s) 'example_weekday_branch_operator' retrieved from /home/airflow/.local/lib/python3.12/site-packages/airflow/example_dags/example_branch_day_of_week_operator.py
[2024-07-07T21:14:58.397+0000] {logging_mixin.py:188} INFO - [2024-07-07T21:14:58.397+0000] {dag.py:3096} INFO - Sync 1 DAGs
[2024-07-07T21:14:58.419+0000] {logging_mixin.py:188} INFO - [2024-07-07T21:14:58.419+0000] {dag.py:3954} INFO - Setting next_dagrun for example_weekday_branch_operator to 2024-07-06 00:00:00+00:00, run_after=2024-07-07 00:00:00+00:00
[2024-07-07T21:14:58.436+0000] {processor.py:183} INFO - Processing /home/airflow/.local/lib/python3.12/site-packages/airflow/example_dags/example_branch_day_of_week_operator.py took 0.068 seconds
[2024-07-07T21:15:28.533+0000] {processor.py:161} INFO - Started process (PID=213) to work on /home/airflow/.local/lib/python3.12/site-packages/airflow/example_dags/example_branch_day_of_week_operator.py
[2024-07-07T21:15:28.534+0000] {processor.py:830} INFO - Processing file /home/airflow/.local/lib/python3.12/site-packages/airflow/example_dags/example_branch_day_of_week_operator.py for tasks to queue
[2024-07-07T21:15:28.536+0000] {logging_mixin.py:188} INFO - [2024-07-07T21:15:28.535+0000] {dagbag.py:545} INFO - Filling up the DagBag from /home/airflow/.local/lib/python3.12/site-packages/airflow/example_dags/example_branch_day_of_week_operator.py
[2024-07-07T21:15:28.542+0000] {processor.py:840} INFO - DAG(s) 'example_weekday_branch_operator' retrieved from /home/airflow/.local/lib/python3.12/site-packages/airflow/example_dags/example_branch_day_of_week_operator.py
[2024-07-07T21:15:28.559+0000] {logging_mixin.py:188} INFO - [2024-07-07T21:15:28.559+0000] {dag.py:3096} INFO - Sync 1 DAGs
[2024-07-07T21:15:28.580+0000] {logging_mixin.py:188} INFO - [2024-07-07T21:15:28.580+0000] {dag.py:3954} INFO - Setting next_dagrun for example_weekday_branch_operator to 2024-07-06 00:00:00+00:00, run_after=2024-07-07 00:00:00+00:00
[2024-07-07T21:15:28.598+0000] {processor.py:183} INFO - Processing /home/airflow/.local/lib/python3.12/site-packages/airflow/example_dags/example_branch_day_of_week_operator.py took 0.069 seconds
