[2024-07-07T21:13:55.643+0000] {processor.py:161} INFO - Started process (PID=28) to work on /home/airflow/.local/lib/python3.12/site-packages/airflow/example_dags/example_task_group_decorator.py
[2024-07-07T21:13:55.650+0000] {processor.py:830} INFO - Processing file /home/airflow/.local/lib/python3.12/site-packages/airflow/example_dags/example_task_group_decorator.py for tasks to queue
[2024-07-07T21:13:55.652+0000] {logging_mixin.py:188} INFO - [2024-07-07T21:13:55.651+0000] {dagbag.py:545} INFO - Filling up the DagBag from /home/airflow/.local/lib/python3.12/site-packages/airflow/example_dags/example_task_group_decorator.py
[2024-07-07T21:13:55.676+0000] {processor.py:840} INFO - DAG(s) 'example_task_group_decorator' retrieved from /home/airflow/.local/lib/python3.12/site-packages/airflow/example_dags/example_task_group_decorator.py
[2024-07-07T21:13:55.909+0000] {logging_mixin.py:188} INFO - [2024-07-07T21:13:55.907+0000] {override.py:1829} INFO - Created Permission View: can delete on DAG:example_task_group_decorator
[2024-07-07T21:13:55.923+0000] {logging_mixin.py:188} INFO - [2024-07-07T21:13:55.923+0000] {override.py:1829} INFO - Created Permission View: can read on DAG:example_task_group_decorator
[2024-07-07T21:13:55.929+0000] {logging_mixin.py:188} INFO - [2024-07-07T21:13:55.929+0000] {override.py:1829} INFO - Created Permission View: can edit on DAG:example_task_group_decorator
[2024-07-07T21:13:55.930+0000] {logging_mixin.py:188} INFO - [2024-07-07T21:13:55.930+0000] {dag.py:3096} INFO - Sync 1 DAGs
[2024-07-07T21:13:55.948+0000] {logging_mixin.py:188} INFO - [2024-07-07T21:13:55.948+0000] {dag.py:3118} INFO - Creating ORM DAG for example_task_group_decorator
[2024-07-07T21:13:55.960+0000] {logging_mixin.py:188} INFO - [2024-07-07T21:13:55.960+0000] {dag.py:3954} INFO - Setting next_dagrun for example_task_group_decorator to 2024-07-06 00:00:00+00:00, run_after=2024-07-07 00:00:00+00:00
[2024-07-07T21:13:55.980+0000] {processor.py:183} INFO - Processing /home/airflow/.local/lib/python3.12/site-packages/airflow/example_dags/example_task_group_decorator.py took 0.348 seconds
[2024-07-07T21:14:26.023+0000] {processor.py:161} INFO - Started process (PID=86) to work on /home/airflow/.local/lib/python3.12/site-packages/airflow/example_dags/example_task_group_decorator.py
[2024-07-07T21:14:26.024+0000] {processor.py:830} INFO - Processing file /home/airflow/.local/lib/python3.12/site-packages/airflow/example_dags/example_task_group_decorator.py for tasks to queue
[2024-07-07T21:14:26.037+0000] {logging_mixin.py:188} INFO - [2024-07-07T21:14:26.035+0000] {dagbag.py:545} INFO - Filling up the DagBag from /home/airflow/.local/lib/python3.12/site-packages/airflow/example_dags/example_task_group_decorator.py
[2024-07-07T21:14:26.071+0000] {processor.py:840} INFO - DAG(s) 'example_task_group_decorator' retrieved from /home/airflow/.local/lib/python3.12/site-packages/airflow/example_dags/example_task_group_decorator.py
[2024-07-07T21:14:26.116+0000] {logging_mixin.py:188} INFO - [2024-07-07T21:14:26.116+0000] {dag.py:3096} INFO - Sync 1 DAGs
[2024-07-07T21:14:26.162+0000] {logging_mixin.py:188} INFO - [2024-07-07T21:14:26.162+0000] {dag.py:3954} INFO - Setting next_dagrun for example_task_group_decorator to 2024-07-06 00:00:00+00:00, run_after=2024-07-07 00:00:00+00:00
[2024-07-07T21:14:26.197+0000] {processor.py:183} INFO - Processing /home/airflow/.local/lib/python3.12/site-packages/airflow/example_dags/example_task_group_decorator.py took 0.180 seconds
[2024-07-07T21:14:56.737+0000] {processor.py:161} INFO - Started process (PID=145) to work on /home/airflow/.local/lib/python3.12/site-packages/airflow/example_dags/example_task_group_decorator.py
[2024-07-07T21:14:56.738+0000] {processor.py:830} INFO - Processing file /home/airflow/.local/lib/python3.12/site-packages/airflow/example_dags/example_task_group_decorator.py for tasks to queue
[2024-07-07T21:14:56.740+0000] {logging_mixin.py:188} INFO - [2024-07-07T21:14:56.740+0000] {dagbag.py:545} INFO - Filling up the DagBag from /home/airflow/.local/lib/python3.12/site-packages/airflow/example_dags/example_task_group_decorator.py
[2024-07-07T21:14:56.754+0000] {processor.py:840} INFO - DAG(s) 'example_task_group_decorator' retrieved from /home/airflow/.local/lib/python3.12/site-packages/airflow/example_dags/example_task_group_decorator.py
[2024-07-07T21:14:56.781+0000] {logging_mixin.py:188} INFO - [2024-07-07T21:14:56.780+0000] {dag.py:3096} INFO - Sync 1 DAGs
[2024-07-07T21:14:56.804+0000] {logging_mixin.py:188} INFO - [2024-07-07T21:14:56.804+0000] {dag.py:3954} INFO - Setting next_dagrun for example_task_group_decorator to 2024-07-06 00:00:00+00:00, run_after=2024-07-07 00:00:00+00:00
[2024-07-07T21:14:56.831+0000] {processor.py:183} INFO - Processing /home/airflow/.local/lib/python3.12/site-packages/airflow/example_dags/example_task_group_decorator.py took 0.099 seconds
[2024-07-07T21:15:26.935+0000] {processor.py:161} INFO - Started process (PID=203) to work on /home/airflow/.local/lib/python3.12/site-packages/airflow/example_dags/example_task_group_decorator.py
[2024-07-07T21:15:26.936+0000] {processor.py:830} INFO - Processing file /home/airflow/.local/lib/python3.12/site-packages/airflow/example_dags/example_task_group_decorator.py for tasks to queue
[2024-07-07T21:15:26.938+0000] {logging_mixin.py:188} INFO - [2024-07-07T21:15:26.937+0000] {dagbag.py:545} INFO - Filling up the DagBag from /home/airflow/.local/lib/python3.12/site-packages/airflow/example_dags/example_task_group_decorator.py
[2024-07-07T21:15:26.954+0000] {processor.py:840} INFO - DAG(s) 'example_task_group_decorator' retrieved from /home/airflow/.local/lib/python3.12/site-packages/airflow/example_dags/example_task_group_decorator.py
[2024-07-07T21:15:26.977+0000] {logging_mixin.py:188} INFO - [2024-07-07T21:15:26.977+0000] {dag.py:3096} INFO - Sync 1 DAGs
[2024-07-07T21:15:26.997+0000] {logging_mixin.py:188} INFO - [2024-07-07T21:15:26.997+0000] {dag.py:3954} INFO - Setting next_dagrun for example_task_group_decorator to 2024-07-06 00:00:00+00:00, run_after=2024-07-07 00:00:00+00:00
[2024-07-07T21:15:27.016+0000] {processor.py:183} INFO - Processing /home/airflow/.local/lib/python3.12/site-packages/airflow/example_dags/example_task_group_decorator.py took 0.087 seconds
