[2024-07-07T21:13:56.013+0000] {processor.py:161} INFO - Started process (PID=30) to work on /home/airflow/.local/lib/python3.12/site-packages/airflow/example_dags/example_complex.py
[2024-07-07T21:13:56.013+0000] {processor.py:830} INFO - Processing file /home/airflow/.local/lib/python3.12/site-packages/airflow/example_dags/example_complex.py for tasks to queue
[2024-07-07T21:13:56.015+0000] {logging_mixin.py:188} INFO - [2024-07-07T21:13:56.015+0000] {dagbag.py:545} INFO - Filling up the DagBag from /home/airflow/.local/lib/python3.12/site-packages/airflow/example_dags/example_complex.py
[2024-07-07T21:13:56.035+0000] {processor.py:840} INFO - DAG(s) 'example_complex' retrieved from /home/airflow/.local/lib/python3.12/site-packages/airflow/example_dags/example_complex.py
[2024-07-07T21:13:56.223+0000] {logging_mixin.py:188} INFO - [2024-07-07T21:13:56.222+0000] {override.py:1829} INFO - Created Permission View: can delete on DAG:example_complex
[2024-07-07T21:13:56.253+0000] {logging_mixin.py:188} INFO - [2024-07-07T21:13:56.252+0000] {override.py:1829} INFO - Created Permission View: can read on DAG:example_complex
[2024-07-07T21:13:56.270+0000] {logging_mixin.py:188} INFO - [2024-07-07T21:13:56.270+0000] {override.py:1829} INFO - Created Permission View: can edit on DAG:example_complex
[2024-07-07T21:13:56.271+0000] {logging_mixin.py:188} INFO - [2024-07-07T21:13:56.271+0000] {dag.py:3096} INFO - Sync 1 DAGs
[2024-07-07T21:13:56.300+0000] {logging_mixin.py:188} INFO - [2024-07-07T21:13:56.300+0000] {dag.py:3118} INFO - Creating ORM DAG for example_complex
[2024-07-07T21:13:56.301+0000] {logging_mixin.py:188} INFO - [2024-07-07T21:13:56.301+0000] {dag.py:3954} INFO - Setting next_dagrun for example_complex to None, run_after=None
[2024-07-07T21:13:56.456+0000] {processor.py:183} INFO - Processing /home/airflow/.local/lib/python3.12/site-packages/airflow/example_dags/example_complex.py took 0.450 seconds
[2024-07-07T21:14:27.255+0000] {processor.py:161} INFO - Started process (PID=88) to work on /home/airflow/.local/lib/python3.12/site-packages/airflow/example_dags/example_complex.py
[2024-07-07T21:14:27.270+0000] {processor.py:830} INFO - Processing file /home/airflow/.local/lib/python3.12/site-packages/airflow/example_dags/example_complex.py for tasks to queue
[2024-07-07T21:14:27.272+0000] {logging_mixin.py:188} INFO - [2024-07-07T21:14:27.271+0000] {dagbag.py:545} INFO - Filling up the DagBag from /home/airflow/.local/lib/python3.12/site-packages/airflow/example_dags/example_complex.py
[2024-07-07T21:14:27.284+0000] {processor.py:840} INFO - DAG(s) 'example_complex' retrieved from /home/airflow/.local/lib/python3.12/site-packages/airflow/example_dags/example_complex.py
[2024-07-07T21:14:27.328+0000] {logging_mixin.py:188} INFO - [2024-07-07T21:14:27.328+0000] {dag.py:3096} INFO - Sync 1 DAGs
[2024-07-07T21:14:27.343+0000] {logging_mixin.py:188} INFO - [2024-07-07T21:14:27.343+0000] {dag.py:3954} INFO - Setting next_dagrun for example_complex to None, run_after=None
[2024-07-07T21:14:27.364+0000] {processor.py:183} INFO - Processing /home/airflow/.local/lib/python3.12/site-packages/airflow/example_dags/example_complex.py took 0.113 seconds
[2024-07-07T21:14:57.874+0000] {processor.py:161} INFO - Started process (PID=147) to work on /home/airflow/.local/lib/python3.12/site-packages/airflow/example_dags/example_complex.py
[2024-07-07T21:14:57.874+0000] {processor.py:830} INFO - Processing file /home/airflow/.local/lib/python3.12/site-packages/airflow/example_dags/example_complex.py for tasks to queue
[2024-07-07T21:14:57.876+0000] {logging_mixin.py:188} INFO - [2024-07-07T21:14:57.876+0000] {dagbag.py:545} INFO - Filling up the DagBag from /home/airflow/.local/lib/python3.12/site-packages/airflow/example_dags/example_complex.py
[2024-07-07T21:14:57.886+0000] {processor.py:840} INFO - DAG(s) 'example_complex' retrieved from /home/airflow/.local/lib/python3.12/site-packages/airflow/example_dags/example_complex.py
[2024-07-07T21:14:57.915+0000] {logging_mixin.py:188} INFO - [2024-07-07T21:14:57.914+0000] {dag.py:3096} INFO - Sync 1 DAGs
[2024-07-07T21:14:57.926+0000] {logging_mixin.py:188} INFO - [2024-07-07T21:14:57.926+0000] {dag.py:3954} INFO - Setting next_dagrun for example_complex to None, run_after=None
[2024-07-07T21:14:57.947+0000] {processor.py:183} INFO - Processing /home/airflow/.local/lib/python3.12/site-packages/airflow/example_dags/example_complex.py took 0.078 seconds
[2024-07-07T21:15:28.052+0000] {processor.py:161} INFO - Started process (PID=205) to work on /home/airflow/.local/lib/python3.12/site-packages/airflow/example_dags/example_complex.py
[2024-07-07T21:15:28.053+0000] {processor.py:830} INFO - Processing file /home/airflow/.local/lib/python3.12/site-packages/airflow/example_dags/example_complex.py for tasks to queue
[2024-07-07T21:15:28.054+0000] {logging_mixin.py:188} INFO - [2024-07-07T21:15:28.054+0000] {dagbag.py:545} INFO - Filling up the DagBag from /home/airflow/.local/lib/python3.12/site-packages/airflow/example_dags/example_complex.py
[2024-07-07T21:15:28.064+0000] {processor.py:840} INFO - DAG(s) 'example_complex' retrieved from /home/airflow/.local/lib/python3.12/site-packages/airflow/example_dags/example_complex.py
[2024-07-07T21:15:28.096+0000] {logging_mixin.py:188} INFO - [2024-07-07T21:15:28.096+0000] {dag.py:3096} INFO - Sync 1 DAGs
[2024-07-07T21:15:28.110+0000] {logging_mixin.py:188} INFO - [2024-07-07T21:15:28.109+0000] {dag.py:3954} INFO - Setting next_dagrun for example_complex to None, run_after=None
[2024-07-07T21:15:28.160+0000] {processor.py:183} INFO - Processing /home/airflow/.local/lib/python3.12/site-packages/airflow/example_dags/example_complex.py took 0.112 seconds
