[2024-07-07T21:14:01.610+0000] {processor.py:161} INFO - Started process (PID=69) to work on /home/airflow/.local/lib/python3.12/site-packages/airflow/example_dags/example_display_name.py
[2024-07-07T21:14:01.611+0000] {processor.py:830} INFO - Processing file /home/airflow/.local/lib/python3.12/site-packages/airflow/example_dags/example_display_name.py for tasks to queue
[2024-07-07T21:14:01.612+0000] {logging_mixin.py:188} INFO - [2024-07-07T21:14:01.612+0000] {dagbag.py:545} INFO - Filling up the DagBag from /home/airflow/.local/lib/python3.12/site-packages/airflow/example_dags/example_display_name.py
[2024-07-07T21:14:01.618+0000] {processor.py:840} INFO - DAG(s) 'example_display_name' retrieved from /home/airflow/.local/lib/python3.12/site-packages/airflow/example_dags/example_display_name.py
[2024-07-07T21:14:01.710+0000] {logging_mixin.py:188} INFO - [2024-07-07T21:14:01.710+0000] {override.py:1829} INFO - Created Permission View: can delete on DAG:example_display_name
[2024-07-07T21:14:01.719+0000] {logging_mixin.py:188} INFO - [2024-07-07T21:14:01.719+0000] {override.py:1829} INFO - Created Permission View: can read on DAG:example_display_name
[2024-07-07T21:14:01.726+0000] {logging_mixin.py:188} INFO - [2024-07-07T21:14:01.725+0000] {override.py:1829} INFO - Created Permission View: can edit on DAG:example_display_name
[2024-07-07T21:14:01.726+0000] {logging_mixin.py:188} INFO - [2024-07-07T21:14:01.726+0000] {dag.py:3096} INFO - Sync 1 DAGs
[2024-07-07T21:14:01.736+0000] {logging_mixin.py:188} INFO - [2024-07-07T21:14:01.736+0000] {dag.py:3118} INFO - Creating ORM DAG for example_display_name
[2024-07-07T21:14:01.737+0000] {logging_mixin.py:188} INFO - [2024-07-07T21:14:01.737+0000] {dag.py:3954} INFO - Setting next_dagrun for example_display_name to None, run_after=None
[2024-07-07T21:14:01.756+0000] {processor.py:183} INFO - Processing /home/airflow/.local/lib/python3.12/site-packages/airflow/example_dags/example_display_name.py took 0.151 seconds
[2024-07-07T21:14:32.701+0000] {processor.py:161} INFO - Started process (PID=127) to work on /home/airflow/.local/lib/python3.12/site-packages/airflow/example_dags/example_display_name.py
[2024-07-07T21:14:32.702+0000] {processor.py:830} INFO - Processing file /home/airflow/.local/lib/python3.12/site-packages/airflow/example_dags/example_display_name.py for tasks to queue
[2024-07-07T21:14:32.703+0000] {logging_mixin.py:188} INFO - [2024-07-07T21:14:32.703+0000] {dagbag.py:545} INFO - Filling up the DagBag from /home/airflow/.local/lib/python3.12/site-packages/airflow/example_dags/example_display_name.py
[2024-07-07T21:14:32.708+0000] {processor.py:840} INFO - DAG(s) 'example_display_name' retrieved from /home/airflow/.local/lib/python3.12/site-packages/airflow/example_dags/example_display_name.py
[2024-07-07T21:14:32.725+0000] {logging_mixin.py:188} INFO - [2024-07-07T21:14:32.725+0000] {dag.py:3096} INFO - Sync 1 DAGs
[2024-07-07T21:14:32.737+0000] {logging_mixin.py:188} INFO - [2024-07-07T21:14:32.736+0000] {dag.py:3954} INFO - Setting next_dagrun for example_display_name to None, run_after=None
[2024-07-07T21:14:32.757+0000] {processor.py:183} INFO - Processing /home/airflow/.local/lib/python3.12/site-packages/airflow/example_dags/example_display_name.py took 0.060 seconds
[2024-07-07T21:15:03.298+0000] {processor.py:161} INFO - Started process (PID=186) to work on /home/airflow/.local/lib/python3.12/site-packages/airflow/example_dags/example_display_name.py
[2024-07-07T21:15:03.299+0000] {processor.py:830} INFO - Processing file /home/airflow/.local/lib/python3.12/site-packages/airflow/example_dags/example_display_name.py for tasks to queue
[2024-07-07T21:15:03.302+0000] {logging_mixin.py:188} INFO - [2024-07-07T21:15:03.301+0000] {dagbag.py:545} INFO - Filling up the DagBag from /home/airflow/.local/lib/python3.12/site-packages/airflow/example_dags/example_display_name.py
[2024-07-07T21:15:03.310+0000] {processor.py:840} INFO - DAG(s) 'example_display_name' retrieved from /home/airflow/.local/lib/python3.12/site-packages/airflow/example_dags/example_display_name.py
[2024-07-07T21:15:03.335+0000] {logging_mixin.py:188} INFO - [2024-07-07T21:15:03.335+0000] {dag.py:3096} INFO - Sync 1 DAGs
[2024-07-07T21:15:03.361+0000] {logging_mixin.py:188} INFO - [2024-07-07T21:15:03.360+0000] {dag.py:3954} INFO - Setting next_dagrun for example_display_name to None, run_after=None
[2024-07-07T21:15:03.393+0000] {processor.py:183} INFO - Processing /home/airflow/.local/lib/python3.12/site-packages/airflow/example_dags/example_display_name.py took 0.100 seconds
