[2024-07-07T21:13:59.840+0000] {processor.py:161} INFO - Started process (PID=54) to work on /home/airflow/.local/lib/python3.12/site-packages/airflow/example_dags/tutorial_dag.py
[2024-07-07T21:13:59.841+0000] {processor.py:830} INFO - Processing file /home/airflow/.local/lib/python3.12/site-packages/airflow/example_dags/tutorial_dag.py for tasks to queue
[2024-07-07T21:13:59.843+0000] {logging_mixin.py:188} INFO - [2024-07-07T21:13:59.843+0000] {dagbag.py:545} INFO - Filling up the DagBag from /home/airflow/.local/lib/python3.12/site-packages/airflow/example_dags/tutorial_dag.py
[2024-07-07T21:13:59.850+0000] {processor.py:840} INFO - DAG(s) 'tutorial_dag' retrieved from /home/airflow/.local/lib/python3.12/site-packages/airflow/example_dags/tutorial_dag.py
[2024-07-07T21:13:59.963+0000] {logging_mixin.py:188} INFO - [2024-07-07T21:13:59.962+0000] {override.py:1829} INFO - Created Permission View: can delete on DAG:tutorial_dag
[2024-07-07T21:13:59.974+0000] {logging_mixin.py:188} INFO - [2024-07-07T21:13:59.974+0000] {override.py:1829} INFO - Created Permission View: can read on DAG:tutorial_dag
[2024-07-07T21:13:59.981+0000] {logging_mixin.py:188} INFO - [2024-07-07T21:13:59.980+0000] {override.py:1829} INFO - Created Permission View: can edit on DAG:tutorial_dag
[2024-07-07T21:13:59.981+0000] {logging_mixin.py:188} INFO - [2024-07-07T21:13:59.981+0000] {dag.py:3096} INFO - Sync 1 DAGs
[2024-07-07T21:13:59.992+0000] {logging_mixin.py:188} INFO - [2024-07-07T21:13:59.992+0000] {dag.py:3118} INFO - Creating ORM DAG for tutorial_dag
[2024-07-07T21:13:59.993+0000] {logging_mixin.py:188} INFO - [2024-07-07T21:13:59.993+0000] {dag.py:3954} INFO - Setting next_dagrun for tutorial_dag to None, run_after=None
[2024-07-07T21:14:00.018+0000] {processor.py:183} INFO - Processing /home/airflow/.local/lib/python3.12/site-packages/airflow/example_dags/tutorial_dag.py took 0.183 seconds
[2024-07-07T21:14:30.511+0000] {processor.py:161} INFO - Started process (PID=111) to work on /home/airflow/.local/lib/python3.12/site-packages/airflow/example_dags/tutorial_dag.py
[2024-07-07T21:14:30.513+0000] {processor.py:830} INFO - Processing file /home/airflow/.local/lib/python3.12/site-packages/airflow/example_dags/tutorial_dag.py for tasks to queue
[2024-07-07T21:14:30.514+0000] {logging_mixin.py:188} INFO - [2024-07-07T21:14:30.514+0000] {dagbag.py:545} INFO - Filling up the DagBag from /home/airflow/.local/lib/python3.12/site-packages/airflow/example_dags/tutorial_dag.py
[2024-07-07T21:14:30.519+0000] {processor.py:840} INFO - DAG(s) 'tutorial_dag' retrieved from /home/airflow/.local/lib/python3.12/site-packages/airflow/example_dags/tutorial_dag.py
[2024-07-07T21:14:30.538+0000] {logging_mixin.py:188} INFO - [2024-07-07T21:14:30.538+0000] {dag.py:3096} INFO - Sync 1 DAGs
[2024-07-07T21:14:30.553+0000] {logging_mixin.py:188} INFO - [2024-07-07T21:14:30.552+0000] {dag.py:3954} INFO - Setting next_dagrun for tutorial_dag to None, run_after=None
[2024-07-07T21:14:30.577+0000] {processor.py:183} INFO - Processing /home/airflow/.local/lib/python3.12/site-packages/airflow/example_dags/tutorial_dag.py took 0.071 seconds
[2024-07-07T21:15:01.178+0000] {processor.py:161} INFO - Started process (PID=171) to work on /home/airflow/.local/lib/python3.12/site-packages/airflow/example_dags/tutorial_dag.py
[2024-07-07T21:15:01.179+0000] {processor.py:830} INFO - Processing file /home/airflow/.local/lib/python3.12/site-packages/airflow/example_dags/tutorial_dag.py for tasks to queue
[2024-07-07T21:15:01.181+0000] {logging_mixin.py:188} INFO - [2024-07-07T21:15:01.181+0000] {dagbag.py:545} INFO - Filling up the DagBag from /home/airflow/.local/lib/python3.12/site-packages/airflow/example_dags/tutorial_dag.py
[2024-07-07T21:15:01.187+0000] {processor.py:840} INFO - DAG(s) 'tutorial_dag' retrieved from /home/airflow/.local/lib/python3.12/site-packages/airflow/example_dags/tutorial_dag.py
[2024-07-07T21:15:01.210+0000] {logging_mixin.py:188} INFO - [2024-07-07T21:15:01.209+0000] {dag.py:3096} INFO - Sync 1 DAGs
[2024-07-07T21:15:01.224+0000] {logging_mixin.py:188} INFO - [2024-07-07T21:15:01.224+0000] {dag.py:3954} INFO - Setting next_dagrun for tutorial_dag to None, run_after=None
[2024-07-07T21:15:01.250+0000] {processor.py:183} INFO - Processing /home/airflow/.local/lib/python3.12/site-packages/airflow/example_dags/tutorial_dag.py took 0.076 seconds
[2024-07-07T21:15:31.936+0000] {processor.py:161} INFO - Started process (PID=229) to work on /home/airflow/.local/lib/python3.12/site-packages/airflow/example_dags/tutorial_dag.py
[2024-07-07T21:15:31.938+0000] {processor.py:830} INFO - Processing file /home/airflow/.local/lib/python3.12/site-packages/airflow/example_dags/tutorial_dag.py for tasks to queue
[2024-07-07T21:15:31.941+0000] {logging_mixin.py:188} INFO - [2024-07-07T21:15:31.940+0000] {dagbag.py:545} INFO - Filling up the DagBag from /home/airflow/.local/lib/python3.12/site-packages/airflow/example_dags/tutorial_dag.py
[2024-07-07T21:15:31.960+0000] {processor.py:840} INFO - DAG(s) 'tutorial_dag' retrieved from /home/airflow/.local/lib/python3.12/site-packages/airflow/example_dags/tutorial_dag.py
[2024-07-07T21:15:32.041+0000] {logging_mixin.py:188} INFO - [2024-07-07T21:15:32.040+0000] {dag.py:3096} INFO - Sync 1 DAGs
[2024-07-07T21:15:32.056+0000] {logging_mixin.py:188} INFO - [2024-07-07T21:15:32.056+0000] {dag.py:3954} INFO - Setting next_dagrun for tutorial_dag to None, run_after=None
[2024-07-07T21:15:32.091+0000] {processor.py:183} INFO - Processing /home/airflow/.local/lib/python3.12/site-packages/airflow/example_dags/tutorial_dag.py took 0.169 seconds
