[2024-07-08T08:53:03.004+0000] {local_task_job_runner.py:120} INFO - ::group::Pre task execution logs
[2024-07-08T08:53:03.025+0000] {taskinstance.py:2076} INFO - Dependencies all met for dep_context=non-requeueable deps ti=<TaskInstance: DAG_9.print_hello scheduled__2024-07-08T08:52:00+00:00 [queued]>
[2024-07-08T08:53:03.032+0000] {taskinstance.py:2076} INFO - Dependencies all met for dep_context=requeueable deps ti=<TaskInstance: DAG_9.print_hello scheduled__2024-07-08T08:52:00+00:00 [queued]>
[2024-07-08T08:53:03.032+0000] {taskinstance.py:2306} INFO - Starting attempt 1 of 2
[2024-07-08T08:53:03.044+0000] {taskinstance.py:2330} INFO - Executing <Task(PythonOperator): print_hello> on 2024-07-08 08:52:00+00:00
[2024-07-08T08:53:03.052+0000] {warnings.py:112} WARNING - /home/***/.local/lib/python3.12/site-packages/***/task/task_runner/standard_task_runner.py:61: DeprecationWarning: This process (pid=672) is multi-threaded, use of fork() may lead to deadlocks in the child.
  pid = os.fork()

[2024-07-08T08:53:03.053+0000] {standard_task_runner.py:63} INFO - Started process 674 to run task
[2024-07-08T08:53:03.053+0000] {standard_task_runner.py:90} INFO - Running: ['***', 'tasks', 'run', 'DAG_9', 'print_hello', 'scheduled__2024-07-08T08:52:00+00:00', '--job-id', '9', '--raw', '--subdir', 'DAGS_FOLDER/dag9.py', '--cfg-path', '/tmp/tmpktwp1vk7']
[2024-07-08T08:53:03.055+0000] {standard_task_runner.py:91} INFO - Job 9: Subtask print_hello
[2024-07-08T08:53:03.093+0000] {task_command.py:426} INFO - Running <TaskInstance: DAG_9.print_hello scheduled__2024-07-08T08:52:00+00:00 [running]> on host 0ffcb94bda06
[2024-07-08T08:53:03.226+0000] {taskinstance.py:2648} INFO - Exporting env vars: AIRFLOW_CTX_DAG_OWNER='***' AIRFLOW_CTX_DAG_ID='DAG_9' AIRFLOW_CTX_TASK_ID='print_hello' AIRFLOW_CTX_EXECUTION_DATE='2024-07-08T08:52:00+00:00' AIRFLOW_CTX_TRY_NUMBER='1' AIRFLOW_CTX_DAG_RUN_ID='scheduled__2024-07-08T08:52:00+00:00'
[2024-07-08T08:53:03.241+0000] {taskinstance.py:430} INFO - ::endgroup::
[2024-07-08T08:53:03.242+0000] {logging_mixin.py:188} INFO - Hello, World! Its the 9th DAG
[2024-07-08T08:53:03.243+0000] {python.py:237} INFO - Done. Returned value was: None
[2024-07-08T08:53:03.244+0000] {taskinstance.py:441} INFO - ::group::Post task execution logs
[2024-07-08T08:53:03.261+0000] {taskinstance.py:1206} INFO - Marking task as SUCCESS. dag_id=DAG_9, task_id=print_hello, run_id=scheduled__2024-07-08T08:52:00+00:00, execution_date=20240708T085200, start_date=20240708T085303, end_date=20240708T085303
[2024-07-08T08:53:03.307+0000] {local_task_job_runner.py:240} INFO - Task exited with return code 0
[2024-07-08T08:53:03.321+0000] {taskinstance.py:3503} INFO - 0 downstream tasks scheduled from follow-on schedule check
[2024-07-08T08:53:03.324+0000] {local_task_job_runner.py:222} INFO - ::endgroup::
